
*** Running vivado
    with args -log RV32I.vds -m64 -product Vivado -mode batch -messageDb vivado.pb -notrace -source RV32I.tcl


****** Vivado v2020.2 (64-bit)
  **** SW Build 3064766 on Wed Nov 18 09:12:47 MST 2020
  **** IP Build 3064653 on Wed Nov 18 14:17:31 MST 2020
    ** Copyright 1986-2020 Xilinx, Inc. All Rights Reserved.

source RV32I.tcl -notrace
Command: synth_design -top RV32I -part xc7a35tcpg236-1
Starting synth_design
Attempting to get a license for feature 'Synthesis' and/or device 'xc7a35t'
INFO: [Common 17-349] Got license for feature 'Synthesis' and/or device 'xc7a35t'
INFO: [Device 21-403] Loading part xc7a35tcpg236-1
INFO: [Synth 8-7079] Multithreading enabled for synth_design using a maximum of 4 processes.
INFO: [Synth 8-7078] Launching helper process for spawning children vivado processes
INFO: [Synth 8-7075] Helper process launched with PID 172599
---------------------------------------------------------------------------------
Starting RTL Elaboration : Time (s): cpu = 00:00:02 ; elapsed = 00:00:02 . Memory (MB): peak = 2376.059 ; gain = 0.000 ; free physical = 949 ; free virtual = 5195
---------------------------------------------------------------------------------
INFO: [Synth 8-6157] synthesizing module 'RV32I' [/home/yonn/vivado_project/20240603_RV32I_CPU_GPIO/20240603_RV32I_CPU_GPIO.srcs/sources_1/imports/new/RV32I.sv:3]
INFO: [Synth 8-6157] synthesizing module 'CPU_core' [/home/yonn/vivado_project/20240603_RV32I_CPU_GPIO/20240603_RV32I_CPU_GPIO.srcs/sources_1/imports/new/CPU_core.sv:3]
INFO: [Synth 8-6157] synthesizing module 'ControlUnit' [/home/yonn/vivado_project/20240603_RV32I_CPU_GPIO/20240603_RV32I_CPU_GPIO.srcs/sources_1/imports/new/ControlUnit.sv:4]
INFO: [Synth 8-6155] done synthesizing module 'ControlUnit' (1#1) [/home/yonn/vivado_project/20240603_RV32I_CPU_GPIO/20240603_RV32I_CPU_GPIO.srcs/sources_1/imports/new/ControlUnit.sv:4]
INFO: [Synth 8-6157] synthesizing module 'DataPath' [/home/yonn/vivado_project/20240603_RV32I_CPU_GPIO/20240603_RV32I_CPU_GPIO.srcs/sources_1/imports/new/DataPath.sv:4]
INFO: [Synth 8-6157] synthesizing module 'RegisterFile' [/home/yonn/vivado_project/20240603_RV32I_CPU_GPIO/20240603_RV32I_CPU_GPIO.srcs/sources_1/imports/new/DataPath.sv:122]
INFO: [Synth 8-6155] done synthesizing module 'RegisterFile' (2#1) [/home/yonn/vivado_project/20240603_RV32I_CPU_GPIO/20240603_RV32I_CPU_GPIO.srcs/sources_1/imports/new/DataPath.sv:122]
INFO: [Synth 8-6157] synthesizing module 'mux_2x1' [/home/yonn/vivado_project/20240603_RV32I_CPU_GPIO/20240603_RV32I_CPU_GPIO.srcs/sources_1/imports/new/DataPath.sv:239]
INFO: [Synth 8-226] default block is never used [/home/yonn/vivado_project/20240603_RV32I_CPU_GPIO/20240603_RV32I_CPU_GPIO.srcs/sources_1/imports/new/DataPath.sv:247]
INFO: [Synth 8-6155] done synthesizing module 'mux_2x1' (3#1) [/home/yonn/vivado_project/20240603_RV32I_CPU_GPIO/20240603_RV32I_CPU_GPIO.srcs/sources_1/imports/new/DataPath.sv:239]
INFO: [Synth 8-6157] synthesizing module 'ALU' [/home/yonn/vivado_project/20240603_RV32I_CPU_GPIO/20240603_RV32I_CPU_GPIO.srcs/sources_1/imports/new/DataPath.sv:144]
INFO: [Synth 8-6155] done synthesizing module 'ALU' (4#1) [/home/yonn/vivado_project/20240603_RV32I_CPU_GPIO/20240603_RV32I_CPU_GPIO.srcs/sources_1/imports/new/DataPath.sv:144]
INFO: [Synth 8-6157] synthesizing module 'mux_4x1' [/home/yonn/vivado_project/20240603_RV32I_CPU_GPIO/20240603_RV32I_CPU_GPIO.srcs/sources_1/imports/new/DataPath.sv:256]
INFO: [Synth 8-226] default block is never used [/home/yonn/vivado_project/20240603_RV32I_CPU_GPIO/20240603_RV32I_CPU_GPIO.srcs/sources_1/imports/new/DataPath.sv:265]
INFO: [Synth 8-6155] done synthesizing module 'mux_4x1' (5#1) [/home/yonn/vivado_project/20240603_RV32I_CPU_GPIO/20240603_RV32I_CPU_GPIO.srcs/sources_1/imports/new/DataPath.sv:256]
INFO: [Synth 8-6157] synthesizing module 'extend' [/home/yonn/vivado_project/20240603_RV32I_CPU_GPIO/20240603_RV32I_CPU_GPIO.srcs/sources_1/imports/new/DataPath.sv:182]
INFO: [Synth 8-6155] done synthesizing module 'extend' (6#1) [/home/yonn/vivado_project/20240603_RV32I_CPU_GPIO/20240603_RV32I_CPU_GPIO.srcs/sources_1/imports/new/DataPath.sv:182]
INFO: [Synth 8-6157] synthesizing module 'Register' [/home/yonn/vivado_project/20240603_RV32I_CPU_GPIO/20240603_RV32I_CPU_GPIO.srcs/sources_1/imports/new/DataPath.sv:215]
INFO: [Synth 8-6155] done synthesizing module 'Register' (7#1) [/home/yonn/vivado_project/20240603_RV32I_CPU_GPIO/20240603_RV32I_CPU_GPIO.srcs/sources_1/imports/new/DataPath.sv:215]
INFO: [Synth 8-6157] synthesizing module 'adder' [/home/yonn/vivado_project/20240603_RV32I_CPU_GPIO/20240603_RV32I_CPU_GPIO.srcs/sources_1/imports/new/DataPath.sv:229]
INFO: [Synth 8-6155] done synthesizing module 'adder' (8#1) [/home/yonn/vivado_project/20240603_RV32I_CPU_GPIO/20240603_RV32I_CPU_GPIO.srcs/sources_1/imports/new/DataPath.sv:229]
INFO: [Synth 8-6155] done synthesizing module 'DataPath' (9#1) [/home/yonn/vivado_project/20240603_RV32I_CPU_GPIO/20240603_RV32I_CPU_GPIO.srcs/sources_1/imports/new/DataPath.sv:4]
INFO: [Synth 8-6155] done synthesizing module 'CPU_core' (10#1) [/home/yonn/vivado_project/20240603_RV32I_CPU_GPIO/20240603_RV32I_CPU_GPIO.srcs/sources_1/imports/new/CPU_core.sv:3]
INFO: [Synth 8-6157] synthesizing module 'Instruction_Memory' [/home/yonn/vivado_project/20240603_RV32I_CPU_GPIO/20240603_RV32I_CPU_GPIO.srcs/sources_1/imports/new/Instruction_Memory.sv:4]
INFO: [Synth 8-3876] $readmem data file 'inst.mem' is read successfully [/home/yonn/vivado_project/20240603_RV32I_CPU_GPIO/20240603_RV32I_CPU_GPIO.srcs/sources_1/imports/new/Instruction_Memory.sv:49]
INFO: [Synth 8-6155] done synthesizing module 'Instruction_Memory' (11#1) [/home/yonn/vivado_project/20240603_RV32I_CPU_GPIO/20240603_RV32I_CPU_GPIO.srcs/sources_1/imports/new/Instruction_Memory.sv:4]
INFO: [Synth 8-6157] synthesizing module 'Data_RAM' [/home/yonn/vivado_project/20240603_RV32I_CPU_GPIO/20240603_RV32I_CPU_GPIO.srcs/sources_1/imports/new/Data_RAM.sv:3]
INFO: [Synth 8-6155] done synthesizing module 'Data_RAM' (12#1) [/home/yonn/vivado_project/20240603_RV32I_CPU_GPIO/20240603_RV32I_CPU_GPIO.srcs/sources_1/imports/new/Data_RAM.sv:3]
INFO: [Synth 8-6157] synthesizing module 'BUS_interconntor' [/home/yonn/vivado_project/20240603_RV32I_CPU_GPIO/20240603_RV32I_CPU_GPIO.srcs/sources_1/imports/new/BUS_interconntor.sv:3]
INFO: [Synth 8-6157] synthesizing module 'decoder' [/home/yonn/vivado_project/20240603_RV32I_CPU_GPIO/20240603_RV32I_CPU_GPIO.srcs/sources_1/imports/new/BUS_interconntor.sv:26]
INFO: [Synth 8-6155] done synthesizing module 'decoder' (13#1) [/home/yonn/vivado_project/20240603_RV32I_CPU_GPIO/20240603_RV32I_CPU_GPIO.srcs/sources_1/imports/new/BUS_interconntor.sv:26]
INFO: [Synth 8-6157] synthesizing module 'mux' [/home/yonn/vivado_project/20240603_RV32I_CPU_GPIO/20240603_RV32I_CPU_GPIO.srcs/sources_1/imports/new/BUS_interconntor.sv:49]
INFO: [Synth 8-6155] done synthesizing module 'mux' (14#1) [/home/yonn/vivado_project/20240603_RV32I_CPU_GPIO/20240603_RV32I_CPU_GPIO.srcs/sources_1/imports/new/BUS_interconntor.sv:49]
INFO: [Synth 8-6155] done synthesizing module 'BUS_interconntor' (15#1) [/home/yonn/vivado_project/20240603_RV32I_CPU_GPIO/20240603_RV32I_CPU_GPIO.srcs/sources_1/imports/new/BUS_interconntor.sv:3]
INFO: [Synth 8-6157] synthesizing module 'GPIO' [/home/yonn/vivado_project/20240603_RV32I_CPU_GPIO/20240603_RV32I_CPU_GPIO.srcs/sources_1/new/GPIO.sv:3]
INFO: [Synth 8-6157] synthesizing module 'BUS_GPIO' [/home/yonn/vivado_project/20240603_RV32I_CPU_GPIO/20240603_RV32I_CPU_GPIO.srcs/sources_1/new/GPIO.sv:137]
INFO: [Synth 8-6157] synthesizing module 'decoder_GPIO' [/home/yonn/vivado_project/20240603_RV32I_CPU_GPIO/20240603_RV32I_CPU_GPIO.srcs/sources_1/new/GPIO.sv:172]
INFO: [Synth 8-6155] done synthesizing module 'decoder_GPIO' (16#1) [/home/yonn/vivado_project/20240603_RV32I_CPU_GPIO/20240603_RV32I_CPU_GPIO.srcs/sources_1/new/GPIO.sv:172]
INFO: [Synth 8-6157] synthesizing module 'mux_GPIO' [/home/yonn/vivado_project/20240603_RV32I_CPU_GPIO/20240603_RV32I_CPU_GPIO.srcs/sources_1/new/GPIO.sv:194]
INFO: [Synth 8-6155] done synthesizing module 'mux_GPIO' (17#1) [/home/yonn/vivado_project/20240603_RV32I_CPU_GPIO/20240603_RV32I_CPU_GPIO.srcs/sources_1/new/GPIO.sv:194]
INFO: [Synth 8-6155] done synthesizing module 'BUS_GPIO' (18#1) [/home/yonn/vivado_project/20240603_RV32I_CPU_GPIO/20240603_RV32I_CPU_GPIO.srcs/sources_1/new/GPIO.sv:137]
INFO: [Synth 8-6157] synthesizing module 'GPIOx' [/home/yonn/vivado_project/20240603_RV32I_CPU_GPIO/20240603_RV32I_CPU_GPIO.srcs/sources_1/new/GPIO.sv:223]
INFO: [Synth 8-155] case statement is not full and has no default [/home/yonn/vivado_project/20240603_RV32I_CPU_GPIO/20240603_RV32I_CPU_GPIO.srcs/sources_1/new/GPIO.sv:244]
INFO: [Synth 8-6155] done synthesizing module 'GPIOx' (19#1) [/home/yonn/vivado_project/20240603_RV32I_CPU_GPIO/20240603_RV32I_CPU_GPIO.srcs/sources_1/new/GPIO.sv:223]
INFO: [Synth 8-6155] done synthesizing module 'GPIO' (20#1) [/home/yonn/vivado_project/20240603_RV32I_CPU_GPIO/20240603_RV32I_CPU_GPIO.srcs/sources_1/new/GPIO.sv:3]
INFO: [Synth 8-6157] synthesizing module 'UART_Bus' [/home/yonn/vivado_project/20240603_RV32I_CPU_GPIO/20240603_RV32I_CPU_GPIO.srcs/sources_1/new/UART_Bus.sv:3]
INFO: [Synth 8-6157] synthesizing module 'BUS_UART' [/home/yonn/vivado_project/20240603_RV32I_CPU_GPIO/20240603_RV32I_CPU_GPIO.srcs/sources_1/new/UART_Bus.sv:57]
INFO: [Synth 8-6157] synthesizing module 'decoder_UART' [/home/yonn/vivado_project/20240603_RV32I_CPU_GPIO/20240603_RV32I_CPU_GPIO.srcs/sources_1/new/UART_Bus.sv:84]
INFO: [Synth 8-6155] done synthesizing module 'decoder_UART' (21#1) [/home/yonn/vivado_project/20240603_RV32I_CPU_GPIO/20240603_RV32I_CPU_GPIO.srcs/sources_1/new/UART_Bus.sv:84]
INFO: [Synth 8-6157] synthesizing module 'mux_UART' [/home/yonn/vivado_project/20240603_RV32I_CPU_GPIO/20240603_RV32I_CPU_GPIO.srcs/sources_1/new/UART_Bus.sv:102]
INFO: [Synth 8-6155] done synthesizing module 'mux_UART' (22#1) [/home/yonn/vivado_project/20240603_RV32I_CPU_GPIO/20240603_RV32I_CPU_GPIO.srcs/sources_1/new/UART_Bus.sv:102]
INFO: [Synth 8-6155] done synthesizing module 'BUS_UART' (23#1) [/home/yonn/vivado_project/20240603_RV32I_CPU_GPIO/20240603_RV32I_CPU_GPIO.srcs/sources_1/new/UART_Bus.sv:57]
INFO: [Synth 8-6157] synthesizing module 'uartx' [/home/yonn/vivado_project/20240603_RV32I_CPU_GPIO/20240603_RV32I_CPU_GPIO.srcs/sources_1/new/UART_Bus.sv:122]
INFO: [Synth 8-155] case statement is not full and has no default [/home/yonn/vivado_project/20240603_RV32I_CPU_GPIO/20240603_RV32I_CPU_GPIO.srcs/sources_1/new/UART_Bus.sv:151]
INFO: [Synth 8-6157] synthesizing module 'uart_fifo' [/home/yonn/vivado_project/20240603_RV32I_CPU_GPIO/20240603_RV32I_CPU_GPIO.srcs/sources_1/imports/sources_1/new/uartfifo.v:32]
INFO: [Synth 8-6157] synthesizing module 'FIFO' [/home/yonn/vivado_project/20240603_RV32I_CPU_GPIO/20240603_RV32I_CPU_GPIO.srcs/sources_1/imports/sources_1/imports/new/FIFO.v:2]
	Parameter ADDR_WIDTH bound to: 8 - type: integer 
	Parameter DATA_WIDTH bound to: 8 - type: integer 
INFO: [Synth 8-6157] synthesizing module 'register_file' [/home/yonn/vivado_project/20240603_RV32I_CPU_GPIO/20240603_RV32I_CPU_GPIO.srcs/sources_1/imports/sources_1/imports/new/FIFO.v:47]
	Parameter ADDR_WIDTH bound to: 8 - type: integer 
	Parameter DATA_WIDTH bound to: 8 - type: integer 
INFO: [Synth 8-6155] done synthesizing module 'register_file' (24#1) [/home/yonn/vivado_project/20240603_RV32I_CPU_GPIO/20240603_RV32I_CPU_GPIO.srcs/sources_1/imports/sources_1/imports/new/FIFO.v:47]
INFO: [Synth 8-6157] synthesizing module 'fifo_control_unit' [/home/yonn/vivado_project/20240603_RV32I_CPU_GPIO/20240603_RV32I_CPU_GPIO.srcs/sources_1/imports/sources_1/imports/new/FIFO.v:68]
	Parameter ADDR_WIDTH bound to: 8 - type: integer 
INFO: [Synth 8-155] case statement is not full and has no default [/home/yonn/vivado_project/20240603_RV32I_CPU_GPIO/20240603_RV32I_CPU_GPIO.srcs/sources_1/imports/sources_1/imports/new/FIFO.v:111]
INFO: [Synth 8-6155] done synthesizing module 'fifo_control_unit' (25#1) [/home/yonn/vivado_project/20240603_RV32I_CPU_GPIO/20240603_RV32I_CPU_GPIO.srcs/sources_1/imports/sources_1/imports/new/FIFO.v:68]
INFO: [Synth 8-6155] done synthesizing module 'FIFO' (26#1) [/home/yonn/vivado_project/20240603_RV32I_CPU_GPIO/20240603_RV32I_CPU_GPIO.srcs/sources_1/imports/sources_1/imports/new/FIFO.v:2]
INFO: [Synth 8-6157] synthesizing module 'uart' [/home/yonn/vivado_project/20240603_RV32I_CPU_GPIO/20240603_RV32I_CPU_GPIO.srcs/sources_1/imports/sources_1/new/uart.v:4]
INFO: [Synth 8-6157] synthesizing module 'baudrate_generator' [/home/yonn/vivado_project/20240603_RV32I_CPU_GPIO/20240603_RV32I_CPU_GPIO.srcs/sources_1/imports/sources_1/new/uart.v:56]
INFO: [Synth 8-6155] done synthesizing module 'baudrate_generator' (27#1) [/home/yonn/vivado_project/20240603_RV32I_CPU_GPIO/20240603_RV32I_CPU_GPIO.srcs/sources_1/imports/sources_1/new/uart.v:56]
INFO: [Synth 8-6157] synthesizing module 'transmitter' [/home/yonn/vivado_project/20240603_RV32I_CPU_GPIO/20240603_RV32I_CPU_GPIO.srcs/sources_1/imports/sources_1/new/uart.v:105]
	Parameter IDLE bound to: 0 - type: integer 
	Parameter START bound to: 1 - type: integer 
	Parameter DATA bound to: 2 - type: integer 
	Parameter STOP bound to: 3 - type: integer 
INFO: [Synth 8-6155] done synthesizing module 'transmitter' (28#1) [/home/yonn/vivado_project/20240603_RV32I_CPU_GPIO/20240603_RV32I_CPU_GPIO.srcs/sources_1/imports/sources_1/new/uart.v:105]
INFO: [Synth 8-6157] synthesizing module 'receiver' [/home/yonn/vivado_project/20240603_RV32I_CPU_GPIO/20240603_RV32I_CPU_GPIO.srcs/sources_1/imports/sources_1/new/uart.v:210]
	Parameter IDLE bound to: 0 - type: integer 
	Parameter START bound to: 1 - type: integer 
	Parameter DATA bound to: 2 - type: integer 
	Parameter STOP bound to: 3 - type: integer 
INFO: [Synth 8-6155] done synthesizing module 'receiver' (29#1) [/home/yonn/vivado_project/20240603_RV32I_CPU_GPIO/20240603_RV32I_CPU_GPIO.srcs/sources_1/imports/sources_1/new/uart.v:210]
INFO: [Synth 8-6155] done synthesizing module 'uart' (30#1) [/home/yonn/vivado_project/20240603_RV32I_CPU_GPIO/20240603_RV32I_CPU_GPIO.srcs/sources_1/imports/sources_1/new/uart.v:4]
INFO: [Synth 8-6155] done synthesizing module 'uart_fifo' (31#1) [/home/yonn/vivado_project/20240603_RV32I_CPU_GPIO/20240603_RV32I_CPU_GPIO.srcs/sources_1/imports/sources_1/new/uartfifo.v:32]
INFO: [Synth 8-6155] done synthesizing module 'uartx' (32#1) [/home/yonn/vivado_project/20240603_RV32I_CPU_GPIO/20240603_RV32I_CPU_GPIO.srcs/sources_1/new/UART_Bus.sv:122]
INFO: [Synth 8-6155] done synthesizing module 'UART_Bus' (33#1) [/home/yonn/vivado_project/20240603_RV32I_CPU_GPIO/20240603_RV32I_CPU_GPIO.srcs/sources_1/new/UART_Bus.sv:3]
INFO: [Synth 8-6155] done synthesizing module 'RV32I' (34#1) [/home/yonn/vivado_project/20240603_RV32I_CPU_GPIO/20240603_RV32I_CPU_GPIO.srcs/sources_1/imports/new/RV32I.sv:3]
---------------------------------------------------------------------------------
Finished RTL Elaboration : Time (s): cpu = 00:00:03 ; elapsed = 00:00:03 . Memory (MB): peak = 2376.059 ; gain = 0.000 ; free physical = 901 ; free virtual = 5148
---------------------------------------------------------------------------------
---------------------------------------------------------------------------------
Start Handling Custom Attributes
---------------------------------------------------------------------------------
---------------------------------------------------------------------------------
Finished Handling Custom Attributes : Time (s): cpu = 00:00:03 ; elapsed = 00:00:03 . Memory (MB): peak = 2376.059 ; gain = 0.000 ; free physical = 1583 ; free virtual = 5830
---------------------------------------------------------------------------------
---------------------------------------------------------------------------------
Finished RTL Optimization Phase 1 : Time (s): cpu = 00:00:03 ; elapsed = 00:00:03 . Memory (MB): peak = 2376.059 ; gain = 0.000 ; free physical = 1583 ; free virtual = 5830
---------------------------------------------------------------------------------
Netlist sorting complete. Time (s): cpu = 00:00:00.02 ; elapsed = 00:00:00.02 . Memory (MB): peak = 2376.059 ; gain = 0.000 ; free physical = 1581 ; free virtual = 5828
INFO: [Project 1-570] Preparing netlist for logic optimization

Processing XDC Constraints
Initializing timing engine
Parsing XDC File [/home/yonn/vivado_project/20240603_RV32I_CPU_GPIO/20240603_RV32I_CPU_GPIO.srcs/constrs_1/imports/vivado_project/MY_Basys-3-Master.xdc]
Finished Parsing XDC File [/home/yonn/vivado_project/20240603_RV32I_CPU_GPIO/20240603_RV32I_CPU_GPIO.srcs/constrs_1/imports/vivado_project/MY_Basys-3-Master.xdc]
INFO: [Project 1-236] Implementation specific constraints were found while reading constraint file [/home/yonn/vivado_project/20240603_RV32I_CPU_GPIO/20240603_RV32I_CPU_GPIO.srcs/constrs_1/imports/vivado_project/MY_Basys-3-Master.xdc]. These constraints will be ignored for synthesis but will be used in implementation. Impacted constraints are listed in the file [.Xil/RV32I_propImpl.xdc].
Resolution: To avoid this warning, move constraints listed in [.Xil/RV32I_propImpl.xdc] to another XDC file and exclude this new file from synthesis with the used_in_synthesis property (File Properties dialog in GUI) and re-run elaboration/synthesis.
Completed Processing XDC Constraints

Netlist sorting complete. Time (s): cpu = 00:00:00 ; elapsed = 00:00:00 . Memory (MB): peak = 2440.090 ; gain = 0.000 ; free physical = 1461 ; free virtual = 5708
INFO: [Project 1-111] Unisim Transformation Summary:
No Unisim elements were transformed.

Constraint Validation Runtime : Time (s): cpu = 00:00:00.01 ; elapsed = 00:00:00 . Memory (MB): peak = 2440.090 ; gain = 0.000 ; free physical = 1461 ; free virtual = 5708
---------------------------------------------------------------------------------
Finished Constraint Validation : Time (s): cpu = 00:00:06 ; elapsed = 00:00:07 . Memory (MB): peak = 2440.090 ; gain = 64.031 ; free physical = 1615 ; free virtual = 5856
---------------------------------------------------------------------------------
---------------------------------------------------------------------------------
Start Loading Part and Timing Information
---------------------------------------------------------------------------------
Loading part: xc7a35tcpg236-1
---------------------------------------------------------------------------------
Finished Loading Part and Timing Information : Time (s): cpu = 00:00:06 ; elapsed = 00:00:07 . Memory (MB): peak = 2440.090 ; gain = 64.031 ; free physical = 1615 ; free virtual = 5856
---------------------------------------------------------------------------------
---------------------------------------------------------------------------------
Start Applying 'set_property' XDC Constraints
---------------------------------------------------------------------------------
---------------------------------------------------------------------------------
Finished applying 'set_property' XDC Constraints : Time (s): cpu = 00:00:06 ; elapsed = 00:00:07 . Memory (MB): peak = 2440.090 ; gain = 64.031 ; free physical = 1619 ; free virtual = 5860
---------------------------------------------------------------------------------
INFO: [Synth 8-802] inferred FSM for state register 'state_reg' in module 'transmitter'
INFO: [Synth 8-802] inferred FSM for state register 'state_reg' in module 'receiver'
WARNING: [Synth 8-327] inferring latch for variable 'y_reg' [/home/yonn/vivado_project/20240603_RV32I_CPU_GPIO/20240603_RV32I_CPU_GPIO.srcs/sources_1/new/GPIO.sv:181]
WARNING: [Synth 8-327] inferring latch for variable 'y_reg' [/home/yonn/vivado_project/20240603_RV32I_CPU_GPIO/20240603_RV32I_CPU_GPIO.srcs/sources_1/new/GPIO.sv:208]
WARNING: [Synth 8-327] inferring latch for variable 'y_reg' [/home/yonn/vivado_project/20240603_RV32I_CPU_GPIO/20240603_RV32I_CPU_GPIO.srcs/sources_1/new/UART_Bus.sv:93]
WARNING: [Synth 8-327] inferring latch for variable 'y_reg' [/home/yonn/vivado_project/20240603_RV32I_CPU_GPIO/20240603_RV32I_CPU_GPIO.srcs/sources_1/new/UART_Bus.sv:112]
WARNING: [Synth 8-327] inferring latch for variable 'tick_next_reg' [/home/yonn/vivado_project/20240603_RV32I_CPU_GPIO/20240603_RV32I_CPU_GPIO.srcs/sources_1/imports/sources_1/new/uart.v:95]
---------------------------------------------------------------------------------------------------
                   State |                     New Encoding |                Previous Encoding 
---------------------------------------------------------------------------------------------------
                    IDLE |                               00 |                               00
                   START |                               01 |                               01
                    DATA |                               10 |                               10
                    STOP |                               11 |                               11
---------------------------------------------------------------------------------------------------
INFO: [Synth 8-3354] encoded FSM with state register 'state_reg' using encoding 'sequential' in module 'transmitter'
WARNING: [Synth 8-327] inferring latch for variable 'tx_done_reg_reg' [/home/yonn/vivado_project/20240603_RV32I_CPU_GPIO/20240603_RV32I_CPU_GPIO.srcs/sources_1/imports/sources_1/new/uart.v:151]
---------------------------------------------------------------------------------------------------
                   State |                     New Encoding |                Previous Encoding 
---------------------------------------------------------------------------------------------------
                    IDLE |                               00 |                               00
                   START |                               01 |                               01
                    DATA |                               10 |                               10
                    STOP |                               11 |                               11
---------------------------------------------------------------------------------------------------
INFO: [Synth 8-3354] encoded FSM with state register 'state_reg' using encoding 'sequential' in module 'receiver'
---------------------------------------------------------------------------------
Finished RTL Optimization Phase 2 : Time (s): cpu = 00:00:06 ; elapsed = 00:00:07 . Memory (MB): peak = 2440.090 ; gain = 64.031 ; free physical = 1611 ; free virtual = 5853
---------------------------------------------------------------------------------
---------------------------------------------------------------------------------
Start RTL Component Statistics 
---------------------------------------------------------------------------------
Detailed RTL Component Info : 
+---Adders : 
	   2 Input   32 Bit       Adders := 6     
	   3 Input   32 Bit       Adders := 1     
	   2 Input    8 Bit       Adders := 16    
	   2 Input    5 Bit       Adders := 2     
	   2 Input    4 Bit       Adders := 2     
	   2 Input    3 Bit       Adders := 4     
+---XORs : 
	   2 Input     32 Bit         XORs := 1     
+---Registers : 
	               32 Bit    Registers := 23    
	                8 Bit    Registers := 12    
	                5 Bit    Registers := 2     
	                4 Bit    Registers := 2     
	                3 Bit    Registers := 4     
	                1 Bit    Registers := 14    
+---RAMs : 
	               2K Bit	(64 X 32 bit)          RAMs := 1     
+---Muxes : 
	   2 Input   32 Bit        Muxes := 11    
	   4 Input   32 Bit        Muxes := 2     
	  60 Input   32 Bit        Muxes := 1     
	   3 Input   32 Bit        Muxes := 1     
	   6 Input   17 Bit        Muxes := 2     
	  10 Input   11 Bit        Muxes := 1     
	   4 Input    8 Bit        Muxes := 4     
	   7 Input    6 Bit        Muxes := 1     
	   2 Input    5 Bit        Muxes := 6     
	   4 Input    5 Bit        Muxes := 2     
	   2 Input    4 Bit        Muxes := 3     
	  10 Input    4 Bit        Muxes := 1     
	   4 Input    4 Bit        Muxes := 2     
	   2 Input    3 Bit        Muxes := 1     
	   4 Input    3 Bit        Muxes := 5     
	   2 Input    2 Bit        Muxes := 5     
	   3 Input    2 Bit        Muxes := 1     
	   4 Input    2 Bit        Muxes := 4     
	   2 Input    1 Bit        Muxes := 32    
	   3 Input    1 Bit        Muxes := 20    
	   4 Input    1 Bit        Muxes := 54    
	   6 Input    1 Bit        Muxes := 4     
---------------------------------------------------------------------------------
Finished RTL Component Statistics 
---------------------------------------------------------------------------------
---------------------------------------------------------------------------------
Start Part Resource Summary
---------------------------------------------------------------------------------
Part Resources:
DSPs: 90 (col length:60)
BRAMs: 100 (col length: RAMB18 60 RAMB36 30)
---------------------------------------------------------------------------------
Finished Part Resource Summary
---------------------------------------------------------------------------------
---------------------------------------------------------------------------------
Start Cross Boundary and Area Optimization
---------------------------------------------------------------------------------
CRITICAL WARNING: [Synth 8-6859] multi-driven net on pin Q with 1st driver pin 'U_UART_Bus/U_UART1/U_UART_fifo/U_uart/U_transmitter/tx_done_reg_reg__0/Q' [/home/yonn/vivado_project/20240603_RV32I_CPU_GPIO/20240603_RV32I_CPU_GPIO.srcs/sources_1/imports/sources_1/new/uart.v:125]
CRITICAL WARNING: [Synth 8-6859] multi-driven net on pin Q with 2nd driver pin 'GND' [/home/yonn/vivado_project/20240603_RV32I_CPU_GPIO/20240603_RV32I_CPU_GPIO.srcs/sources_1/imports/sources_1/new/uart.v:125]
CRITICAL WARNING: [Synth 8-6858] multi-driven net Q is connected to at least one constant driver which has been preserved, other driver is ignored [/home/yonn/vivado_project/20240603_RV32I_CPU_GPIO/20240603_RV32I_CPU_GPIO.srcs/sources_1/imports/sources_1/new/uart.v:125]
---------------------------------------------------------------------------------
Finished Cross Boundary and Area Optimization : Time (s): cpu = 00:00:16 ; elapsed = 00:00:17 . Memory (MB): peak = 2440.090 ; gain = 64.031 ; free physical = 1580 ; free virtual = 5827
---------------------------------------------------------------------------------
---------------------------------------------------------------------------------
Start ROM, RAM, DSP, Shift Register and Retiming Reporting
---------------------------------------------------------------------------------

Distributed RAM: Preliminary Mapping	Report (see note below)
+------------+------------------------------------------------------+-----------+----------------------+--------------------------+
|Module Name | RTL Object                                           | Inference | Size (Depth x Width) | Primitives               | 
+------------+------------------------------------------------------+-----------+----------------------+--------------------------+
|U_CPU_core  | U_DP/U_RegFile/RegFile_reg                           | Implied   | 32 x 32              | RAM32M x 12	             | 
|U_UART_Bus  | U_UART1/U_UART_fifo/U_rxfifo/U_register_file/mem_reg | Implied   | 256 x 8              | RAM64X1D x 8	RAM64M x 8	 | 
|U_UART_Bus  | U_UART1/U_UART_fifo/U_txfifo/U_register_file/mem_reg | Implied   | 256 x 8              | RAM64X1D x 8	RAM64M x 8	 | 
|RV32I       | U_Data_RAM/ram_reg                                   | Implied   | 64 x 32              | RAM64X1S x 32	           | 
+------------+------------------------------------------------------+-----------+----------------------+--------------------------+

Note: The table above is a preliminary report that shows the Distributed RAMs at the current stage of the synthesis flow. Some Distributed RAMs may be reimplemented as non Distributed RAM primitives later in the synthesis flow. Multiple instantiated RAMs are reported only once.
---------------------------------------------------------------------------------
Finished ROM, RAM, DSP, Shift Register and Retiming Reporting
---------------------------------------------------------------------------------
---------------------------------------------------------------------------------
Start Applying XDC Timing Constraints
---------------------------------------------------------------------------------
---------------------------------------------------------------------------------
Finished Applying XDC Timing Constraints : Time (s): cpu = 00:00:19 ; elapsed = 00:00:19 . Memory (MB): peak = 2440.090 ; gain = 64.031 ; free physical = 1463 ; free virtual = 5709
---------------------------------------------------------------------------------
---------------------------------------------------------------------------------
Start Timing Optimization
---------------------------------------------------------------------------------
---------------------------------------------------------------------------------
Finished Timing Optimization : Time (s): cpu = 00:00:21 ; elapsed = 00:00:22 . Memory (MB): peak = 2440.090 ; gain = 64.031 ; free physical = 1436 ; free virtual = 5683
---------------------------------------------------------------------------------
---------------------------------------------------------------------------------
Start ROM, RAM, DSP, Shift Register and Retiming Reporting
---------------------------------------------------------------------------------

Distributed RAM: Final Mapping	Report
+------------+------------------------------------------------------+-----------+----------------------+--------------------------+
|Module Name | RTL Object                                           | Inference | Size (Depth x Width) | Primitives               | 
+------------+------------------------------------------------------+-----------+----------------------+--------------------------+
|U_CPU_core  | U_DP/U_RegFile/RegFile_reg                           | Implied   | 32 x 32              | RAM32M x 12	             | 
|U_UART_Bus  | U_UART1/U_UART_fifo/U_rxfifo/U_register_file/mem_reg | Implied   | 256 x 8              | RAM64X1D x 8	RAM64M x 8	 | 
|U_UART_Bus  | U_UART1/U_UART_fifo/U_txfifo/U_register_file/mem_reg | Implied   | 256 x 8              | RAM64X1D x 8	RAM64M x 8	 | 
|RV32I       | U_Data_RAM/ram_reg                                   | Implied   | 64 x 32              | RAM64X1S x 32	           | 
+------------+------------------------------------------------------+-----------+----------------------+--------------------------+

---------------------------------------------------------------------------------
Finished ROM, RAM, DSP, Shift Register and Retiming Reporting
---------------------------------------------------------------------------------
---------------------------------------------------------------------------------
Start Technology Mapping
---------------------------------------------------------------------------------
---------------------------------------------------------------------------------
Finished Technology Mapping : Time (s): cpu = 00:00:21 ; elapsed = 00:00:22 . Memory (MB): peak = 2440.090 ; gain = 64.031 ; free physical = 1412 ; free virtual = 5659
---------------------------------------------------------------------------------
---------------------------------------------------------------------------------
Start IO Insertion
---------------------------------------------------------------------------------
---------------------------------------------------------------------------------
Start Flattening Before IO Insertion
---------------------------------------------------------------------------------
---------------------------------------------------------------------------------
Finished Flattening Before IO Insertion
---------------------------------------------------------------------------------
---------------------------------------------------------------------------------
Start Final Netlist Cleanup
---------------------------------------------------------------------------------
---------------------------------------------------------------------------------
Finished Final Netlist Cleanup
---------------------------------------------------------------------------------
---------------------------------------------------------------------------------
Finished IO Insertion : Time (s): cpu = 00:00:23 ; elapsed = 00:00:24 . Memory (MB): peak = 2440.090 ; gain = 64.031 ; free physical = 1412 ; free virtual = 5659
---------------------------------------------------------------------------------
---------------------------------------------------------------------------------
Start Renaming Generated Instances
---------------------------------------------------------------------------------
---------------------------------------------------------------------------------
Finished Renaming Generated Instances : Time (s): cpu = 00:00:23 ; elapsed = 00:00:24 . Memory (MB): peak = 2440.090 ; gain = 64.031 ; free physical = 1412 ; free virtual = 5659
---------------------------------------------------------------------------------
---------------------------------------------------------------------------------
Start Rebuilding User Hierarchy
---------------------------------------------------------------------------------
---------------------------------------------------------------------------------
Finished Rebuilding User Hierarchy : Time (s): cpu = 00:00:23 ; elapsed = 00:00:24 . Memory (MB): peak = 2440.090 ; gain = 64.031 ; free physical = 1413 ; free virtual = 5659
---------------------------------------------------------------------------------
---------------------------------------------------------------------------------
Start Renaming Generated Ports
---------------------------------------------------------------------------------
---------------------------------------------------------------------------------
Finished Renaming Generated Ports : Time (s): cpu = 00:00:23 ; elapsed = 00:00:24 . Memory (MB): peak = 2440.090 ; gain = 64.031 ; free physical = 1413 ; free virtual = 5659
---------------------------------------------------------------------------------
---------------------------------------------------------------------------------
Start Handling Custom Attributes
---------------------------------------------------------------------------------
---------------------------------------------------------------------------------
Finished Handling Custom Attributes : Time (s): cpu = 00:00:23 ; elapsed = 00:00:24 . Memory (MB): peak = 2440.090 ; gain = 64.031 ; free physical = 1413 ; free virtual = 5659
---------------------------------------------------------------------------------
---------------------------------------------------------------------------------
Start Renaming Generated Nets
---------------------------------------------------------------------------------
---------------------------------------------------------------------------------
Finished Renaming Generated Nets : Time (s): cpu = 00:00:23 ; elapsed = 00:00:24 . Memory (MB): peak = 2440.090 ; gain = 64.031 ; free physical = 1413 ; free virtual = 5659
---------------------------------------------------------------------------------
---------------------------------------------------------------------------------
Start Writing Synthesis Report
---------------------------------------------------------------------------------

Report BlackBoxes: 
+-+--------------+----------+
| |BlackBox name |Instances |
+-+--------------+----------+
+-+--------------+----------+

Report Cell Usage: 
+------+---------+------+
|      |Cell     |Count |
+------+---------+------+
|1     |BUFG     |     5|
|2     |CARRY4   |   201|
|3     |LUT1     |   192|
|4     |LUT2     |   349|
|5     |LUT3     |   493|
|6     |LUT4     |   205|
|7     |LUT5     |   236|
|8     |LUT6     |   740|
|9     |MUXF7    |    24|
|10    |RAM32M   |    12|
|11    |RAM64M   |    10|
|12    |RAM64X1D |    10|
|13    |RAM64X1S |    32|
|14    |FDCE     |   666|
|15    |FDPE     |    38|
|16    |FDRE     |    64|
|17    |LD       |    74|
|18    |IBUF     |     3|
|19    |IOBUF    |    32|
|20    |OBUF     |     1|
+------+---------+------+
---------------------------------------------------------------------------------
Finished Writing Synthesis Report : Time (s): cpu = 00:00:23 ; elapsed = 00:00:24 . Memory (MB): peak = 2440.090 ; gain = 64.031 ; free physical = 1413 ; free virtual = 5659
---------------------------------------------------------------------------------
Synthesis finished with 0 errors, 3 critical warnings and 6 warnings.
Synthesis Optimization Runtime : Time (s): cpu = 00:00:22 ; elapsed = 00:00:23 . Memory (MB): peak = 2440.090 ; gain = 0.000 ; free physical = 1464 ; free virtual = 5711
Synthesis Optimization Complete : Time (s): cpu = 00:00:23 ; elapsed = 00:00:24 . Memory (MB): peak = 2440.090 ; gain = 64.031 ; free physical = 1464 ; free virtual = 5711
INFO: [Project 1-571] Translating synthesized netlist
Netlist sorting complete. Time (s): cpu = 00:00:00.02 ; elapsed = 00:00:00.02 . Memory (MB): peak = 2440.090 ; gain = 0.000 ; free physical = 1555 ; free virtual = 5802
INFO: [Netlist 29-17] Analyzing 395 Unisim elements for replacement
INFO: [Netlist 29-28] Unisim Transformation completed in 0 CPU seconds
INFO: [Project 1-570] Preparing netlist for logic optimization
INFO: [Opt 31-138] Pushed 0 inverter(s) to 0 load pin(s).
Netlist sorting complete. Time (s): cpu = 00:00:00 ; elapsed = 00:00:00 . Memory (MB): peak = 2440.090 ; gain = 0.000 ; free physical = 1501 ; free virtual = 5747
INFO: [Project 1-111] Unisim Transformation Summary:
  A total of 170 instances were transformed.
  IOBUF => IOBUF (IBUF, OBUFT): 32 instances
  LD => LDCE: 74 instances
  RAM32M => RAM32M (RAMD32(x6), RAMS32(x2)): 12 instances
  RAM64M => RAM64M (RAMD64E(x4)): 10 instances
  RAM64X1D => RAM64X1D (RAMD64E(x2)): 10 instances
  RAM64X1S => RAM64X1S (RAMS64E): 32 instances

INFO: [Common 17-83] Releasing license: Synthesis
93 Infos, 6 Warnings, 3 Critical Warnings and 0 Errors encountered.
synth_design completed successfully
synth_design: Time (s): cpu = 00:00:29 ; elapsed = 00:00:27 . Memory (MB): peak = 2440.090 ; gain = 147.656 ; free physical = 1568 ; free virtual = 5814
INFO: [runtcl-6] Synthesis results are not added to the cache due to CRITICAL_WARNING
INFO: [Common 17-1381] The checkpoint '/home/yonn/vivado_project/20240603_RV32I_CPU_GPIO/20240603_RV32I_CPU_GPIO.runs/synth_1/RV32I.dcp' has been generated.
INFO: [runtcl-4] Executing : report_utilization -file RV32I_utilization_synth.rpt -pb RV32I_utilization_synth.pb
INFO: [Common 17-206] Exiting Vivado at Fri Jun  7 21:18:41 2024...
