Copyright 1986-2020 Xilinx, Inc. All Rights Reserved.
---------------------------------------------------------------------------------------------------
| Tool Version : Vivado v.2020.2 (lin64) Build 3064766 Wed Nov 18 09:12:47 MST 2020
<<<<<<< HEAD
| Date         : Sun May 19 14:59:55 2024
=======
| Date         : Fri May 17 13:04:10 2024
>>>>>>> 31010376d39b32aadad9f9e19a18ab00f82e6334
| Host         : DESKTOP-7CFQ9ND running 64-bit Ubuntu 20.04.6 LTS
| Command      : report_utilization -file top_utilization_placed.rpt -pb top_utilization_placed.pb
| Design       : top
| Device       : 7a35tcpg236-1
| Design State : Fully Placed
---------------------------------------------------------------------------------------------------

Utilization Design Information

Table of Contents
-----------------
1. Slice Logic
1.1 Summary of Registers by Type
2. Slice Logic Distribution
3. Memory
4. DSP
5. IO and GT Specific
6. Clocking
7. Specific Feature
8. Primitives
9. Black Boxes
10. Instantiated Netlists

1. Slice Logic
--------------

<<<<<<< HEAD
+----------------------------+------+-------+-----------+-------+
|          Site Type         | Used | Fixed | Available | Util% |
+----------------------------+------+-------+-----------+-------+
| Slice LUTs                 | 1239 |     0 |     20800 |  5.96 |
|   LUT as Logic             | 1127 |     0 |     20800 |  5.42 |
|   LUT as Memory            |  112 |     0 |      9600 |  1.17 |
|     LUT as Distributed RAM |   24 |     0 |           |       |
|     LUT as Shift Register  |   88 |     0 |           |       |
| Slice Registers            | 2038 |     0 |     41600 |  4.90 |
|   Register as Flip Flop    | 2038 |     0 |     41600 |  4.90 |
|   Register as Latch        |    0 |     0 |     41600 |  0.00 |
| F7 Muxes                   |   12 |     0 |     16300 |  0.07 |
| F8 Muxes                   |    1 |     0 |      8150 |  0.01 |
+----------------------------+------+-------+-----------+-------+
=======
+-------------------------+------+-------+-----------+-------+
|        Site Type        | Used | Fixed | Available | Util% |
+-------------------------+------+-------+-----------+-------+
| Slice LUTs              |   34 |     0 |     20800 |  0.16 |
|   LUT as Logic          |   34 |     0 |     20800 |  0.16 |
|   LUT as Memory         |    0 |     0 |      9600 |  0.00 |
| Slice Registers         |   94 |     0 |     41600 |  0.23 |
|   Register as Flip Flop |   94 |     0 |     41600 |  0.23 |
|   Register as Latch     |    0 |     0 |     41600 |  0.00 |
| F7 Muxes                |    0 |     0 |     16300 |  0.00 |
| F8 Muxes                |    0 |     0 |      8150 |  0.00 |
+-------------------------+------+-------+-----------+-------+
>>>>>>> 31010376d39b32aadad9f9e19a18ab00f82e6334


1.1 Summary of Registers by Type
--------------------------------

+-------+--------------+-------------+--------------+
| Total | Clock Enable | Synchronous | Asynchronous |
+-------+--------------+-------------+--------------+
| 0     |            _ |           - |            - |
| 0     |            _ |           - |          Set |
| 0     |            _ |           - |        Reset |
| 0     |            _ |         Set |            - |
| 0     |            _ |       Reset |            - |
| 0     |          Yes |           - |            - |
<<<<<<< HEAD
| 42    |          Yes |           - |          Set |
| 241   |          Yes |           - |        Reset |
| 20    |          Yes |         Set |            - |
| 1735  |          Yes |       Reset |            - |
=======
| 1     |          Yes |           - |          Set |
| 27    |          Yes |           - |        Reset |
| 0     |          Yes |         Set |            - |
| 66    |          Yes |       Reset |            - |
>>>>>>> 31010376d39b32aadad9f9e19a18ab00f82e6334
+-------+--------------+-------------+--------------+


2. Slice Logic Distribution
---------------------------

+--------------------------------------------+------+-------+-----------+-------+
|                  Site Type                 | Used | Fixed | Available | Util% |
+--------------------------------------------+------+-------+-----------+-------+
<<<<<<< HEAD
| Slice                                      |  659 |     0 |      8150 |  8.09 |
|   SLICEL                                   |  513 |     0 |           |       |
|   SLICEM                                   |  146 |     0 |           |       |
| LUT as Logic                               | 1127 |     0 |     20800 |  5.42 |
|   using O5 output only                     |    0 |       |           |       |
|   using O6 output only                     |  898 |       |           |       |
|   using O5 and O6                          |  229 |       |           |       |
| LUT as Memory                              |  112 |     0 |      9600 |  1.17 |
|   LUT as Distributed RAM                   |   24 |     0 |           |       |
|     using O5 output only                   |    0 |       |           |       |
|     using O6 output only                   |    0 |       |           |       |
|     using O5 and O6                        |   24 |       |           |       |
|   LUT as Shift Register                    |   88 |     0 |           |       |
|     using O5 output only                   |    3 |       |           |       |
|     using O6 output only                   |   33 |       |           |       |
|     using O5 and O6                        |   52 |       |           |       |
| Slice Registers                            | 2038 |     0 |     41600 |  4.90 |
|   Register driven from within the Slice    |  902 |       |           |       |
|   Register driven from outside the Slice   | 1136 |       |           |       |
|     LUT in front of the register is unused |  918 |       |           |       |
|     LUT in front of the register is used   |  218 |       |           |       |
| Unique Control Sets                        |  130 |       |      8150 |  1.60 |
=======
| Slice                                      |   26 |     0 |      8150 |  0.32 |
|   SLICEL                                   |   17 |     0 |           |       |
|   SLICEM                                   |    9 |     0 |           |       |
| LUT as Logic                               |   34 |     0 |     20800 |  0.16 |
|   using O5 output only                     |    0 |       |           |       |
|   using O6 output only                     |   23 |       |           |       |
|   using O5 and O6                          |   11 |       |           |       |
| LUT as Memory                              |    0 |     0 |      9600 |  0.00 |
|   LUT as Distributed RAM                   |    0 |     0 |           |       |
|   LUT as Shift Register                    |    0 |     0 |           |       |
| Slice Registers                            |   94 |     0 |     41600 |  0.23 |
|   Register driven from within the Slice    |   37 |       |           |       |
|   Register driven from outside the Slice   |   57 |       |           |       |
|     LUT in front of the register is unused |   53 |       |           |       |
|     LUT in front of the register is used   |    4 |       |           |       |
| Unique Control Sets                        |    3 |       |      8150 |  0.04 |
>>>>>>> 31010376d39b32aadad9f9e19a18ab00f82e6334
+--------------------------------------------+------+-------+-----------+-------+
* * Note: Available Control Sets calculated as Slice * 1, Review the Control Sets Report for more information regarding control sets.


3. Memory
---------

<<<<<<< HEAD
+-------------------+------+-------+-----------+-------+
|     Site Type     | Used | Fixed | Available | Util% |
+-------------------+------+-------+-----------+-------+
| Block RAM Tile    |  0.5 |     0 |        50 |  1.00 |
|   RAMB36/FIFO*    |    0 |     0 |        50 |  0.00 |
|   RAMB18          |    1 |     0 |       100 |  1.00 |
|     RAMB18E1 only |    1 |       |           |       |
+-------------------+------+-------+-----------+-------+
=======
+----------------+------+-------+-----------+-------+
|    Site Type   | Used | Fixed | Available | Util% |
+----------------+------+-------+-----------+-------+
| Block RAM Tile |    0 |     0 |        50 |  0.00 |
|   RAMB36/FIFO* |    0 |     0 |        50 |  0.00 |
|   RAMB18       |    0 |     0 |       100 |  0.00 |
+----------------+------+-------+-----------+-------+
>>>>>>> 31010376d39b32aadad9f9e19a18ab00f82e6334
* Note: Each Block RAM Tile only has one FIFO logic available and therefore can accommodate only one FIFO36E1 or one FIFO18E1. However, if a FIFO18E1 occupies a Block RAM Tile, that tile can still accommodate a RAMB18E1


4. DSP
------

+-----------+------+-------+-----------+-------+
| Site Type | Used | Fixed | Available | Util% |
+-----------+------+-------+-----------+-------+
| DSPs      |    0 |     0 |        90 |  0.00 |
+-----------+------+-------+-----------+-------+


5. IO and GT Specific
---------------------

+-----------------------------+------+-------+-----------+-------+
|          Site Type          | Used | Fixed | Available | Util% |
+-----------------------------+------+-------+-----------+-------+
| Bonded IOB                  |    4 |     4 |       106 |  3.77 |
<<<<<<< HEAD
|   IOB Master Pads           |    2 |       |           |       |
|   IOB Slave Pads            |    2 |       |           |       |
=======
|   IOB Master Pads           |    1 |       |           |       |
|   IOB Slave Pads            |    3 |       |           |       |
>>>>>>> 31010376d39b32aadad9f9e19a18ab00f82e6334
| Bonded IPADs                |    0 |     0 |        10 |  0.00 |
| Bonded OPADs                |    0 |     0 |         4 |  0.00 |
| PHY_CONTROL                 |    0 |     0 |         5 |  0.00 |
| PHASER_REF                  |    0 |     0 |         5 |  0.00 |
| OUT_FIFO                    |    0 |     0 |        20 |  0.00 |
| IN_FIFO                     |    0 |     0 |        20 |  0.00 |
| IDELAYCTRL                  |    0 |     0 |         5 |  0.00 |
| IBUFDS                      |    0 |     0 |       104 |  0.00 |
| GTPE2_CHANNEL               |    0 |     0 |         2 |  0.00 |
| PHASER_OUT/PHASER_OUT_PHY   |    0 |     0 |        20 |  0.00 |
| PHASER_IN/PHASER_IN_PHY     |    0 |     0 |        20 |  0.00 |
| IDELAYE2/IDELAYE2_FINEDELAY |    0 |     0 |       250 |  0.00 |
| IBUFDS_GTE2                 |    0 |     0 |         2 |  0.00 |
| ILOGIC                      |    0 |     0 |       106 |  0.00 |
| OLOGIC                      |    0 |     0 |       106 |  0.00 |
+-----------------------------+------+-------+-----------+-------+


6. Clocking
-----------

+------------+------+-------+-----------+-------+
|  Site Type | Used | Fixed | Available | Util% |
+------------+------+-------+-----------+-------+
<<<<<<< HEAD
| BUFGCTRL   |    2 |     0 |        32 |  6.25 |
=======
| BUFGCTRL   |    1 |     0 |        32 |  3.13 |
>>>>>>> 31010376d39b32aadad9f9e19a18ab00f82e6334
| BUFIO      |    0 |     0 |        20 |  0.00 |
| MMCME2_ADV |    0 |     0 |         5 |  0.00 |
| PLLE2_ADV  |    0 |     0 |         5 |  0.00 |
| BUFMRCE    |    0 |     0 |        10 |  0.00 |
| BUFHCE     |    0 |     0 |        72 |  0.00 |
| BUFR       |    0 |     0 |        20 |  0.00 |
+------------+------+-------+-----------+-------+


7. Specific Feature
-------------------

+-------------+------+-------+-----------+-------+
|  Site Type  | Used | Fixed | Available | Util% |
+-------------+------+-------+-----------+-------+
<<<<<<< HEAD
| BSCANE2     |    1 |     0 |         4 | 25.00 |
=======
| BSCANE2     |    0 |     0 |         4 |  0.00 |
>>>>>>> 31010376d39b32aadad9f9e19a18ab00f82e6334
| CAPTUREE2   |    0 |     0 |         1 |  0.00 |
| DNA_PORT    |    0 |     0 |         1 |  0.00 |
| EFUSE_USR   |    0 |     0 |         1 |  0.00 |
| FRAME_ECCE2 |    0 |     0 |         1 |  0.00 |
| ICAPE2      |    0 |     0 |         2 |  0.00 |
| PCIE_2_1    |    0 |     0 |         1 |  0.00 |
| STARTUPE2   |    0 |     0 |         1 |  0.00 |
| XADC        |    0 |     0 |         1 |  0.00 |
+-------------+------+-------+-----------+-------+


8. Primitives
-------------

+----------+------+---------------------+
| Ref Name | Used | Functional Category |
+----------+------+---------------------+
<<<<<<< HEAD
| FDRE     | 1735 |        Flop & Latch |
| LUT6     |  475 |                 LUT |
| FDCE     |  241 |        Flop & Latch |
| LUT4     |  236 |                 LUT |
| LUT3     |  231 |                 LUT |
| LUT5     |  201 |                 LUT |
| LUT2     |  175 |                 LUT |
| SRLC32E  |   74 |  Distributed Memory |
| SRL16E   |   64 |  Distributed Memory |
| FDPE     |   42 |        Flop & Latch |
| CARRY4   |   41 |          CarryLogic |
| LUT1     |   38 |                 LUT |
| RAMD32   |   36 |  Distributed Memory |
| FDSE     |   20 |        Flop & Latch |
| RAMS32   |   12 |  Distributed Memory |
| MUXF7    |   12 |               MuxFx |
| IBUF     |    3 |                  IO |
| SRLC16E  |    2 |  Distributed Memory |
| BUFG     |    2 |               Clock |
| RAMB18E1 |    1 |        Block Memory |
| OBUF     |    1 |                  IO |
| MUXF8    |    1 |               MuxFx |
| BSCANE2  |    1 |              Others |
=======
| FDRE     |   66 |        Flop & Latch |
| FDCE     |   27 |        Flop & Latch |
| LUT2     |   20 |                 LUT |
| LUT6     |   16 |                 LUT |
| LUT3     |    4 |                 LUT |
| CARRY4   |    4 |          CarryLogic |
| LUT4     |    3 |                 LUT |
| IBUF     |    3 |                  IO |
| LUT1     |    2 |                 LUT |
| OBUF     |    1 |                  IO |
| FDPE     |    1 |        Flop & Latch |
| BUFG     |    1 |               Clock |
>>>>>>> 31010376d39b32aadad9f9e19a18ab00f82e6334
+----------+------+---------------------+


9. Black Boxes
--------------

+----------+------+
| Ref Name | Used |
+----------+------+


10. Instantiated Netlists
-------------------------

+----------+------+
| Ref Name | Used |
+----------+------+
<<<<<<< HEAD
| ila_0    |    1 |
| dbg_hub  |    1 |
+----------+------+
=======
>>>>>>> 31010376d39b32aadad9f9e19a18ab00f82e6334


