
*** Running vivado
    with args -log led_toggle.vds -m64 -product Vivado -mode batch -messageDb vivado.pb -notrace -source led_toggle.tcl


****** Vivado v2020.2 (64-bit)
  **** SW Build 3064766 on Wed Nov 18 09:12:47 MST 2020
  **** IP Build 3064653 on Wed Nov 18 14:17:31 MST 2020
    ** Copyright 1986-2020 Xilinx, Inc. All Rights Reserved.

source led_toggle.tcl -notrace
Command: synth_design -top led_toggle -part xc7a35tcpg236-1
Starting synth_design
Attempting to get a license for feature 'Synthesis' and/or device 'xc7a35t'
INFO: [Common 17-349] Got license for feature 'Synthesis' and/or device 'xc7a35t'
INFO: [Device 21-403] Loading part xc7a35tcpg236-1
INFO: [Synth 8-7079] Multithreading enabled for synth_design using a maximum of 4 processes.
INFO: [Synth 8-7078] Launching helper process for spawning children vivado processes
INFO: [Synth 8-7075] Helper process launched with PID 86926
---------------------------------------------------------------------------------
Starting RTL Elaboration : Time (s): cpu = 00:00:02 ; elapsed = 00:00:02 . Memory (MB): peak = 2389.934 ; gain = 0.000 ; free physical = 324 ; free virtual = 5789
---------------------------------------------------------------------------------
INFO: [Synth 8-6157] synthesizing module 'led_toggle' [/home/hyoon/vivado_project/240514_FSM/240514_FSM.srcs/sources_1/new/ledToggle.v:2]
INFO: [Synth 8-6157] synthesizing module 'button' [/home/hyoon/vivado_project/240514_FSM/240514_FSM.srcs/sources_1/new/button.v:4]
	Parameter N bound to: 5 - type: integer 
INFO: [Synth 8-6155] done synthesizing module 'button' (1#1) [/home/hyoon/vivado_project/240514_FSM/240514_FSM.srcs/sources_1/new/button.v:4]
INFO: [Synth 8-6157] synthesizing module 'led_FSM' [/home/hyoon/vivado_project/240514_FSM/240514_FSM.srcs/sources_1/new/ledToggle.v:27]
	Parameter LED_OFF bound to: 1'b0 
	Parameter LED_ON bound to: 1'b1 
INFO: [Synth 8-6155] done synthesizing module 'led_FSM' (2#1) [/home/hyoon/vivado_project/240514_FSM/240514_FSM.srcs/sources_1/new/ledToggle.v:27]
INFO: [Synth 8-6155] done synthesizing module 'led_toggle' (3#1) [/home/hyoon/vivado_project/240514_FSM/240514_FSM.srcs/sources_1/new/ledToggle.v:2]
---------------------------------------------------------------------------------
Finished RTL Elaboration : Time (s): cpu = 00:00:02 ; elapsed = 00:00:03 . Memory (MB): peak = 2389.934 ; gain = 0.000 ; free physical = 213 ; free virtual = 5680
---------------------------------------------------------------------------------
---------------------------------------------------------------------------------
Start Handling Custom Attributes
---------------------------------------------------------------------------------
---------------------------------------------------------------------------------
Finished Handling Custom Attributes : Time (s): cpu = 00:00:03 ; elapsed = 00:00:03 . Memory (MB): peak = 2389.934 ; gain = 0.000 ; free physical = 209 ; free virtual = 5676
---------------------------------------------------------------------------------
---------------------------------------------------------------------------------
Finished RTL Optimization Phase 1 : Time (s): cpu = 00:00:03 ; elapsed = 00:00:03 . Memory (MB): peak = 2389.934 ; gain = 0.000 ; free physical = 209 ; free virtual = 5676
---------------------------------------------------------------------------------
Netlist sorting complete. Time (s): cpu = 00:00:00 ; elapsed = 00:00:00 . Memory (MB): peak = 2389.934 ; gain = 0.000 ; free physical = 204 ; free virtual = 5670
INFO: [Project 1-570] Preparing netlist for logic optimization

Processing XDC Constraints
Initializing timing engine
Parsing XDC File [/home/hyoon/vivado_project/240514_FSM/240514_FSM.srcs/constrs_1/imports/vivado_project/MY_Basys-3-Master.xdc]
Finished Parsing XDC File [/home/hyoon/vivado_project/240514_FSM/240514_FSM.srcs/constrs_1/imports/vivado_project/MY_Basys-3-Master.xdc]
INFO: [Project 1-236] Implementation specific constraints were found while reading constraint file [/home/hyoon/vivado_project/240514_FSM/240514_FSM.srcs/constrs_1/imports/vivado_project/MY_Basys-3-Master.xdc]. These constraints will be ignored for synthesis but will be used in implementation. Impacted constraints are listed in the file [.Xil/led_toggle_propImpl.xdc].
Resolution: To avoid this warning, move constraints listed in [.Xil/led_toggle_propImpl.xdc] to another XDC file and exclude this new file from synthesis with the used_in_synthesis property (File Properties dialog in GUI) and re-run elaboration/synthesis.
Completed Processing XDC Constraints

Netlist sorting complete. Time (s): cpu = 00:00:00 ; elapsed = 00:00:00 . Memory (MB): peak = 2453.965 ; gain = 0.000 ; free physical = 813 ; free virtual = 6280
INFO: [Project 1-111] Unisim Transformation Summary:
No Unisim elements were transformed.

Constraint Validation Runtime : Time (s): cpu = 00:00:00 ; elapsed = 00:00:00 . Memory (MB): peak = 2453.965 ; gain = 0.000 ; free physical = 813 ; free virtual = 6280
---------------------------------------------------------------------------------
Finished Constraint Validation : Time (s): cpu = 00:00:06 ; elapsed = 00:00:07 . Memory (MB): peak = 2453.965 ; gain = 64.031 ; free physical = 925 ; free virtual = 6392
---------------------------------------------------------------------------------
---------------------------------------------------------------------------------
Start Loading Part and Timing Information
---------------------------------------------------------------------------------
Loading part: xc7a35tcpg236-1
---------------------------------------------------------------------------------
Finished Loading Part and Timing Information : Time (s): cpu = 00:00:06 ; elapsed = 00:00:07 . Memory (MB): peak = 2453.965 ; gain = 64.031 ; free physical = 925 ; free virtual = 6392
---------------------------------------------------------------------------------
---------------------------------------------------------------------------------
Start Applying 'set_property' XDC Constraints
---------------------------------------------------------------------------------
---------------------------------------------------------------------------------
Finished applying 'set_property' XDC Constraints : Time (s): cpu = 00:00:06 ; elapsed = 00:00:07 . Memory (MB): peak = 2453.965 ; gain = 64.031 ; free physical = 925 ; free virtual = 6392
---------------------------------------------------------------------------------
---------------------------------------------------------------------------------
Finished RTL Optimization Phase 2 : Time (s): cpu = 00:00:06 ; elapsed = 00:00:07 . Memory (MB): peak = 2453.965 ; gain = 64.031 ; free physical = 925 ; free virtual = 6394
---------------------------------------------------------------------------------
---------------------------------------------------------------------------------
Start RTL Component Statistics 
---------------------------------------------------------------------------------
Detailed RTL Component Info : 
+---Registers : 
	                5 Bit    Registers := 1     
	                1 Bit    Registers := 1     
---------------------------------------------------------------------------------
Finished RTL Component Statistics 
---------------------------------------------------------------------------------
---------------------------------------------------------------------------------
Start Part Resource Summary
---------------------------------------------------------------------------------
Part Resources:
DSPs: 90 (col length:60)
BRAMs: 100 (col length: RAMB18 60 RAMB36 30)
---------------------------------------------------------------------------------
Finished Part Resource Summary
---------------------------------------------------------------------------------
---------------------------------------------------------------------------------
Start Cross Boundary and Area Optimization
---------------------------------------------------------------------------------
---------------------------------------------------------------------------------
Finished Cross Boundary and Area Optimization : Time (s): cpu = 00:00:06 ; elapsed = 00:00:07 . Memory (MB): peak = 2453.965 ; gain = 64.031 ; free physical = 922 ; free virtual = 6395
---------------------------------------------------------------------------------
---------------------------------------------------------------------------------
Start Applying XDC Timing Constraints
---------------------------------------------------------------------------------
---------------------------------------------------------------------------------
Finished Applying XDC Timing Constraints : Time (s): cpu = 00:00:09 ; elapsed = 00:00:10 . Memory (MB): peak = 2453.965 ; gain = 64.031 ; free physical = 795 ; free virtual = 6275
---------------------------------------------------------------------------------
---------------------------------------------------------------------------------
Start Timing Optimization
---------------------------------------------------------------------------------
---------------------------------------------------------------------------------
Finished Timing Optimization : Time (s): cpu = 00:00:09 ; elapsed = 00:00:10 . Memory (MB): peak = 2453.965 ; gain = 64.031 ; free physical = 795 ; free virtual = 6275
---------------------------------------------------------------------------------
---------------------------------------------------------------------------------
Start Technology Mapping
---------------------------------------------------------------------------------
---------------------------------------------------------------------------------
Finished Technology Mapping : Time (s): cpu = 00:00:09 ; elapsed = 00:00:10 . Memory (MB): peak = 2453.965 ; gain = 64.031 ; free physical = 792 ; free virtual = 6273
---------------------------------------------------------------------------------
---------------------------------------------------------------------------------
Start IO Insertion
---------------------------------------------------------------------------------
---------------------------------------------------------------------------------
Start Flattening Before IO Insertion
---------------------------------------------------------------------------------
---------------------------------------------------------------------------------
Finished Flattening Before IO Insertion
---------------------------------------------------------------------------------
---------------------------------------------------------------------------------
Start Final Netlist Cleanup
---------------------------------------------------------------------------------
---------------------------------------------------------------------------------
Finished Final Netlist Cleanup
---------------------------------------------------------------------------------
---------------------------------------------------------------------------------
Finished IO Insertion : Time (s): cpu = 00:00:11 ; elapsed = 00:00:12 . Memory (MB): peak = 2453.965 ; gain = 64.031 ; free physical = 792 ; free virtual = 6273
---------------------------------------------------------------------------------
---------------------------------------------------------------------------------
Start Renaming Generated Instances
---------------------------------------------------------------------------------
---------------------------------------------------------------------------------
Finished Renaming Generated Instances : Time (s): cpu = 00:00:11 ; elapsed = 00:00:12 . Memory (MB): peak = 2453.965 ; gain = 64.031 ; free physical = 792 ; free virtual = 6273
---------------------------------------------------------------------------------
---------------------------------------------------------------------------------
Start Rebuilding User Hierarchy
---------------------------------------------------------------------------------
---------------------------------------------------------------------------------
Finished Rebuilding User Hierarchy : Time (s): cpu = 00:00:11 ; elapsed = 00:00:12 . Memory (MB): peak = 2453.965 ; gain = 64.031 ; free physical = 792 ; free virtual = 6273
---------------------------------------------------------------------------------
---------------------------------------------------------------------------------
Start Renaming Generated Ports
---------------------------------------------------------------------------------
---------------------------------------------------------------------------------
Finished Renaming Generated Ports : Time (s): cpu = 00:00:11 ; elapsed = 00:00:12 . Memory (MB): peak = 2453.965 ; gain = 64.031 ; free physical = 792 ; free virtual = 6274
---------------------------------------------------------------------------------
---------------------------------------------------------------------------------
Start Handling Custom Attributes
---------------------------------------------------------------------------------
---------------------------------------------------------------------------------
Finished Handling Custom Attributes : Time (s): cpu = 00:00:11 ; elapsed = 00:00:12 . Memory (MB): peak = 2453.965 ; gain = 64.031 ; free physical = 792 ; free virtual = 6274
---------------------------------------------------------------------------------
---------------------------------------------------------------------------------
Start Renaming Generated Nets
---------------------------------------------------------------------------------
---------------------------------------------------------------------------------
Finished Renaming Generated Nets : Time (s): cpu = 00:00:11 ; elapsed = 00:00:12 . Memory (MB): peak = 2453.965 ; gain = 64.031 ; free physical = 792 ; free virtual = 6274
---------------------------------------------------------------------------------
---------------------------------------------------------------------------------
Start Writing Synthesis Report
---------------------------------------------------------------------------------

Report BlackBoxes: 
+-+--------------+----------+
| |BlackBox name |Instances |
+-+--------------+----------+
+-+--------------+----------+

Report Cell Usage: 
+------+-----+------+
|      |Cell |Count |
+------+-----+------+
|1     |BUFG |     1|
|2     |FDCE |     1|
|3     |IBUF |     2|
|4     |OBUF |     1|
+------+-----+------+
---------------------------------------------------------------------------------
Finished Writing Synthesis Report : Time (s): cpu = 00:00:11 ; elapsed = 00:00:12 . Memory (MB): peak = 2453.965 ; gain = 64.031 ; free physical = 792 ; free virtual = 6274
---------------------------------------------------------------------------------
Synthesis finished with 0 errors, 0 critical warnings and 0 warnings.
Synthesis Optimization Runtime : Time (s): cpu = 00:00:10 ; elapsed = 00:00:11 . Memory (MB): peak = 2453.965 ; gain = 0.000 ; free physical = 847 ; free virtual = 6328
Synthesis Optimization Complete : Time (s): cpu = 00:00:11 ; elapsed = 00:00:12 . Memory (MB): peak = 2453.965 ; gain = 64.031 ; free physical = 847 ; free virtual = 6328
INFO: [Project 1-571] Translating synthesized netlist
Netlist sorting complete. Time (s): cpu = 00:00:00 ; elapsed = 00:00:00 . Memory (MB): peak = 2453.965 ; gain = 0.000 ; free physical = 933 ; free virtual = 6414
INFO: [Project 1-570] Preparing netlist for logic optimization
INFO: [Opt 31-138] Pushed 0 inverter(s) to 0 load pin(s).
Netlist sorting complete. Time (s): cpu = 00:00:00 ; elapsed = 00:00:00 . Memory (MB): peak = 2453.965 ; gain = 0.000 ; free physical = 883 ; free virtual = 6365
INFO: [Project 1-111] Unisim Transformation Summary:
No Unisim elements were transformed.

INFO: [Common 17-83] Releasing license: Synthesis
19 Infos, 0 Warnings, 0 Critical Warnings and 0 Errors encountered.
synth_design completed successfully
synth_design: Time (s): cpu = 00:00:17 ; elapsed = 00:00:14 . Memory (MB): peak = 2453.965 ; gain = 161.531 ; free physical = 925 ; free virtual = 6407
INFO: [Common 17-1381] The checkpoint '/home/hyoon/vivado_project/240514_FSM/240514_FSM.runs/synth_1/led_toggle.dcp' has been generated.
INFO: [runtcl-4] Executing : report_utilization -file led_toggle_utilization_synth.rpt -pb led_toggle_utilization_synth.pb
INFO: [Common 17-206] Exiting Vivado at Tue May 14 15:42:19 2024...
