
*** Running vivado
    with args -log top.vds -m64 -product Vivado -mode batch -messageDb vivado.pb -notrace -source top.tcl


****** Vivado v2020.2 (64-bit)
  **** SW Build 3064766 on Wed Nov 18 09:12:47 MST 2020
  **** IP Build 3064653 on Wed Nov 18 14:17:31 MST 2020
    ** Copyright 1986-2020 Xilinx, Inc. All Rights Reserved.

source top.tcl -notrace
Command: synth_design -top top -part xc7a35tcpg236-1
Starting synth_design
Attempting to get a license for feature 'Synthesis' and/or device 'xc7a35t'
INFO: [Common 17-349] Got license for feature 'Synthesis' and/or device 'xc7a35t'
INFO: [Device 21-403] Loading part xc7a35tcpg236-1
INFO: [Synth 8-7079] Multithreading enabled for synth_design using a maximum of 4 processes.
INFO: [Synth 8-7078] Launching helper process for spawning children vivado processes
INFO: [Synth 8-7075] Helper process launched with PID 5921
---------------------------------------------------------------------------------
Starting RTL Elaboration : Time (s): cpu = 00:00:02 ; elapsed = 00:00:02 . Memory (MB): peak = 2317.297 ; gain = 0.000 ; free physical = 1988 ; free virtual = 5700
---------------------------------------------------------------------------------
INFO: [Synth 8-6157] synthesizing module 'top' [/home/yonn/vivado_project/20240516_FSM_upcounter/20240516_FSM_upcounter.srcs/sources_1/new/top.v:3]
INFO: [Synth 8-6157] synthesizing module 'clkDiv_Herz' [/home/yonn/vivado_project/20240516_FSM_upcounter/20240516_FSM_upcounter.srcs/sources_1/new/upcounter.v:40]
	Parameter HERZ bound to: 10 - type: integer 
INFO: [Synth 8-6155] done synthesizing module 'clkDiv_Herz' (1#1) [/home/yonn/vivado_project/20240516_FSM_upcounter/20240516_FSM_upcounter.srcs/sources_1/new/upcounter.v:40]
INFO: [Synth 8-6157] synthesizing module 'up_counter' [/home/yonn/vivado_project/20240516_FSM_upcounter/20240516_FSM_upcounter.srcs/sources_1/new/upcounter.v:4]
INFO: [Synth 8-6155] done synthesizing module 'up_counter' (2#1) [/home/yonn/vivado_project/20240516_FSM_upcounter/20240516_FSM_upcounter.srcs/sources_1/new/upcounter.v:4]
INFO: [Synth 8-6157] synthesizing module 'fndController' [/home/yonn/vivado_project/20240516_FSM_upcounter/20240516_FSM_upcounter.srcs/sources_1/imports/new/fndController.v:3]
INFO: [Synth 8-6157] synthesizing module 'clkDiv' [/home/yonn/vivado_project/20240516_FSM_upcounter/20240516_FSM_upcounter.srcs/sources_1/imports/new/fndController.v:143]
	Parameter MAX_COUNT bound to: 100000 - type: integer 
INFO: [Synth 8-6155] done synthesizing module 'clkDiv' (3#1) [/home/yonn/vivado_project/20240516_FSM_upcounter/20240516_FSM_upcounter.srcs/sources_1/imports/new/fndController.v:143]
INFO: [Synth 8-6157] synthesizing module 'counter' [/home/yonn/vivado_project/20240516_FSM_upcounter/20240516_FSM_upcounter.srcs/sources_1/imports/new/fndController.v:127]
	Parameter MAX_COUNT bound to: 4 - type: integer 
INFO: [Synth 8-6155] done synthesizing module 'counter' (4#1) [/home/yonn/vivado_project/20240516_FSM_upcounter/20240516_FSM_upcounter.srcs/sources_1/imports/new/fndController.v:127]
INFO: [Synth 8-6157] synthesizing module 'decoder' [/home/yonn/vivado_project/20240516_FSM_upcounter/20240516_FSM_upcounter.srcs/sources_1/imports/new/fndController.v:111]
INFO: [Synth 8-226] default block is never used [/home/yonn/vivado_project/20240516_FSM_upcounter/20240516_FSM_upcounter.srcs/sources_1/imports/new/fndController.v:117]
INFO: [Synth 8-6155] done synthesizing module 'decoder' (5#1) [/home/yonn/vivado_project/20240516_FSM_upcounter/20240516_FSM_upcounter.srcs/sources_1/imports/new/fndController.v:111]
INFO: [Synth 8-6157] synthesizing module 'digitSplitter' [/home/yonn/vivado_project/20240516_FSM_upcounter/20240516_FSM_upcounter.srcs/sources_1/imports/new/fndController.v:51]
INFO: [Synth 8-6155] done synthesizing module 'digitSplitter' (6#1) [/home/yonn/vivado_project/20240516_FSM_upcounter/20240516_FSM_upcounter.srcs/sources_1/imports/new/fndController.v:51]
INFO: [Synth 8-6157] synthesizing module 'mux' [/home/yonn/vivado_project/20240516_FSM_upcounter/20240516_FSM_upcounter.srcs/sources_1/imports/new/fndController.v:64]
INFO: [Synth 8-226] default block is never used [/home/yonn/vivado_project/20240516_FSM_upcounter/20240516_FSM_upcounter.srcs/sources_1/imports/new/fndController.v:73]
INFO: [Synth 8-6155] done synthesizing module 'mux' (7#1) [/home/yonn/vivado_project/20240516_FSM_upcounter/20240516_FSM_upcounter.srcs/sources_1/imports/new/fndController.v:64]
INFO: [Synth 8-6157] synthesizing module 'BCDtoSEG' [/home/yonn/vivado_project/20240516_FSM_upcounter/20240516_FSM_upcounter.srcs/sources_1/imports/new/fndController.v:83]
INFO: [Synth 8-226] default block is never used [/home/yonn/vivado_project/20240516_FSM_upcounter/20240516_FSM_upcounter.srcs/sources_1/imports/new/fndController.v:89]
INFO: [Synth 8-6155] done synthesizing module 'BCDtoSEG' (8#1) [/home/yonn/vivado_project/20240516_FSM_upcounter/20240516_FSM_upcounter.srcs/sources_1/imports/new/fndController.v:83]
INFO: [Synth 8-6155] done synthesizing module 'fndController' (9#1) [/home/yonn/vivado_project/20240516_FSM_upcounter/20240516_FSM_upcounter.srcs/sources_1/imports/new/fndController.v:3]
INFO: [Synth 8-6157] synthesizing module 'controller_unit' [/home/yonn/vivado_project/20240516_FSM_upcounter/20240516_FSM_upcounter.srcs/sources_1/new/controller.v:3]
	Parameter STOP bound to: 2'b00 
	Parameter RUN bound to: 2'b01 
	Parameter CLEAR bound to: 2'b10 
INFO: [Synth 8-155] case statement is not full and has no default [/home/yonn/vivado_project/20240516_FSM_upcounter/20240516_FSM_upcounter.srcs/sources_1/new/controller.v:42]
INFO: [Synth 8-155] case statement is not full and has no default [/home/yonn/vivado_project/20240516_FSM_upcounter/20240516_FSM_upcounter.srcs/sources_1/new/controller.v:60]
INFO: [Synth 8-6155] done synthesizing module 'controller_unit' (10#1) [/home/yonn/vivado_project/20240516_FSM_upcounter/20240516_FSM_upcounter.srcs/sources_1/new/controller.v:3]
INFO: [Synth 8-6157] synthesizing module 'button' [/home/yonn/vivado_project/20240516_FSM_upcounter/20240516_FSM_upcounter.srcs/sources_1/imports/new/button.v:4]
	Parameter N bound to: 10 - type: integer 
INFO: [Synth 8-6155] done synthesizing module 'button' (11#1) [/home/yonn/vivado_project/20240516_FSM_upcounter/20240516_FSM_upcounter.srcs/sources_1/imports/new/button.v:4]
WARNING: [Synth 8-4446] all outputs are unconnected for this instance and logic may be removed [/home/yonn/vivado_project/20240516_FSM_upcounter/20240516_FSM_upcounter.srcs/sources_1/new/top.v:66]
INFO: [Synth 8-6157] synthesizing module 'ila_0' [/home/yonn/vivado_project/20240516_FSM_upcounter/20240516_FSM_upcounter.runs/synth_1/.Xil/Vivado-5879-DESKTOP-7CFQ9ND/realtime/ila_0_stub.v:6]
INFO: [Synth 8-6155] done synthesizing module 'ila_0' (12#1) [/home/yonn/vivado_project/20240516_FSM_upcounter/20240516_FSM_upcounter.runs/synth_1/.Xil/Vivado-5879-DESKTOP-7CFQ9ND/realtime/ila_0_stub.v:6]
INFO: [Synth 8-6071] Mark debug on the nets applies keep_hierarchy on instance 'U_btn_Run_Stop'. This will prevent further optimization [/home/yonn/vivado_project/20240516_FSM_upcounter/20240516_FSM_upcounter.srcs/sources_1/new/top.v:53]
INFO: [Synth 8-6071] Mark debug on the nets applies keep_hierarchy on instance 'U_ILA'. This will prevent further optimization [/home/yonn/vivado_project/20240516_FSM_upcounter/20240516_FSM_upcounter.srcs/sources_1/new/top.v:66]
INFO: [Synth 8-6071] Mark debug on the nets applies keep_hierarchy on instance 'U_countroller_unit'. This will prevent further optimization [/home/yonn/vivado_project/20240516_FSM_upcounter/20240516_FSM_upcounter.srcs/sources_1/new/top.v:41]
INFO: [Synth 8-6071] Mark debug on the nets applies keep_hierarchy on instance 'U_btn_Clear'. This will prevent further optimization [/home/yonn/vivado_project/20240516_FSM_upcounter/20240516_FSM_upcounter.srcs/sources_1/new/top.v:59]
INFO: [Synth 8-6071] Mark debug on the nets applies keep_hierarchy on instance 'U_up_counter'. This will prevent further optimization [/home/yonn/vivado_project/20240516_FSM_upcounter/20240516_FSM_upcounter.srcs/sources_1/new/top.v:27]
INFO: [Synth 8-6071] Mark debug on the nets applies keep_hierarchy on instance 'U_fndController'. This will prevent further optimization [/home/yonn/vivado_project/20240516_FSM_upcounter/20240516_FSM_upcounter.srcs/sources_1/new/top.v:35]
INFO: [Synth 8-6155] done synthesizing module 'top' (13#1) [/home/yonn/vivado_project/20240516_FSM_upcounter/20240516_FSM_upcounter.srcs/sources_1/new/top.v:3]
---------------------------------------------------------------------------------
Finished RTL Elaboration : Time (s): cpu = 00:00:03 ; elapsed = 00:00:03 . Memory (MB): peak = 2317.297 ; gain = 0.000 ; free physical = 1956 ; free virtual = 5669
---------------------------------------------------------------------------------
---------------------------------------------------------------------------------
Start Handling Custom Attributes
---------------------------------------------------------------------------------
---------------------------------------------------------------------------------
Finished Handling Custom Attributes : Time (s): cpu = 00:00:03 ; elapsed = 00:00:03 . Memory (MB): peak = 2317.297 ; gain = 0.000 ; free physical = 2703 ; free virtual = 6416
---------------------------------------------------------------------------------
---------------------------------------------------------------------------------
Finished RTL Optimization Phase 1 : Time (s): cpu = 00:00:03 ; elapsed = 00:00:03 . Memory (MB): peak = 2317.297 ; gain = 0.000 ; free physical = 2702 ; free virtual = 6415
---------------------------------------------------------------------------------
Netlist sorting complete. Time (s): cpu = 00:00:00 ; elapsed = 00:00:00 . Memory (MB): peak = 2317.297 ; gain = 0.000 ; free physical = 2691 ; free virtual = 6404
INFO: [Project 1-570] Preparing netlist for logic optimization

Processing XDC Constraints
Initializing timing engine
Parsing XDC File [/home/yonn/vivado_project/20240516_FSM_upcounter/20240516_FSM_upcounter.gen/sources_1/ip/ila_0/ila_0/ila_0_in_context.xdc] for cell 'U_ILA'
Finished Parsing XDC File [/home/yonn/vivado_project/20240516_FSM_upcounter/20240516_FSM_upcounter.gen/sources_1/ip/ila_0/ila_0/ila_0_in_context.xdc] for cell 'U_ILA'
Parsing XDC File [/home/yonn/vivado_project/20240516_FSM_upcounter/20240516_FSM_upcounter.srcs/constrs_1/imports/vivado_project/MY_Basys-3-Master.xdc]
Finished Parsing XDC File [/home/yonn/vivado_project/20240516_FSM_upcounter/20240516_FSM_upcounter.srcs/constrs_1/imports/vivado_project/MY_Basys-3-Master.xdc]
INFO: [Project 1-236] Implementation specific constraints were found while reading constraint file [/home/yonn/vivado_project/20240516_FSM_upcounter/20240516_FSM_upcounter.srcs/constrs_1/imports/vivado_project/MY_Basys-3-Master.xdc]. These constraints will be ignored for synthesis but will be used in implementation. Impacted constraints are listed in the file [.Xil/top_propImpl.xdc].
Resolution: To avoid this warning, move constraints listed in [.Xil/top_propImpl.xdc] to another XDC file and exclude this new file from synthesis with the used_in_synthesis property (File Properties dialog in GUI) and re-run elaboration/synthesis.
Completed Processing XDC Constraints

Netlist sorting complete. Time (s): cpu = 00:00:00 ; elapsed = 00:00:00 . Memory (MB): peak = 2381.293 ; gain = 0.000 ; free physical = 2528 ; free virtual = 6242
INFO: [Project 1-111] Unisim Transformation Summary:
No Unisim elements were transformed.

Constraint Validation Runtime : Time (s): cpu = 00:00:00 ; elapsed = 00:00:00 . Memory (MB): peak = 2381.293 ; gain = 0.000 ; free physical = 2528 ; free virtual = 6242
---------------------------------------------------------------------------------
Finished Constraint Validation : Time (s): cpu = 00:00:06 ; elapsed = 00:00:07 . Memory (MB): peak = 2381.293 ; gain = 63.996 ; free physical = 2658 ; free virtual = 6371
---------------------------------------------------------------------------------
---------------------------------------------------------------------------------
Start Loading Part and Timing Information
---------------------------------------------------------------------------------
Loading part: xc7a35tcpg236-1
---------------------------------------------------------------------------------
Finished Loading Part and Timing Information : Time (s): cpu = 00:00:06 ; elapsed = 00:00:07 . Memory (MB): peak = 2381.293 ; gain = 63.996 ; free physical = 2658 ; free virtual = 6371
---------------------------------------------------------------------------------
---------------------------------------------------------------------------------
Start Applying 'set_property' XDC Constraints
---------------------------------------------------------------------------------
Applied set_property KEEP_HIERARCHY = SOFT for U_ILA. (constraint file  auto generated constraint).
---------------------------------------------------------------------------------
Finished applying 'set_property' XDC Constraints : Time (s): cpu = 00:00:06 ; elapsed = 00:00:07 . Memory (MB): peak = 2381.293 ; gain = 63.996 ; free physical = 2658 ; free virtual = 6371
---------------------------------------------------------------------------------
INFO: [Synth 8-802] inferred FSM for state register 'state_reg' in module 'controller_unit'
WARNING: [Synth 8-327] inferring latch for variable 'run_stop_next_reg' [/home/yonn/vivado_project/20240516_FSM_upcounter/20240516_FSM_upcounter.srcs/sources_1/new/controller.v:23]
---------------------------------------------------------------------------------------------------
                   State |                     New Encoding |                Previous Encoding 
---------------------------------------------------------------------------------------------------
                    STOP |                              001 |                               00
                     RUN |                              010 |                               01
                   CLEAR |                              100 |                               10
---------------------------------------------------------------------------------------------------
INFO: [Synth 8-3354] encoded FSM with state register 'state_reg' using encoding 'one-hot' in module 'controller_unit'
WARNING: [Synth 8-327] inferring latch for variable 'clear_next_reg' [/home/yonn/vivado_project/20240516_FSM_upcounter/20240516_FSM_upcounter.srcs/sources_1/new/controller.v:63]
WARNING: [Synth 8-327] inferring latch for variable 'led0_reg_reg' [/home/yonn/vivado_project/20240516_FSM_upcounter/20240516_FSM_upcounter.srcs/sources_1/new/controller.v:22]
WARNING: [Synth 8-327] inferring latch for variable 'led2_reg_reg' [/home/yonn/vivado_project/20240516_FSM_upcounter/20240516_FSM_upcounter.srcs/sources_1/new/controller.v:24]
---------------------------------------------------------------------------------
Finished RTL Optimization Phase 2 : Time (s): cpu = 00:00:06 ; elapsed = 00:00:07 . Memory (MB): peak = 2381.293 ; gain = 63.996 ; free physical = 2649 ; free virtual = 6363
---------------------------------------------------------------------------------
---------------------------------------------------------------------------------
Start RTL Component Statistics 
---------------------------------------------------------------------------------
Detailed RTL Component Info : 
+---Adders : 
	   2 Input   24 Bit       Adders := 1     
	   2 Input   17 Bit       Adders := 1     
	   2 Input   14 Bit       Adders := 1     
	   2 Input    2 Bit       Adders := 1     
+---Registers : 
	               24 Bit    Registers := 1     
	               17 Bit    Registers := 1     
	               14 Bit    Registers := 1     
	               10 Bit    Registers := 2     
	                2 Bit    Registers := 1     
	                1 Bit    Registers := 4     
+---Muxes : 
	   2 Input   24 Bit        Muxes := 1     
	   2 Input   17 Bit        Muxes := 1     
	   2 Input   14 Bit        Muxes := 2     
	   4 Input    4 Bit        Muxes := 2     
	   3 Input    3 Bit        Muxes := 1     
	   2 Input    3 Bit        Muxes := 3     
	   2 Input    1 Bit        Muxes := 1     
	   3 Input    1 Bit        Muxes := 2     
---------------------------------------------------------------------------------
Finished RTL Component Statistics 
---------------------------------------------------------------------------------
---------------------------------------------------------------------------------
Start Part Resource Summary
---------------------------------------------------------------------------------
Part Resources:
DSPs: 90 (col length:60)
BRAMs: 100 (col length: RAMB18 60 RAMB36 30)
---------------------------------------------------------------------------------
Finished Part Resource Summary
---------------------------------------------------------------------------------
---------------------------------------------------------------------------------
Start Cross Boundary and Area Optimization
---------------------------------------------------------------------------------
---------------------------------------------------------------------------------
Finished Cross Boundary and Area Optimization : Time (s): cpu = 00:00:10 ; elapsed = 00:00:11 . Memory (MB): peak = 2381.293 ; gain = 63.996 ; free physical = 2626 ; free virtual = 6344
---------------------------------------------------------------------------------
---------------------------------------------------------------------------------
Start Applying XDC Timing Constraints
---------------------------------------------------------------------------------
---------------------------------------------------------------------------------
Finished Applying XDC Timing Constraints : Time (s): cpu = 00:00:13 ; elapsed = 00:00:14 . Memory (MB): peak = 2381.293 ; gain = 63.996 ; free physical = 2514 ; free virtual = 6232
---------------------------------------------------------------------------------
---------------------------------------------------------------------------------
Start Timing Optimization
---------------------------------------------------------------------------------
---------------------------------------------------------------------------------
Finished Timing Optimization : Time (s): cpu = 00:00:13 ; elapsed = 00:00:14 . Memory (MB): peak = 2381.293 ; gain = 63.996 ; free physical = 2510 ; free virtual = 6228
---------------------------------------------------------------------------------
---------------------------------------------------------------------------------
Start Technology Mapping
---------------------------------------------------------------------------------
---------------------------------------------------------------------------------
Finished Technology Mapping : Time (s): cpu = 00:00:13 ; elapsed = 00:00:14 . Memory (MB): peak = 2381.293 ; gain = 63.996 ; free physical = 2507 ; free virtual = 6225
---------------------------------------------------------------------------------
---------------------------------------------------------------------------------
Start IO Insertion
---------------------------------------------------------------------------------
---------------------------------------------------------------------------------
Start Flattening Before IO Insertion
---------------------------------------------------------------------------------
---------------------------------------------------------------------------------
Finished Flattening Before IO Insertion
---------------------------------------------------------------------------------
---------------------------------------------------------------------------------
Start Final Netlist Cleanup
---------------------------------------------------------------------------------
---------------------------------------------------------------------------------
Finished Final Netlist Cleanup
---------------------------------------------------------------------------------
---------------------------------------------------------------------------------
Finished IO Insertion : Time (s): cpu = 00:00:14 ; elapsed = 00:00:15 . Memory (MB): peak = 2381.293 ; gain = 63.996 ; free physical = 2501 ; free virtual = 6219
---------------------------------------------------------------------------------
---------------------------------------------------------------------------------
Start Renaming Generated Instances
---------------------------------------------------------------------------------
---------------------------------------------------------------------------------
Finished Renaming Generated Instances : Time (s): cpu = 00:00:14 ; elapsed = 00:00:15 . Memory (MB): peak = 2381.293 ; gain = 63.996 ; free physical = 2501 ; free virtual = 6219
---------------------------------------------------------------------------------
---------------------------------------------------------------------------------
Start Rebuilding User Hierarchy
---------------------------------------------------------------------------------
---------------------------------------------------------------------------------
Finished Rebuilding User Hierarchy : Time (s): cpu = 00:00:14 ; elapsed = 00:00:15 . Memory (MB): peak = 2381.293 ; gain = 63.996 ; free physical = 2500 ; free virtual = 6218
---------------------------------------------------------------------------------
---------------------------------------------------------------------------------
Start Renaming Generated Ports
---------------------------------------------------------------------------------
---------------------------------------------------------------------------------
Finished Renaming Generated Ports : Time (s): cpu = 00:00:14 ; elapsed = 00:00:15 . Memory (MB): peak = 2381.293 ; gain = 63.996 ; free physical = 2500 ; free virtual = 6218
---------------------------------------------------------------------------------
---------------------------------------------------------------------------------
Start Handling Custom Attributes
---------------------------------------------------------------------------------
---------------------------------------------------------------------------------
Finished Handling Custom Attributes : Time (s): cpu = 00:00:14 ; elapsed = 00:00:15 . Memory (MB): peak = 2381.293 ; gain = 63.996 ; free physical = 2500 ; free virtual = 6218
---------------------------------------------------------------------------------
---------------------------------------------------------------------------------
Start Renaming Generated Nets
---------------------------------------------------------------------------------
---------------------------------------------------------------------------------
Finished Renaming Generated Nets : Time (s): cpu = 00:00:14 ; elapsed = 00:00:15 . Memory (MB): peak = 2381.293 ; gain = 63.996 ; free physical = 2500 ; free virtual = 6218
---------------------------------------------------------------------------------
---------------------------------------------------------------------------------
Start Writing Synthesis Report
---------------------------------------------------------------------------------

Report BlackBoxes: 
+------+--------------+----------+
|      |BlackBox name |Instances |
+------+--------------+----------+
|1     |ila_0         |         1|
+------+--------------+----------+

Report Cell Usage: 
+------+-------+------+
|      |Cell   |Count |
+------+-------+------+
|1     |ila    |     1|
|2     |BUFG   |     1|
|3     |CARRY4 |    34|
|4     |LUT1   |     7|
|5     |LUT2   |    70|
|6     |LUT3   |    39|
|7     |LUT4   |    65|
|8     |LUT5   |    31|
|9     |LUT6   |    69|
|10    |FDCE   |    42|
|11    |FDPE   |     1|
|12    |FDRE   |    40|
|13    |LD     |     3|
|14    |IBUF   |     4|
|15    |OBUF   |    15|
+------+-------+------+
---------------------------------------------------------------------------------
Finished Writing Synthesis Report : Time (s): cpu = 00:00:14 ; elapsed = 00:00:15 . Memory (MB): peak = 2381.293 ; gain = 63.996 ; free physical = 2500 ; free virtual = 6218
---------------------------------------------------------------------------------
Synthesis finished with 0 errors, 0 critical warnings and 4 warnings.
Synthesis Optimization Runtime : Time (s): cpu = 00:00:13 ; elapsed = 00:00:14 . Memory (MB): peak = 2381.293 ; gain = 0.000 ; free physical = 2555 ; free virtual = 6273
Synthesis Optimization Complete : Time (s): cpu = 00:00:14 ; elapsed = 00:00:15 . Memory (MB): peak = 2381.293 ; gain = 63.996 ; free physical = 2554 ; free virtual = 6272
INFO: [Project 1-571] Translating synthesized netlist
Netlist sorting complete. Time (s): cpu = 00:00:00 ; elapsed = 00:00:00 . Memory (MB): peak = 2381.293 ; gain = 0.000 ; free physical = 2644 ; free virtual = 6362
INFO: [Netlist 29-17] Analyzing 37 Unisim elements for replacement
INFO: [Netlist 29-28] Unisim Transformation completed in 0 CPU seconds
INFO: [Project 1-570] Preparing netlist for logic optimization
INFO: [Opt 31-138] Pushed 0 inverter(s) to 0 load pin(s).
Netlist sorting complete. Time (s): cpu = 00:00:00 ; elapsed = 00:00:00 . Memory (MB): peak = 2381.293 ; gain = 0.000 ; free physical = 2588 ; free virtual = 6306
INFO: [Project 1-111] Unisim Transformation Summary:
  A total of 3 instances were transformed.
  LD => LDCE: 3 instances

INFO: [Common 17-83] Releasing license: Synthesis
54 Infos, 5 Warnings, 0 Critical Warnings and 0 Errors encountered.
synth_design completed successfully
synth_design: Time (s): cpu = 00:00:20 ; elapsed = 00:00:18 . Memory (MB): peak = 2381.293 ; gain = 64.031 ; free physical = 2647 ; free virtual = 6365
INFO: [Common 17-1381] The checkpoint '/home/yonn/vivado_project/20240516_FSM_upcounter/20240516_FSM_upcounter.runs/synth_1/top.dcp' has been generated.
INFO: [runtcl-4] Executing : report_utilization -file top_utilization_synth.rpt -pb top_utilization_synth.pb
INFO: [Common 17-206] Exiting Vivado at Thu May 16 13:21:22 2024...
