#-----------------------------------------------------------
# Vivado v2020.2 (64-bit)
# SW Build 3064766 on Wed Nov 18 09:12:47 MST 2020
# IP Build 3064653 on Wed Nov 18 14:17:31 MST 2020
# Start of session at: Wed May 15 17:58:06 2024
# Process ID: 62806
# Current directory: /home/yonn/vivado_project
# Command line: vivado
# Log file: /home/yonn/vivado_project/vivado.log
# Journal file: /home/yonn/vivado_project/vivado.jou
#-----------------------------------------------------------
start_gui
open_project /home/yonn/vivado_project/240514_Upcounter_FSM/240514_Upcounter_FSM.xpr
WARNING: [filemgmt 56-3] Default IP Output Path : Could not find the directory '/home/yonn/vivado_project/240514_Upcounter_FSM/240514_Upcounter_FSM.gen/sources_1'.
Scanning sources...
Finished scanning sources
INFO: [IP_Flow 19-234] Refreshing IP repositories
INFO: [IP_Flow 19-1704] No user IP repositories specified
INFO: [IP_Flow 19-2313] Loaded Vivado IP repository '/home/yonn/Xilinx/Vivado/2020.2/data/ip'.
update_compile_order -fileset sources_1
export_ip_user_files -of_objects  [get_files /home/yonn/vivado_project/240514_FSM/240514_FSM.srcs/sources_1/new/button.v] -no_script -reset -force -quiet
remove_files  /home/yonn/vivado_project/240514_FSM/240514_FSM.srcs/sources_1/new/button.v
add_files -norecurse /home/yonn/vivado_project/240514_FSM/240514_FSM.srcs/sources_1/new/button.v
update_compile_order -fileset sources_1
