
*** Running vivado
    with args -log RV32I.vdi -applog -m64 -product Vivado -messageDb vivado.pb -mode batch -source RV32I.tcl -notrace


****** Vivado v2020.2 (64-bit)
  **** SW Build 3064766 on Wed Nov 18 09:12:47 MST 2020
  **** IP Build 3064653 on Wed Nov 18 14:17:31 MST 2020
    ** Copyright 1986-2020 Xilinx, Inc. All Rights Reserved.

source RV32I.tcl -notrace
Command: link_design -top RV32I -part xc7k70tfbv676-1
Design is defaulting to srcset: sources_1
Design is defaulting to constrset: constrs_1
INFO: [Device 21-403] Loading part xc7k70tfbv676-1
Netlist sorting complete. Time (s): cpu = 00:00:00 ; elapsed = 00:00:00 . Memory (MB): peak = 2349.254 ; gain = 0.000 ; free physical = 2519 ; free virtual = 6160
INFO: [Netlist 29-17] Analyzing 86 Unisim elements for replacement
INFO: [Netlist 29-28] Unisim Transformation completed in 0 CPU seconds
INFO: [Project 1-479] Netlist was created with Vivado 2020.2
INFO: [Project 1-570] Preparing netlist for logic optimization
Parsing XDC File [/home/yonn/vivado_project/20240603_RV32I_CPU_GPIO/20240603_RV32I_CPU_GPIO.srcs/constrs_1/imports/vivado_project/MY_Basys-3-Master.xdc]
CRITICAL WARNING: [Common 17-69] Command failed: 'E19' is not a valid site or package pin name. [/home/yonn/vivado_project/20240603_RV32I_CPU_GPIO/20240603_RV32I_CPU_GPIO.srcs/constrs_1/imports/vivado_project/MY_Basys-3-Master.xdc:35]
CRITICAL WARNING: [Common 17-69] Command failed: 'V19' is not a valid site or package pin name. [/home/yonn/vivado_project/20240603_RV32I_CPU_GPIO/20240603_RV32I_CPU_GPIO.srcs/constrs_1/imports/vivado_project/MY_Basys-3-Master.xdc:37]
CRITICAL WARNING: [Common 17-69] Command failed: 'U18' is not a valid site or package pin name. [/home/yonn/vivado_project/20240603_RV32I_CPU_GPIO/20240603_RV32I_CPU_GPIO.srcs/constrs_1/imports/vivado_project/MY_Basys-3-Master.xdc:71]
Finished Parsing XDC File [/home/yonn/vivado_project/20240603_RV32I_CPU_GPIO/20240603_RV32I_CPU_GPIO.srcs/constrs_1/imports/vivado_project/MY_Basys-3-Master.xdc]
INFO: [Opt 31-138] Pushed 0 inverter(s) to 0 load pin(s).
Netlist sorting complete. Time (s): cpu = 00:00:00 ; elapsed = 00:00:00 . Memory (MB): peak = 2405.246 ; gain = 0.000 ; free physical = 2408 ; free virtual = 6048
INFO: [Project 1-111] Unisim Transformation Summary:
  A total of 44 instances were transformed.
  RAM32M => RAM32M (RAMD32(x6), RAMS32(x2)): 12 instances
  RAM64X1S => RAM64X1S (RAMS64E): 32 instances

7 Infos, 0 Warnings, 3 Critical Warnings and 0 Errors encountered.
link_design completed successfully
Command: opt_design
Attempting to get a license for feature 'Implementation' and/or device 'xc7k70t'
INFO: [Common 17-349] Got license for feature 'Implementation' and/or device 'xc7k70t'
Running DRC as a precondition to command opt_design

Starting DRC Task
INFO: [DRC 23-27] Running DRC with 8 threads
INFO: [Project 1-461] DRC finished with 0 Errors
INFO: [Project 1-462] Please refer to the DRC report (report_drc) for more information.

Time (s): cpu = 00:00:01 ; elapsed = 00:00:00.56 . Memory (MB): peak = 2469.277 ; gain = 64.031 ; free physical = 2388 ; free virtual = 6029

Starting Cache Timing Information Task
