
*** Running vivado
    with args -log DedicatedProcessor.vdi -applog -m64 -product Vivado -messageDb vivado.pb -mode batch -source DedicatedProcessor.tcl -notrace


****** Vivado v2020.2 (64-bit)
  **** SW Build 3064766 on Wed Nov 18 09:12:47 MST 2020
  **** IP Build 3064653 on Wed Nov 18 14:17:31 MST 2020
    ** Copyright 1986-2020 Xilinx, Inc. All Rights Reserved.

source DedicatedProcessor.tcl -notrace
Command: link_design -top DedicatedProcessor -part xc7a35tcpg236-1
Design is defaulting to srcset: sources_1
Design is defaulting to constrset: constrs_1
INFO: [Device 21-403] Loading part xc7a35tcpg236-1
Netlist sorting complete. Time (s): cpu = 00:00:00 ; elapsed = 00:00:00 . Memory (MB): peak = 2342.250 ; gain = 0.000 ; free physical = 1452 ; free virtual = 5097
INFO: [Netlist 29-17] Analyzing 18 Unisim elements for replacement
INFO: [Netlist 29-28] Unisim Transformation completed in 0 CPU seconds
INFO: [Project 1-479] Netlist was created with Vivado 2020.2
INFO: [Project 1-570] Preparing netlist for logic optimization
Parsing XDC File [/home/yonn/vivado_project/20240528_DedicatedProcess/20240528_DedicatedProcess.srcs/constrs_1/imports/vivado_project/MY_Basys-3-Master.xdc]
Finished Parsing XDC File [/home/yonn/vivado_project/20240528_DedicatedProcess/20240528_DedicatedProcess.srcs/constrs_1/imports/vivado_project/MY_Basys-3-Master.xdc]
INFO: [Opt 31-138] Pushed 0 inverter(s) to 0 load pin(s).
Netlist sorting complete. Time (s): cpu = 00:00:00 ; elapsed = 00:00:00 . Memory (MB): peak = 2398.242 ; gain = 0.000 ; free physical = 1337 ; free virtual = 4982
INFO: [Project 1-111] Unisim Transformation Summary:
No Unisim elements were transformed.

7 Infos, 0 Warnings, 0 Critical Warnings and 0 Errors encountered.
link_design completed successfully
Command: opt_design
Attempting to get a license for feature 'Implementation' and/or device 'xc7a35t'
INFO: [Common 17-349] Got license for feature 'Implementation' and/or device 'xc7a35t'
Running DRC as a precondition to command opt_design

Starting DRC Task
INFO: [DRC 23-27] Running DRC with 8 threads
INFO: [Project 1-461] DRC finished with 0 Errors
INFO: [Project 1-462] Please refer to the DRC report (report_drc) for more information.

Time (s): cpu = 00:00:01 ; elapsed = 00:00:00.53 . Memory (MB): peak = 2462.273 ; gain = 64.031 ; free physical = 1320 ; free virtual = 4965

Starting Cache Timing Information Task
INFO: [Timing 38-35] Done setting XDC timing constraints.
Ending Cache Timing Information Task | Checksum: 12cc7c442

Time (s): cpu = 00:00:04 ; elapsed = 00:00:04 . Memory (MB): peak = 2511.086 ; gain = 48.812 ; free physical = 869 ; free virtual = 4514

Starting Logic Optimization Task

Phase 1 Retarget
INFO: [Opt 31-138] Pushed 0 inverter(s) to 0 load pin(s).
INFO: [Opt 31-49] Retargeted 0 cell(s).
Phase 1 Retarget | Checksum: 12cc7c442

Time (s): cpu = 00:00:00.02 ; elapsed = 00:00:00.02 . Memory (MB): peak = 2682.055 ; gain = 0.000 ; free physical = 750 ; free virtual = 4395
INFO: [Opt 31-389] Phase Retarget created 0 cells and removed 0 cells

Phase 2 Constant propagation
INFO: [Opt 31-138] Pushed 0 inverter(s) to 0 load pin(s).
Phase 2 Constant propagation | Checksum: 597b25ca

Time (s): cpu = 00:00:00.02 ; elapsed = 00:00:00.02 . Memory (MB): peak = 2682.055 ; gain = 0.000 ; free physical = 750 ; free virtual = 4395
INFO: [Opt 31-389] Phase Constant propagation created 8 cells and removed 9 cells

Phase 3 Sweep
Phase 3 Sweep | Checksum: 86d39e4a

Time (s): cpu = 00:00:00.02 ; elapsed = 00:00:00.02 . Memory (MB): peak = 2682.055 ; gain = 0.000 ; free physical = 750 ; free virtual = 4395
INFO: [Opt 31-389] Phase Sweep created 8 cells and removed 0 cells

Phase 4 BUFG optimization
Phase 4 BUFG optimization | Checksum: 86d39e4a

Time (s): cpu = 00:00:00.02 ; elapsed = 00:00:00.02 . Memory (MB): peak = 2682.055 ; gain = 0.000 ; free physical = 750 ; free virtual = 4395
INFO: [Opt 31-662] Phase BUFG optimization created 0 cells of which 0 are BUFGs and removed 0 cells.

Phase 5 Shift Register Optimization
INFO: [Opt 31-1064] SRL Remap converted 0 SRLs to 0 registers and converted 0 registers of register chains to 0 SRLs
Phase 5 Shift Register Optimization | Checksum: 86d39e4a

Time (s): cpu = 00:00:00.02 ; elapsed = 00:00:00.02 . Memory (MB): peak = 2682.055 ; gain = 0.000 ; free physical = 750 ; free virtual = 4395
INFO: [Opt 31-389] Phase Shift Register Optimization created 0 cells and removed 0 cells

Phase 6 Post Processing Netlist
Phase 6 Post Processing Netlist | Checksum: 78d087ee

Time (s): cpu = 00:00:00.02 ; elapsed = 00:00:00.03 . Memory (MB): peak = 2682.055 ; gain = 0.000 ; free physical = 750 ; free virtual = 4395
INFO: [Opt 31-389] Phase Post Processing Netlist created 0 cells and removed 0 cells
Opt_design Change Summary
=========================


-------------------------------------------------------------------------------------------------------------------------
|  Phase                        |  #Cells created  |  #Cells Removed  |  #Constrained objects preventing optimizations  |
-------------------------------------------------------------------------------------------------------------------------
|  Retarget                     |               0  |               0  |                                              0  |
|  Constant propagation         |               8  |               9  |                                              0  |
|  Sweep                        |               8  |               0  |                                              0  |
|  BUFG optimization            |               0  |               0  |                                              0  |
|  Shift Register Optimization  |               0  |               0  |                                              0  |
|  Post Processing Netlist      |               0  |               0  |                                              0  |
-------------------------------------------------------------------------------------------------------------------------



Starting Connectivity Check Task

Time (s): cpu = 00:00:00 ; elapsed = 00:00:00 . Memory (MB): peak = 2682.055 ; gain = 0.000 ; free physical = 750 ; free virtual = 4395
Ending Logic Optimization Task | Checksum: 18dded900

Time (s): cpu = 00:00:00.07 ; elapsed = 00:00:00.04 . Memory (MB): peak = 2682.055 ; gain = 0.000 ; free physical = 750 ; free virtual = 4395

Starting Power Optimization Task
INFO: [Pwropt 34-132] Skipping clock gating for clocks with a period < 2.00 ns.
Ending Power Optimization Task | Checksum: 18dded900

Time (s): cpu = 00:00:00.03 ; elapsed = 00:00:00 . Memory (MB): peak = 2682.055 ; gain = 0.000 ; free physical = 751 ; free virtual = 4396

Starting Final Cleanup Task
Ending Final Cleanup Task | Checksum: 18dded900

Time (s): cpu = 00:00:00 ; elapsed = 00:00:00 . Memory (MB): peak = 2682.055 ; gain = 0.000 ; free physical = 751 ; free virtual = 4396

Starting Netlist Obfuscation Task
Netlist sorting complete. Time (s): cpu = 00:00:00 ; elapsed = 00:00:00 . Memory (MB): peak = 2682.055 ; gain = 0.000 ; free physical = 751 ; free virtual = 4396
Ending Netlist Obfuscation Task | Checksum: 18dded900

Time (s): cpu = 00:00:00 ; elapsed = 00:00:00 . Memory (MB): peak = 2682.055 ; gain = 0.000 ; free physical = 751 ; free virtual = 4396
INFO: [Common 17-83] Releasing license: Implementation
24 Infos, 0 Warnings, 0 Critical Warnings and 0 Errors encountered.
opt_design completed successfully
opt_design: Time (s): cpu = 00:00:06 ; elapsed = 00:00:05 . Memory (MB): peak = 2682.055 ; gain = 283.812 ; free physical = 751 ; free virtual = 4396
INFO: [Timing 38-480] Writing timing data to binary archive.
Writing placer database...
Writing XDEF routing.
Writing XDEF routing logical nets.
Writing XDEF routing special nets.
Write XDEF Complete: Time (s): cpu = 00:00:00.02 ; elapsed = 00:00:00.01 . Memory (MB): peak = 2722.074 ; gain = 0.000 ; free physical = 749 ; free virtual = 4395
INFO: [Common 17-1381] The checkpoint '/home/yonn/vivado_project/20240528_DedicatedProcess/20240528_DedicatedProcess.runs/impl_1/DedicatedProcessor_opt.dcp' has been generated.
INFO: [runtcl-4] Executing : report_drc -file DedicatedProcessor_drc_opted.rpt -pb DedicatedProcessor_drc_opted.pb -rpx DedicatedProcessor_drc_opted.rpx
Command: report_drc -file DedicatedProcessor_drc_opted.rpt -pb DedicatedProcessor_drc_opted.pb -rpx DedicatedProcessor_drc_opted.rpx
INFO: [IP_Flow 19-234] Refreshing IP repositories
INFO: [IP_Flow 19-1704] No user IP repositories specified
INFO: [IP_Flow 19-2313] Loaded Vivado IP repository '/home/yonn/Xilinx/Vivado/2020.2/data/ip'.
INFO: [Timing 38-35] Done setting XDC timing constraints.
INFO: [DRC 23-27] Running DRC with 8 threads
INFO: [Coretcl 2-168] The results of DRC are in file /home/yonn/vivado_project/20240528_DedicatedProcess/20240528_DedicatedProcess.runs/impl_1/DedicatedProcessor_drc_opted.rpt.
report_drc completed successfully
Command: place_design
Attempting to get a license for feature 'Implementation' and/or device 'xc7a35t'
INFO: [Common 17-349] Got license for feature 'Implementation' and/or device 'xc7a35t'
INFO: [DRC 23-27] Running DRC with 8 threads
INFO: [Vivado_Tcl 4-198] DRC finished with 0 Errors
INFO: [Vivado_Tcl 4-199] Please refer to the DRC report (report_drc) for more information.
Running DRC as a precondition to command place_design
INFO: [DRC 23-27] Running DRC with 8 threads
INFO: [Vivado_Tcl 4-198] DRC finished with 0 Errors
INFO: [Vivado_Tcl 4-199] Please refer to the DRC report (report_drc) for more information.

Starting Placer Task
INFO: [Place 30-611] Multithreading enabled for place_design using a maximum of 8 CPUs

Phase 1 Placer Initialization

Phase 1.1 Placer Initialization Netlist Sorting
Netlist sorting complete. Time (s): cpu = 00:00:00 ; elapsed = 00:00:00 . Memory (MB): peak = 2895.133 ; gain = 0.000 ; free physical = 678 ; free virtual = 4323
Phase 1.1 Placer Initialization Netlist Sorting | Checksum: 9ff37ca0

Time (s): cpu = 00:00:00 ; elapsed = 00:00:00.01 . Memory (MB): peak = 2895.133 ; gain = 0.000 ; free physical = 678 ; free virtual = 4323
Netlist sorting complete. Time (s): cpu = 00:00:00 ; elapsed = 00:00:00 . Memory (MB): peak = 2895.133 ; gain = 0.000 ; free physical = 678 ; free virtual = 4323

Phase 1.2 IO Placement/ Clock Placement/ Build Placer Device
Phase 1.2 IO Placement/ Clock Placement/ Build Placer Device | Checksum: 1c82d00bb

Time (s): cpu = 00:00:00.34 ; elapsed = 00:00:00.12 . Memory (MB): peak = 2895.133 ; gain = 0.000 ; free physical = 707 ; free virtual = 4352

Phase 1.3 Build Placer Netlist Model
Phase 1.3 Build Placer Netlist Model | Checksum: 1d0af2364

Time (s): cpu = 00:00:00.52 ; elapsed = 00:00:00.19 . Memory (MB): peak = 2895.133 ; gain = 0.000 ; free physical = 721 ; free virtual = 4366

Phase 1.4 Constrain Clocks/Macros
Phase 1.4 Constrain Clocks/Macros | Checksum: 1d0af2364

Time (s): cpu = 00:00:00.52 ; elapsed = 00:00:00.19 . Memory (MB): peak = 2895.133 ; gain = 0.000 ; free physical = 721 ; free virtual = 4366
Phase 1 Placer Initialization | Checksum: 1d0af2364

Time (s): cpu = 00:00:00.52 ; elapsed = 00:00:00.19 . Memory (MB): peak = 2895.133 ; gain = 0.000 ; free physical = 721 ; free virtual = 4366

Phase 2 Global Placement

Phase 2.1 Floorplanning
Phase 2.1 Floorplanning | Checksum: 210a7fd11

Time (s): cpu = 00:00:00.82 ; elapsed = 00:00:00.25 . Memory (MB): peak = 2895.133 ; gain = 0.000 ; free physical = 712 ; free virtual = 4357

Phase 2.2 Update Timing before SLR Path Opt
Phase 2.2 Update Timing before SLR Path Opt | Checksum: 1c881a4b8

Time (s): cpu = 00:00:00.91 ; elapsed = 00:00:00.27 . Memory (MB): peak = 2895.133 ; gain = 0.000 ; free physical = 712 ; free virtual = 4357

Phase 2.3 Global Placement Core

Phase 2.3.1 Physical Synthesis In Placer
INFO: [Physopt 32-1044] Break lutnm for timing: one critical 0, two critical 0, total 0, new lutff created 0
INFO: [Physopt 32-775] End 1 Pass. Optimized 0 net or cell. Created 0 new cell, deleted 0 existing cell and moved 0 existing cell
INFO: [Physopt 32-65] No nets found for high-fanout optimization.
INFO: [Physopt 32-232] Optimized 0 net. Created 0 new instance.
INFO: [Physopt 32-775] End 1 Pass. Optimized 0 net or cell. Created 0 new cell, deleted 0 existing cell and moved 0 existing cell
INFO: [Physopt 32-670] No setup violation found.  DSP Register Optimization was not performed.
INFO: [Physopt 32-670] No setup violation found.  Shift Register to Pipeline Optimization was not performed.
INFO: [Physopt 32-670] No setup violation found.  Shift Register Optimization was not performed.
INFO: [Physopt 32-670] No setup violation found.  BRAM Register Optimization was not performed.
INFO: [Physopt 32-670] No setup violation found.  URAM Register Optimization was not performed.
INFO: [Physopt 32-949] No candidate nets found for dynamic/static region interface net replication
INFO: [Physopt 32-775] End 1 Pass. Optimized 0 net or cell. Created 0 new cell, deleted 0 existing cell and moved 0 existing cell
Netlist sorting complete. Time (s): cpu = 00:00:00 ; elapsed = 00:00:00 . Memory (MB): peak = 2895.133 ; gain = 0.000 ; free physical = 700 ; free virtual = 4345

Summary of Physical Synthesis Optimizations
============================================


-----------------------------------------------------------------------------------------------------------------------------------------------------------
|  Optimization                                     |  Added Cells  |  Removed Cells  |  Optimized Cells/Nets  |  Dont Touch  |  Iterations  |  Elapsed   |
-----------------------------------------------------------------------------------------------------------------------------------------------------------
|  LUT Combining                                    |            0  |              0  |                     0  |           0  |           1  |  00:00:00  |
|  Very High Fanout                                 |            0  |              0  |                     0  |           0  |           1  |  00:00:00  |
|  DSP Register                                     |            0  |              0  |                     0  |           0  |           0  |  00:00:00  |
|  Shift Register to Pipeline                       |            0  |              0  |                     0  |           0  |           0  |  00:00:00  |
|  Shift Register                                   |            0  |              0  |                     0  |           0  |           0  |  00:00:00  |
|  BRAM Register                                    |            0  |              0  |                     0  |           0  |           0  |  00:00:00  |
|  URAM Register                                    |            0  |              0  |                     0  |           0  |           0  |  00:00:00  |
|  Dynamic/Static Region Interface Net Replication  |            0  |              0  |                     0  |           0  |           1  |  00:00:00  |
|  Total                                            |            0  |              0  |                     0  |           0  |           3  |  00:00:00  |
-----------------------------------------------------------------------------------------------------------------------------------------------------------


Phase 2.3.1 Physical Synthesis In Placer | Checksum: 2a08def87

Time (s): cpu = 00:00:03 ; elapsed = 00:00:00.90 . Memory (MB): peak = 2895.133 ; gain = 0.000 ; free physical = 700 ; free virtual = 4345
Phase 2.3 Global Placement Core | Checksum: 1ee0ab529

Time (s): cpu = 00:00:03 ; elapsed = 00:00:00.92 . Memory (MB): peak = 2895.133 ; gain = 0.000 ; free physical = 699 ; free virtual = 4344
Phase 2 Global Placement | Checksum: 1ee0ab529

Time (s): cpu = 00:00:03 ; elapsed = 00:00:00.92 . Memory (MB): peak = 2895.133 ; gain = 0.000 ; free physical = 699 ; free virtual = 4344

Phase 3 Detail Placement

Phase 3.1 Commit Multi Column Macros
Phase 3.1 Commit Multi Column Macros | Checksum: 283f76555

Time (s): cpu = 00:00:03 ; elapsed = 00:00:00.94 . Memory (MB): peak = 2895.133 ; gain = 0.000 ; free physical = 700 ; free virtual = 4345

Phase 3.2 Commit Most Macros & LUTRAMs
Phase 3.2 Commit Most Macros & LUTRAMs | Checksum: 22ee337cc

Time (s): cpu = 00:00:03 ; elapsed = 00:00:00.97 . Memory (MB): peak = 2895.133 ; gain = 0.000 ; free physical = 699 ; free virtual = 4345

Phase 3.3 Area Swap Optimization
Phase 3.3 Area Swap Optimization | Checksum: 20a6f74d0

Time (s): cpu = 00:00:03 ; elapsed = 00:00:00.97 . Memory (MB): peak = 2895.133 ; gain = 0.000 ; free physical = 699 ; free virtual = 4345

Phase 3.4 Pipeline Register Optimization
Phase 3.4 Pipeline Register Optimization | Checksum: 2508c5094

Time (s): cpu = 00:00:03 ; elapsed = 00:00:00.98 . Memory (MB): peak = 2895.133 ; gain = 0.000 ; free physical = 699 ; free virtual = 4345

Phase 3.5 Small Shape Detail Placement
Phase 3.5 Small Shape Detail Placement | Checksum: 1a0a2b9a5

Time (s): cpu = 00:00:04 ; elapsed = 00:00:01 . Memory (MB): peak = 2895.133 ; gain = 0.000 ; free physical = 696 ; free virtual = 4341

Phase 3.6 Re-assign LUT pins
Phase 3.6 Re-assign LUT pins | Checksum: 138d6d634

Time (s): cpu = 00:00:04 ; elapsed = 00:00:01 . Memory (MB): peak = 2895.133 ; gain = 0.000 ; free physical = 696 ; free virtual = 4341

Phase 3.7 Pipeline Register Optimization
Phase 3.7 Pipeline Register Optimization | Checksum: 212b3ea58

Time (s): cpu = 00:00:04 ; elapsed = 00:00:01 . Memory (MB): peak = 2895.133 ; gain = 0.000 ; free physical = 696 ; free virtual = 4341
Phase 3 Detail Placement | Checksum: 212b3ea58

Time (s): cpu = 00:00:04 ; elapsed = 00:00:01 . Memory (MB): peak = 2895.133 ; gain = 0.000 ; free physical = 696 ; free virtual = 4341

Phase 4 Post Placement Optimization and Clean-Up

Phase 4.1 Post Commit Optimization
INFO: [Timing 38-35] Done setting XDC timing constraints.

Phase 4.1.1 Post Placement Optimization
Post Placement Optimization Initialization | Checksum: e051c9da

Phase 4.1.1.1 BUFG Insertion

Starting Physical Synthesis Task

Phase 1 Physical Synthesis Initialization
INFO: [Physopt 32-721] Multithreading enabled for phys_opt_design using a maximum of 8 CPUs
INFO: [Physopt 32-619] Estimated Timing Summary | WNS=6.501 | TNS=0.000 |
Phase 1 Physical Synthesis Initialization | Checksum: 185bab0da

Time (s): cpu = 00:00:00.07 ; elapsed = 00:00:00.01 . Memory (MB): peak = 2895.133 ; gain = 0.000 ; free physical = 696 ; free virtual = 4342
INFO: [Place 46-56] BUFG insertion identified 0 candidate nets. Inserted BUFG: 0, Replicated BUFG Driver: 0, Skipped due to Placement/Routing Conflicts: 0, Skipped due to Timing Degradation: 0, Skipped due to Illegal Netlist: 0.
Ending Physical Synthesis Task | Checksum: 14d0d7961

Time (s): cpu = 00:00:00.07 ; elapsed = 00:00:00.01 . Memory (MB): peak = 2895.133 ; gain = 0.000 ; free physical = 696 ; free virtual = 4342
Phase 4.1.1.1 BUFG Insertion | Checksum: e051c9da

Time (s): cpu = 00:00:04 ; elapsed = 00:00:01 . Memory (MB): peak = 2895.133 ; gain = 0.000 ; free physical = 696 ; free virtual = 4342
INFO: [Place 30-746] Post Placement Timing Summary WNS=6.501. For the most accurate timing information please run report_timing.

Time (s): cpu = 00:00:04 ; elapsed = 00:00:01 . Memory (MB): peak = 2895.133 ; gain = 0.000 ; free physical = 696 ; free virtual = 4342
Phase 4.1 Post Commit Optimization | Checksum: 131f28feb

Time (s): cpu = 00:00:04 ; elapsed = 00:00:01 . Memory (MB): peak = 2895.133 ; gain = 0.000 ; free physical = 696 ; free virtual = 4342

Phase 4.2 Post Placement Cleanup
Phase 4.2 Post Placement Cleanup | Checksum: 131f28feb

Time (s): cpu = 00:00:04 ; elapsed = 00:00:01 . Memory (MB): peak = 2895.133 ; gain = 0.000 ; free physical = 697 ; free virtual = 4342

Phase 4.3 Placer Reporting

Phase 4.3.1 Print Estimated Congestion
INFO: [Place 30-612] Post-Placement Estimated Congestion 
 ____________________________________________________
|           | Global Congestion | Short Congestion  |
| Direction | Region Size       | Region Size       |
|___________|___________________|___________________|
|      North|                1x1|                1x1|
|___________|___________________|___________________|
|      South|                1x1|                1x1|
|___________|___________________|___________________|
|       East|                1x1|                1x1|
|___________|___________________|___________________|
|       West|                1x1|                1x1|
|___________|___________________|___________________|

Phase 4.3.1 Print Estimated Congestion | Checksum: 131f28feb

Time (s): cpu = 00:00:04 ; elapsed = 00:00:01 . Memory (MB): peak = 2895.133 ; gain = 0.000 ; free physical = 697 ; free virtual = 4342
Phase 4.3 Placer Reporting | Checksum: 131f28feb

Time (s): cpu = 00:00:04 ; elapsed = 00:00:01 . Memory (MB): peak = 2895.133 ; gain = 0.000 ; free physical = 697 ; free virtual = 4342

Phase 4.4 Final Placement Cleanup
Netlist sorting complete. Time (s): cpu = 00:00:00 ; elapsed = 00:00:00 . Memory (MB): peak = 2895.133 ; gain = 0.000 ; free physical = 697 ; free virtual = 4342

Time (s): cpu = 00:00:04 ; elapsed = 00:00:01 . Memory (MB): peak = 2895.133 ; gain = 0.000 ; free physical = 697 ; free virtual = 4342
Phase 4 Post Placement Optimization and Clean-Up | Checksum: 1391af662

Time (s): cpu = 00:00:04 ; elapsed = 00:00:01 . Memory (MB): peak = 2895.133 ; gain = 0.000 ; free physical = 697 ; free virtual = 4342
Ending Placer Task | Checksum: 664a8378

Time (s): cpu = 00:00:04 ; elapsed = 00:00:01 . Memory (MB): peak = 2895.133 ; gain = 0.000 ; free physical = 697 ; free virtual = 4342
INFO: [Common 17-83] Releasing license: Implementation
60 Infos, 0 Warnings, 0 Critical Warnings and 0 Errors encountered.
place_design completed successfully
INFO: [Timing 38-480] Writing timing data to binary archive.
Writing placer database...
Writing XDEF routing.
Writing XDEF routing logical nets.
Writing XDEF routing special nets.
Write XDEF Complete: Time (s): cpu = 00:00:00.04 ; elapsed = 00:00:00.02 . Memory (MB): peak = 2895.133 ; gain = 0.000 ; free physical = 711 ; free virtual = 4357
INFO: [Common 17-1381] The checkpoint '/home/yonn/vivado_project/20240528_DedicatedProcess/20240528_DedicatedProcess.runs/impl_1/DedicatedProcessor_placed.dcp' has been generated.
INFO: [runtcl-4] Executing : report_io -file DedicatedProcessor_io_placed.rpt
report_io: Time (s): cpu = 00:00:00.05 ; elapsed = 00:00:00.06 . Memory (MB): peak = 2895.133 ; gain = 0.000 ; free physical = 704 ; free virtual = 4349
INFO: [runtcl-4] Executing : report_utilization -file DedicatedProcessor_utilization_placed.rpt -pb DedicatedProcessor_utilization_placed.pb
INFO: [runtcl-4] Executing : report_control_sets -verbose -file DedicatedProcessor_control_sets_placed.rpt
report_control_sets: Time (s): cpu = 00:00:00.02 ; elapsed = 00:00:00.04 . Memory (MB): peak = 2895.133 ; gain = 0.000 ; free physical = 706 ; free virtual = 4351
Command: phys_opt_design
Attempting to get a license for feature 'Implementation' and/or device 'xc7a35t'
INFO: [Common 17-349] Got license for feature 'Implementation' and/or device 'xc7a35t'
INFO: [Vivado_Tcl 4-383] Design worst setup slack (WNS) is greater than or equal to 0.000 ns. Skipping all physical synthesis optimizations.
INFO: [Vivado_Tcl 4-232] No setup violation found. The netlist was not modified.
INFO: [Common 17-83] Releasing license: Implementation
69 Infos, 0 Warnings, 0 Critical Warnings and 0 Errors encountered.
phys_opt_design completed successfully
INFO: [Timing 38-480] Writing timing data to binary archive.
Writing placer database...
Writing XDEF routing.
Writing XDEF routing logical nets.
Writing XDEF routing special nets.
Write XDEF Complete: Time (s): cpu = 00:00:00.02 ; elapsed = 00:00:00.01 . Memory (MB): peak = 2895.133 ; gain = 0.000 ; free physical = 682 ; free virtual = 4328
INFO: [Common 17-1381] The checkpoint '/home/yonn/vivado_project/20240528_DedicatedProcess/20240528_DedicatedProcess.runs/impl_1/DedicatedProcessor_physopt.dcp' has been generated.
Command: route_design
Attempting to get a license for feature 'Implementation' and/or device 'xc7a35t'
INFO: [Common 17-349] Got license for feature 'Implementation' and/or device 'xc7a35t'
Running DRC as a precondition to command route_design
INFO: [DRC 23-27] Running DRC with 8 threads
INFO: [Vivado_Tcl 4-198] DRC finished with 0 Errors
INFO: [Vivado_Tcl 4-199] Please refer to the DRC report (report_drc) for more information.


Starting Routing Task
INFO: [Route 35-254] Multithreading enabled for route_design using a maximum of 8 CPUs
Checksum: PlaceDB: 48827560 ConstDB: 0 ShapeSum: 1dc80e18 RouteDB: 0

Phase 1 Build RT Design
Phase 1 Build RT Design | Checksum: 167be4ecc

Time (s): cpu = 00:00:07 ; elapsed = 00:00:05 . Memory (MB): peak = 2895.133 ; gain = 0.000 ; free physical = 569 ; free virtual = 4214
Post Restoration Checksum: NetGraph: c941e79d NumContArr: 9e7c672f Constraints: 0 Timing: 0

Phase 2 Router Initialization

Phase 2.1 Create Timer
Phase 2.1 Create Timer | Checksum: 167be4ecc

Time (s): cpu = 00:00:07 ; elapsed = 00:00:05 . Memory (MB): peak = 2895.133 ; gain = 0.000 ; free physical = 569 ; free virtual = 4215

Phase 2.2 Fix Topology Constraints
Phase 2.2 Fix Topology Constraints | Checksum: 167be4ecc

Time (s): cpu = 00:00:07 ; elapsed = 00:00:05 . Memory (MB): peak = 2895.133 ; gain = 0.000 ; free physical = 532 ; free virtual = 4178

Phase 2.3 Pre Route Cleanup
Phase 2.3 Pre Route Cleanup | Checksum: 167be4ecc

Time (s): cpu = 00:00:07 ; elapsed = 00:00:05 . Memory (MB): peak = 2895.133 ; gain = 0.000 ; free physical = 532 ; free virtual = 4178
 Number of Nodes with overlaps = 0

Phase 2.4 Update Timing
Phase 2.4 Update Timing | Checksum: 12cbbb539

Time (s): cpu = 00:00:07 ; elapsed = 00:00:05 . Memory (MB): peak = 2895.133 ; gain = 0.000 ; free physical = 526 ; free virtual = 4172
INFO: [Route 35-416] Intermediate Timing Summary | WNS=6.474  | TNS=0.000  | WHS=-0.014 | THS=-0.080 |

Phase 2 Router Initialization | Checksum: 17027d297

Time (s): cpu = 00:00:07 ; elapsed = 00:00:05 . Memory (MB): peak = 2895.133 ; gain = 0.000 ; free physical = 526 ; free virtual = 4172

Router Utilization Summary
  Global Vertical Routing Utilization    = 0.000797257 %
  Global Horizontal Routing Utilization  = 0.000650703 %
  Routable Net Status*
  *Does not include unroutable nets such as driverless and loadless.
  Run report_route_status for detailed report.
  Number of Failed Nets               = 183
    (Failed Nets is the sum of unrouted and partially routed nets)
  Number of Unrouted Nets             = 182
  Number of Partially Routed Nets     = 1
  Number of Node Overlaps             = 0


Phase 3 Initial Routing

Phase 3.1 Global Routing
Phase 3.1 Global Routing | Checksum: 17027d297

Time (s): cpu = 00:00:07 ; elapsed = 00:00:05 . Memory (MB): peak = 2895.133 ; gain = 0.000 ; free physical = 524 ; free virtual = 4170
Phase 3 Initial Routing | Checksum: c1ee6ff6

Time (s): cpu = 00:00:07 ; elapsed = 00:00:05 . Memory (MB): peak = 2895.133 ; gain = 0.000 ; free physical = 525 ; free virtual = 4171

Phase 4 Rip-up And Reroute

Phase 4.1 Global Iteration 0
 Number of Nodes with overlaps = 9
 Number of Nodes with overlaps = 0
INFO: [Route 35-416] Intermediate Timing Summary | WNS=5.899  | TNS=0.000  | WHS=N/A    | THS=N/A    |

Phase 4.1 Global Iteration 0 | Checksum: 19f2f95bb

Time (s): cpu = 00:00:07 ; elapsed = 00:00:06 . Memory (MB): peak = 2895.133 ; gain = 0.000 ; free physical = 525 ; free virtual = 4171
Phase 4 Rip-up And Reroute | Checksum: 19f2f95bb

Time (s): cpu = 00:00:07 ; elapsed = 00:00:06 . Memory (MB): peak = 2895.133 ; gain = 0.000 ; free physical = 525 ; free virtual = 4171

Phase 5 Delay and Skew Optimization

Phase 5.1 Delay CleanUp

Phase 5.1.1 Update Timing
Phase 5.1.1 Update Timing | Checksum: 126291869

Time (s): cpu = 00:00:07 ; elapsed = 00:00:06 . Memory (MB): peak = 2895.133 ; gain = 0.000 ; free physical = 525 ; free virtual = 4171
INFO: [Route 35-416] Intermediate Timing Summary | WNS=5.559  | TNS=0.000  | WHS=N/A    | THS=N/A    |

Phase 5.1 Delay CleanUp | Checksum: 126291869

Time (s): cpu = 00:00:07 ; elapsed = 00:00:06 . Memory (MB): peak = 2895.133 ; gain = 0.000 ; free physical = 525 ; free virtual = 4171

Phase 5.2 Clock Skew Optimization
Phase 5.2 Clock Skew Optimization | Checksum: 126291869

Time (s): cpu = 00:00:07 ; elapsed = 00:00:06 . Memory (MB): peak = 2895.133 ; gain = 0.000 ; free physical = 525 ; free virtual = 4171
Phase 5 Delay and Skew Optimization | Checksum: 126291869

Time (s): cpu = 00:00:07 ; elapsed = 00:00:06 . Memory (MB): peak = 2895.133 ; gain = 0.000 ; free physical = 525 ; free virtual = 4171

Phase 6 Post Hold Fix

Phase 6.1 Hold Fix Iter

Phase 6.1.1 Update Timing
Phase 6.1.1 Update Timing | Checksum: 156eac95d

Time (s): cpu = 00:00:07 ; elapsed = 00:00:06 . Memory (MB): peak = 2895.133 ; gain = 0.000 ; free physical = 525 ; free virtual = 4171
INFO: [Route 35-416] Intermediate Timing Summary | WNS=5.559  | TNS=0.000  | WHS=0.250  | THS=0.000  |

Phase 6.1 Hold Fix Iter | Checksum: fd52e395

Time (s): cpu = 00:00:07 ; elapsed = 00:00:06 . Memory (MB): peak = 2895.133 ; gain = 0.000 ; free physical = 525 ; free virtual = 4171
Phase 6 Post Hold Fix | Checksum: fd52e395

Time (s): cpu = 00:00:07 ; elapsed = 00:00:06 . Memory (MB): peak = 2895.133 ; gain = 0.000 ; free physical = 525 ; free virtual = 4171

Phase 7 Route finalize

Router Utilization Summary
  Global Vertical Routing Utilization    = 0.0338037 %
  Global Horizontal Routing Utilization  = 0.0684539 %
  Routable Net Status*
  *Does not include unroutable nets such as driverless and loadless.
  Run report_route_status for detailed report.
  Number of Failed Nets               = 0
    (Failed Nets is the sum of unrouted and partially routed nets)
  Number of Unrouted Nets             = 0
  Number of Partially Routed Nets     = 0
  Number of Node Overlaps             = 0

Phase 7 Route finalize | Checksum: 1c9dc530e

Time (s): cpu = 00:00:07 ; elapsed = 00:00:06 . Memory (MB): peak = 2895.133 ; gain = 0.000 ; free physical = 526 ; free virtual = 4171

Phase 8 Verifying routed nets

 Verification completed successfully
Phase 8 Verifying routed nets | Checksum: 1c9dc530e

Time (s): cpu = 00:00:07 ; elapsed = 00:00:06 . Memory (MB): peak = 2895.133 ; gain = 0.000 ; free physical = 525 ; free virtual = 4171

Phase 9 Depositing Routes
Phase 9 Depositing Routes | Checksum: 19634a8c9

Time (s): cpu = 00:00:07 ; elapsed = 00:00:06 . Memory (MB): peak = 2911.055 ; gain = 15.922 ; free physical = 526 ; free virtual = 4172

Phase 10 Post Router Timing
INFO: [Route 35-57] Estimated Timing Summary | WNS=5.559  | TNS=0.000  | WHS=0.250  | THS=0.000  |

INFO: [Route 35-327] The final timing numbers are based on the router estimated timing analysis. For a complete and accurate timing signoff, please run report_timing_summary.
Phase 10 Post Router Timing | Checksum: 19634a8c9

Time (s): cpu = 00:00:07 ; elapsed = 00:00:06 . Memory (MB): peak = 2911.055 ; gain = 15.922 ; free physical = 526 ; free virtual = 4172
INFO: [Route 35-16] Router Completed Successfully

Time (s): cpu = 00:00:07 ; elapsed = 00:00:06 . Memory (MB): peak = 2911.055 ; gain = 15.922 ; free physical = 561 ; free virtual = 4206

Routing Is Done.
INFO: [Common 17-83] Releasing license: Implementation
84 Infos, 0 Warnings, 0 Critical Warnings and 0 Errors encountered.
route_design completed successfully
route_design: Time (s): cpu = 00:00:08 ; elapsed = 00:00:06 . Memory (MB): peak = 2911.055 ; gain = 15.922 ; free physical = 561 ; free virtual = 4206
INFO: [Timing 38-480] Writing timing data to binary archive.
Writing placer database...
Writing XDEF routing.
Writing XDEF routing logical nets.
Writing XDEF routing special nets.
Write XDEF Complete: Time (s): cpu = 00:00:00.03 ; elapsed = 00:00:00.01 . Memory (MB): peak = 2911.055 ; gain = 0.000 ; free physical = 561 ; free virtual = 4208
INFO: [Common 17-1381] The checkpoint '/home/yonn/vivado_project/20240528_DedicatedProcess/20240528_DedicatedProcess.runs/impl_1/DedicatedProcessor_routed.dcp' has been generated.
INFO: [runtcl-4] Executing : report_drc -file DedicatedProcessor_drc_routed.rpt -pb DedicatedProcessor_drc_routed.pb -rpx DedicatedProcessor_drc_routed.rpx
Command: report_drc -file DedicatedProcessor_drc_routed.rpt -pb DedicatedProcessor_drc_routed.pb -rpx DedicatedProcessor_drc_routed.rpx
INFO: [IP_Flow 19-1839] IP Catalog is up to date.
INFO: [DRC 23-27] Running DRC with 8 threads
INFO: [Coretcl 2-168] The results of DRC are in file /home/yonn/vivado_project/20240528_DedicatedProcess/20240528_DedicatedProcess.runs/impl_1/DedicatedProcessor_drc_routed.rpt.
report_drc completed successfully
INFO: [runtcl-4] Executing : report_methodology -file DedicatedProcessor_methodology_drc_routed.rpt -pb DedicatedProcessor_methodology_drc_routed.pb -rpx DedicatedProcessor_methodology_drc_routed.rpx
Command: report_methodology -file DedicatedProcessor_methodology_drc_routed.rpt -pb DedicatedProcessor_methodology_drc_routed.pb -rpx DedicatedProcessor_methodology_drc_routed.rpx
INFO: [Timing 38-35] Done setting XDC timing constraints.
INFO: [DRC 23-133] Running Methodology with 8 threads
INFO: [Coretcl 2-1520] The results of Report Methodology are in file /home/yonn/vivado_project/20240528_DedicatedProcess/20240528_DedicatedProcess.runs/impl_1/DedicatedProcessor_methodology_drc_routed.rpt.
report_methodology completed successfully
INFO: [runtcl-4] Executing : report_power -file DedicatedProcessor_power_routed.rpt -pb DedicatedProcessor_power_summary_routed.pb -rpx DedicatedProcessor_power_routed.rpx
Command: report_power -file DedicatedProcessor_power_routed.rpt -pb DedicatedProcessor_power_summary_routed.pb -rpx DedicatedProcessor_power_routed.rpx
INFO: [Timing 38-35] Done setting XDC timing constraints.
Running Vector-less Activity Propagation...

Finished Running Vector-less Activity Propagation
96 Infos, 0 Warnings, 0 Critical Warnings and 0 Errors encountered.
report_power completed successfully
INFO: [runtcl-4] Executing : report_route_status -file DedicatedProcessor_route_status.rpt -pb DedicatedProcessor_route_status.pb
INFO: [runtcl-4] Executing : report_timing_summary -max_paths 10 -file DedicatedProcessor_timing_summary_routed.rpt -pb DedicatedProcessor_timing_summary_routed.pb -rpx DedicatedProcessor_timing_summary_routed.rpx -warn_on_violation 
INFO: [Timing 38-91] UpdateTimingParams: Speed grade: -1, Delay Type: min_max.
INFO: [Timing 38-191] Multithreading enabled for timing update using a maximum of 8 CPUs
INFO: [runtcl-4] Executing : report_incremental_reuse -file DedicatedProcessor_incremental_reuse_routed.rpt
INFO: [Vivado_Tcl 4-1062] Incremental flow is disabled. No incremental reuse Info to report.
INFO: [runtcl-4] Executing : report_clock_utilization -file DedicatedProcessor_clock_utilization_routed.rpt
INFO: [runtcl-4] Executing : report_bus_skew -warn_on_violation -file DedicatedProcessor_bus_skew_routed.rpt -pb DedicatedProcessor_bus_skew_routed.pb -rpx DedicatedProcessor_bus_skew_routed.rpx
INFO: [Timing 38-91] UpdateTimingParams: Speed grade: -1, Delay Type: min_max.
INFO: [Timing 38-191] Multithreading enabled for timing update using a maximum of 8 CPUs
Command: write_bitstream -force DedicatedProcessor.bit
Attempting to get a license for feature 'Implementation' and/or device 'xc7a35t'
INFO: [Common 17-349] Got license for feature 'Implementation' and/or device 'xc7a35t'
Running DRC as a precondition to command write_bitstream
INFO: [IP_Flow 19-1839] IP Catalog is up to date.
INFO: [DRC 23-27] Running DRC with 8 threads
INFO: [Vivado 12-3199] DRC finished with 0 Errors
INFO: [Vivado 12-3200] Please refer to the DRC report (report_drc) for more information.
INFO: [Designutils 20-2272] Running write_bitstream with 8 threads.
Loading data files...
Loading site data...
Loading route data...
Processing options...
Creating bitmap...
Creating bitstream...
Writing bitstream ./DedicatedProcessor.bit...
INFO: [Vivado 12-1842] Bitgen Completed Successfully.
INFO: [Project 1-120] WebTalk data collection is mandatory when using a WebPACK part without a full Vivado license. To see the specific WebTalk data collected for your design, open the usage_statistics_webtalk.html or usage_statistics_webtalk.xml file in the implementation directory.
INFO: [Common 17-83] Releasing license: Implementation
12 Infos, 0 Warnings, 0 Critical Warnings and 0 Errors encountered.
write_bitstream completed successfully
write_bitstream: Time (s): cpu = 00:00:06 ; elapsed = 00:00:15 . Memory (MB): peak = 3235.648 ; gain = 204.098 ; free physical = 529 ; free virtual = 4178
INFO: [Common 17-206] Exiting Vivado at Tue May 28 15:11:07 2024...
