
*** Running vivado
    with args -log uartWithLED.vds -m64 -product Vivado -mode batch -messageDb vivado.pb -notrace -source uartWithLED.tcl


****** Vivado v2020.2 (64-bit)
  **** SW Build 3064766 on Wed Nov 18 09:12:47 MST 2020
  **** IP Build 3064653 on Wed Nov 18 14:17:31 MST 2020
    ** Copyright 1986-2020 Xilinx, Inc. All Rights Reserved.

source uartWithLED.tcl -notrace
Command: synth_design -top uartWithLED -part xc7a35tcpg236-1
Starting synth_design
Attempting to get a license for feature 'Synthesis' and/or device 'xc7a35t'
INFO: [Common 17-349] Got license for feature 'Synthesis' and/or device 'xc7a35t'
INFO: [Device 21-403] Loading part xc7a35tcpg236-1
INFO: [Synth 8-7079] Multithreading enabled for synth_design using a maximum of 4 processes.
INFO: [Synth 8-7078] Launching helper process for spawning children vivado processes
INFO: [Synth 8-7075] Helper process launched with PID 228679
---------------------------------------------------------------------------------
Starting RTL Elaboration : Time (s): cpu = 00:00:02 ; elapsed = 00:00:02 . Memory (MB): peak = 2389.969 ; gain = 0.000 ; free physical = 435 ; free virtual = 3891
---------------------------------------------------------------------------------
INFO: [Synth 8-6157] synthesizing module 'uartWithLED' [/home/yonn/vivado_project/20240520_UARTLED/20240520_UARTLED.srcs/sources_1/new/uartWithLED.v:2]
INFO: [Synth 8-6157] synthesizing module 'uart' [/home/yonn/vivado_project/20240520_UARTLED/20240520_UARTLED.srcs/sources_1/imports/new/uart.v:3]
INFO: [Synth 8-6157] synthesizing module 'baudrate_generator' [/home/yonn/vivado_project/20240520_UARTLED/20240520_UARTLED.srcs/sources_1/imports/new/uart.v:46]
WARNING: [Synth 8-6090] variable 'counter_next' is written by both blocking and non-blocking assignments, entire logic could be removed [/home/yonn/vivado_project/20240520_UARTLED/20240520_UARTLED.srcs/sources_1/imports/new/uart.v:73]
INFO: [Synth 8-6155] done synthesizing module 'baudrate_generator' (1#1) [/home/yonn/vivado_project/20240520_UARTLED/20240520_UARTLED.srcs/sources_1/imports/new/uart.v:46]
INFO: [Synth 8-6157] synthesizing module 'transmitter' [/home/yonn/vivado_project/20240520_UARTLED/20240520_UARTLED.srcs/sources_1/imports/new/uart.v:80]
	Parameter IDLE bound to: 0 - type: integer 
	Parameter START bound to: 1 - type: integer 
	Parameter DATA bound to: 2 - type: integer 
	Parameter STOP bound to: 3 - type: integer 
INFO: [Synth 8-6155] done synthesizing module 'transmitter' (2#1) [/home/yonn/vivado_project/20240520_UARTLED/20240520_UARTLED.srcs/sources_1/imports/new/uart.v:80]
INFO: [Synth 8-6157] synthesizing module 'receiver' [/home/yonn/vivado_project/20240520_UARTLED/20240520_UARTLED.srcs/sources_1/imports/new/uart.v:182]
	Parameter IDLE bound to: 0 - type: integer 
	Parameter START bound to: 1 - type: integer 
	Parameter DATA bound to: 2 - type: integer 
	Parameter STOP bound to: 3 - type: integer 
INFO: [Synth 8-6155] done synthesizing module 'receiver' (3#1) [/home/yonn/vivado_project/20240520_UARTLED/20240520_UARTLED.srcs/sources_1/imports/new/uart.v:182]
INFO: [Synth 8-6155] done synthesizing module 'uart' (4#1) [/home/yonn/vivado_project/20240520_UARTLED/20240520_UARTLED.srcs/sources_1/imports/new/uart.v:3]
INFO: [Synth 8-6157] synthesizing module 'led_FSM' [/home/yonn/vivado_project/20240520_UARTLED/20240520_UARTLED.srcs/sources_1/new/uartWithLED.v:39]
	Parameter LED_OFF bound to: 0 - type: integer 
	Parameter LED_ON1 bound to: 1 - type: integer 
	Parameter LED_ON2 bound to: 2 - type: integer 
	Parameter LED_ON3 bound to: 3 - type: integer 
	Parameter zero bound to: 8'b00110000 
	Parameter one bound to: 8'b00110001 
	Parameter two bound to: 8'b00110010 
	Parameter three bound to: 8'b00110011 
INFO: [Synth 8-6155] done synthesizing module 'led_FSM' (5#1) [/home/yonn/vivado_project/20240520_UARTLED/20240520_UARTLED.srcs/sources_1/new/uartWithLED.v:39]
INFO: [Synth 8-6155] done synthesizing module 'uartWithLED' (6#1) [/home/yonn/vivado_project/20240520_UARTLED/20240520_UARTLED.srcs/sources_1/new/uartWithLED.v:2]
---------------------------------------------------------------------------------
Finished RTL Elaboration : Time (s): cpu = 00:00:03 ; elapsed = 00:00:03 . Memory (MB): peak = 2389.969 ; gain = 0.000 ; free physical = 330 ; free virtual = 3786
---------------------------------------------------------------------------------
---------------------------------------------------------------------------------
Start Handling Custom Attributes
---------------------------------------------------------------------------------
---------------------------------------------------------------------------------
Finished Handling Custom Attributes : Time (s): cpu = 00:00:03 ; elapsed = 00:00:03 . Memory (MB): peak = 2389.969 ; gain = 0.000 ; free physical = 1048 ; free virtual = 4504
---------------------------------------------------------------------------------
---------------------------------------------------------------------------------
Finished RTL Optimization Phase 1 : Time (s): cpu = 00:00:03 ; elapsed = 00:00:03 . Memory (MB): peak = 2389.969 ; gain = 0.000 ; free physical = 1048 ; free virtual = 4504
---------------------------------------------------------------------------------
Netlist sorting complete. Time (s): cpu = 00:00:00 ; elapsed = 00:00:00 . Memory (MB): peak = 2389.969 ; gain = 0.000 ; free physical = 1030 ; free virtual = 4486
INFO: [Project 1-570] Preparing netlist for logic optimization

Processing XDC Constraints
Initializing timing engine
Parsing XDC File [/home/yonn/vivado_project/20240520_UARTLED/20240520_UARTLED.srcs/constrs_1/imports/vivado_project/MY_Basys-3-Master.xdc]
Finished Parsing XDC File [/home/yonn/vivado_project/20240520_UARTLED/20240520_UARTLED.srcs/constrs_1/imports/vivado_project/MY_Basys-3-Master.xdc]
INFO: [Project 1-236] Implementation specific constraints were found while reading constraint file [/home/yonn/vivado_project/20240520_UARTLED/20240520_UARTLED.srcs/constrs_1/imports/vivado_project/MY_Basys-3-Master.xdc]. These constraints will be ignored for synthesis but will be used in implementation. Impacted constraints are listed in the file [.Xil/uartWithLED_propImpl.xdc].
Resolution: To avoid this warning, move constraints listed in [.Xil/uartWithLED_propImpl.xdc] to another XDC file and exclude this new file from synthesis with the used_in_synthesis property (File Properties dialog in GUI) and re-run elaboration/synthesis.
Completed Processing XDC Constraints

Netlist sorting complete. Time (s): cpu = 00:00:00 ; elapsed = 00:00:00 . Memory (MB): peak = 2454.000 ; gain = 0.000 ; free physical = 912 ; free virtual = 4368
INFO: [Project 1-111] Unisim Transformation Summary:
No Unisim elements were transformed.

Constraint Validation Runtime : Time (s): cpu = 00:00:00 ; elapsed = 00:00:00 . Memory (MB): peak = 2454.000 ; gain = 0.000 ; free physical = 912 ; free virtual = 4368
---------------------------------------------------------------------------------
Finished Constraint Validation : Time (s): cpu = 00:00:06 ; elapsed = 00:00:07 . Memory (MB): peak = 2454.000 ; gain = 64.031 ; free physical = 1058 ; free virtual = 4514
---------------------------------------------------------------------------------
---------------------------------------------------------------------------------
Start Loading Part and Timing Information
---------------------------------------------------------------------------------
Loading part: xc7a35tcpg236-1
---------------------------------------------------------------------------------
Finished Loading Part and Timing Information : Time (s): cpu = 00:00:06 ; elapsed = 00:00:07 . Memory (MB): peak = 2454.000 ; gain = 64.031 ; free physical = 1058 ; free virtual = 4514
---------------------------------------------------------------------------------
---------------------------------------------------------------------------------
Start Applying 'set_property' XDC Constraints
---------------------------------------------------------------------------------
---------------------------------------------------------------------------------
Finished applying 'set_property' XDC Constraints : Time (s): cpu = 00:00:06 ; elapsed = 00:00:07 . Memory (MB): peak = 2454.000 ; gain = 64.031 ; free physical = 1058 ; free virtual = 4514
---------------------------------------------------------------------------------
INFO: [Synth 8-802] inferred FSM for state register 'state_reg' in module 'transmitter'
INFO: [Synth 8-802] inferred FSM for state register 'state_reg' in module 'receiver'
---------------------------------------------------------------------------------------------------
                   State |                     New Encoding |                Previous Encoding 
---------------------------------------------------------------------------------------------------
                    IDLE |                               00 |                               00
                   START |                               01 |                               01
                    DATA |                               10 |                               10
                    STOP |                               11 |                               11
---------------------------------------------------------------------------------------------------
INFO: [Synth 8-3354] encoded FSM with state register 'state_reg' using encoding 'sequential' in module 'transmitter'
---------------------------------------------------------------------------------------------------
                   State |                     New Encoding |                Previous Encoding 
---------------------------------------------------------------------------------------------------
                    IDLE |                               00 |                               00
                   START |                               01 |                               01
                    DATA |                               10 |                               10
                    STOP |                               11 |                               11
---------------------------------------------------------------------------------------------------
INFO: [Synth 8-3354] encoded FSM with state register 'state_reg' using encoding 'sequential' in module 'receiver'
---------------------------------------------------------------------------------
Finished RTL Optimization Phase 2 : Time (s): cpu = 00:00:06 ; elapsed = 00:00:07 . Memory (MB): peak = 2454.000 ; gain = 64.031 ; free physical = 1050 ; free virtual = 4507
---------------------------------------------------------------------------------
---------------------------------------------------------------------------------
Start RTL Component Statistics 
---------------------------------------------------------------------------------
Detailed RTL Component Info : 
+---Adders : 
	   2 Input   10 Bit       Adders := 1     
	   2 Input    5 Bit       Adders := 1     
	   2 Input    4 Bit       Adders := 1     
	   2 Input    3 Bit       Adders := 2     
+---Registers : 
	               10 Bit    Registers := 1     
	                8 Bit    Registers := 3     
	                5 Bit    Registers := 1     
	                4 Bit    Registers := 1     
	                3 Bit    Registers := 2     
	                2 Bit    Registers := 1     
	                1 Bit    Registers := 4     
+---Muxes : 
	   4 Input    8 Bit        Muxes := 2     
	   2 Input    5 Bit        Muxes := 3     
	   4 Input    5 Bit        Muxes := 1     
	   2 Input    4 Bit        Muxes := 1     
	   4 Input    4 Bit        Muxes := 1     
	   4 Input    3 Bit        Muxes := 2     
	   4 Input    2 Bit        Muxes := 3     
	   2 Input    2 Bit        Muxes := 3     
	   2 Input    1 Bit        Muxes := 5     
	   3 Input    1 Bit        Muxes := 4     
	   4 Input    1 Bit        Muxes := 14    
---------------------------------------------------------------------------------
Finished RTL Component Statistics 
---------------------------------------------------------------------------------
---------------------------------------------------------------------------------
Start Part Resource Summary
---------------------------------------------------------------------------------
Part Resources:
DSPs: 90 (col length:60)
BRAMs: 100 (col length: RAMB18 60 RAMB36 30)
---------------------------------------------------------------------------------
Finished Part Resource Summary
---------------------------------------------------------------------------------
---------------------------------------------------------------------------------
Start Cross Boundary and Area Optimization
---------------------------------------------------------------------------------
---------------------------------------------------------------------------------
Finished Cross Boundary and Area Optimization : Time (s): cpu = 00:00:06 ; elapsed = 00:00:07 . Memory (MB): peak = 2454.000 ; gain = 64.031 ; free physical = 1050 ; free virtual = 4509
---------------------------------------------------------------------------------
---------------------------------------------------------------------------------
Start Applying XDC Timing Constraints
---------------------------------------------------------------------------------
---------------------------------------------------------------------------------
Finished Applying XDC Timing Constraints : Time (s): cpu = 00:00:09 ; elapsed = 00:00:10 . Memory (MB): peak = 2454.000 ; gain = 64.031 ; free physical = 926 ; free virtual = 4386
---------------------------------------------------------------------------------
---------------------------------------------------------------------------------
Start Timing Optimization
---------------------------------------------------------------------------------
---------------------------------------------------------------------------------
Finished Timing Optimization : Time (s): cpu = 00:00:09 ; elapsed = 00:00:10 . Memory (MB): peak = 2454.000 ; gain = 64.031 ; free physical = 924 ; free virtual = 4384
---------------------------------------------------------------------------------
---------------------------------------------------------------------------------
Start Technology Mapping
---------------------------------------------------------------------------------
---------------------------------------------------------------------------------
Finished Technology Mapping : Time (s): cpu = 00:00:09 ; elapsed = 00:00:10 . Memory (MB): peak = 2454.000 ; gain = 64.031 ; free physical = 924 ; free virtual = 4384
---------------------------------------------------------------------------------
---------------------------------------------------------------------------------
Start IO Insertion
---------------------------------------------------------------------------------
---------------------------------------------------------------------------------
Start Flattening Before IO Insertion
---------------------------------------------------------------------------------
---------------------------------------------------------------------------------
Finished Flattening Before IO Insertion
---------------------------------------------------------------------------------
---------------------------------------------------------------------------------
Start Final Netlist Cleanup
---------------------------------------------------------------------------------
---------------------------------------------------------------------------------
Finished Final Netlist Cleanup
---------------------------------------------------------------------------------
---------------------------------------------------------------------------------
Finished IO Insertion : Time (s): cpu = 00:00:11 ; elapsed = 00:00:12 . Memory (MB): peak = 2454.000 ; gain = 64.031 ; free physical = 924 ; free virtual = 4383
---------------------------------------------------------------------------------
---------------------------------------------------------------------------------
Start Renaming Generated Instances
---------------------------------------------------------------------------------
---------------------------------------------------------------------------------
Finished Renaming Generated Instances : Time (s): cpu = 00:00:11 ; elapsed = 00:00:12 . Memory (MB): peak = 2454.000 ; gain = 64.031 ; free physical = 924 ; free virtual = 4383
---------------------------------------------------------------------------------
---------------------------------------------------------------------------------
Start Rebuilding User Hierarchy
---------------------------------------------------------------------------------
---------------------------------------------------------------------------------
Finished Rebuilding User Hierarchy : Time (s): cpu = 00:00:11 ; elapsed = 00:00:12 . Memory (MB): peak = 2454.000 ; gain = 64.031 ; free physical = 924 ; free virtual = 4383
---------------------------------------------------------------------------------
---------------------------------------------------------------------------------
Start Renaming Generated Ports
---------------------------------------------------------------------------------
---------------------------------------------------------------------------------
Finished Renaming Generated Ports : Time (s): cpu = 00:00:11 ; elapsed = 00:00:12 . Memory (MB): peak = 2454.000 ; gain = 64.031 ; free physical = 924 ; free virtual = 4383
---------------------------------------------------------------------------------
---------------------------------------------------------------------------------
Start Handling Custom Attributes
---------------------------------------------------------------------------------
---------------------------------------------------------------------------------
Finished Handling Custom Attributes : Time (s): cpu = 00:00:11 ; elapsed = 00:00:12 . Memory (MB): peak = 2454.000 ; gain = 64.031 ; free physical = 924 ; free virtual = 4383
---------------------------------------------------------------------------------
---------------------------------------------------------------------------------
Start Renaming Generated Nets
---------------------------------------------------------------------------------
---------------------------------------------------------------------------------
Finished Renaming Generated Nets : Time (s): cpu = 00:00:11 ; elapsed = 00:00:12 . Memory (MB): peak = 2454.000 ; gain = 64.031 ; free physical = 924 ; free virtual = 4383
---------------------------------------------------------------------------------
---------------------------------------------------------------------------------
Start Writing Synthesis Report
---------------------------------------------------------------------------------

Report BlackBoxes: 
+-+--------------+----------+
| |BlackBox name |Instances |
+-+--------------+----------+
+-+--------------+----------+

Report Cell Usage: 
+------+-----+------+
|      |Cell |Count |
+------+-----+------+
|1     |BUFG |     1|
|2     |LUT2 |     2|
|3     |LUT3 |    14|
|4     |LUT4 |     9|
|5     |LUT5 |    10|
|6     |LUT6 |    17|
|7     |FDCE |    40|
|8     |IBUF |     3|
|9     |OBUF |     3|
+------+-----+------+
---------------------------------------------------------------------------------
Finished Writing Synthesis Report : Time (s): cpu = 00:00:11 ; elapsed = 00:00:12 . Memory (MB): peak = 2454.000 ; gain = 64.031 ; free physical = 924 ; free virtual = 4383
---------------------------------------------------------------------------------
Synthesis finished with 0 errors, 0 critical warnings and 0 warnings.
Synthesis Optimization Runtime : Time (s): cpu = 00:00:09 ; elapsed = 00:00:10 . Memory (MB): peak = 2454.000 ; gain = 0.000 ; free physical = 972 ; free virtual = 4431
Synthesis Optimization Complete : Time (s): cpu = 00:00:11 ; elapsed = 00:00:12 . Memory (MB): peak = 2454.000 ; gain = 64.031 ; free physical = 972 ; free virtual = 4431
INFO: [Project 1-571] Translating synthesized netlist
Netlist sorting complete. Time (s): cpu = 00:00:00 ; elapsed = 00:00:00 . Memory (MB): peak = 2454.000 ; gain = 0.000 ; free physical = 1065 ; free virtual = 4525
INFO: [Project 1-570] Preparing netlist for logic optimization
INFO: [Opt 31-138] Pushed 0 inverter(s) to 0 load pin(s).
Netlist sorting complete. Time (s): cpu = 00:00:00 ; elapsed = 00:00:00 . Memory (MB): peak = 2454.000 ; gain = 0.000 ; free physical = 1014 ; free virtual = 4474
INFO: [Project 1-111] Unisim Transformation Summary:
No Unisim elements were transformed.

INFO: [Common 17-83] Releasing license: Synthesis
29 Infos, 1 Warnings, 0 Critical Warnings and 0 Errors encountered.
synth_design completed successfully
synth_design: Time (s): cpu = 00:00:17 ; elapsed = 00:00:14 . Memory (MB): peak = 2454.000 ; gain = 161.562 ; free physical = 1078 ; free virtual = 4538
INFO: [Common 17-1381] The checkpoint '/home/yonn/vivado_project/20240520_UARTLED/20240520_UARTLED.runs/synth_1/uartWithLED.dcp' has been generated.
INFO: [runtcl-4] Executing : report_utilization -file uartWithLED_utilization_synth.rpt -pb uartWithLED_utilization_synth.pb
INFO: [Common 17-206] Exiting Vivado at Mon May 20 17:08:57 2024...
