
*** Running vivado
    with args -log RV32I.vds -m64 -product Vivado -mode batch -messageDb vivado.pb -notrace -source RV32I.tcl


****** Vivado v2020.2 (64-bit)
  **** SW Build 3064766 on Wed Nov 18 09:12:47 MST 2020
  **** IP Build 3064653 on Wed Nov 18 14:17:31 MST 2020
    ** Copyright 1986-2020 Xilinx, Inc. All Rights Reserved.

source RV32I.tcl -notrace
Command: synth_design -top RV32I -part xc7a35tcpg236-1
Starting synth_design
Attempting to get a license for feature 'Synthesis' and/or device 'xc7a35t'
INFO: [Common 17-349] Got license for feature 'Synthesis' and/or device 'xc7a35t'
INFO: [Device 21-403] Loading part xc7a35tcpg236-1
INFO: [Synth 8-7079] Multithreading enabled for synth_design using a maximum of 4 processes.
INFO: [Synth 8-7078] Launching helper process for spawning children vivado processes
INFO: [Synth 8-7075] Helper process launched with PID 228005
---------------------------------------------------------------------------------
Starting RTL Elaboration : Time (s): cpu = 00:00:02 ; elapsed = 00:00:03 . Memory (MB): peak = 2335.219 ; gain = 0.000 ; free physical = 1897 ; free virtual = 5462
---------------------------------------------------------------------------------
INFO: [Synth 8-6157] synthesizing module 'RV32I' [/home/yonn/vivado_project/0603_RISC_V_GPO_GPI/0603_RISC_V_GPO_GPI/0603_RISC_V_GPO_GPI.srcs/sources_1/imports/new/RV32I.sv:3]
INFO: [Synth 8-6157] synthesizing module 'CPU_Core' [/home/yonn/vivado_project/0603_RISC_V_GPO_GPI/0603_RISC_V_GPO_GPI/0603_RISC_V_GPO_GPI.srcs/sources_1/imports/new/CPU_Core.sv:3]
INFO: [Synth 8-6157] synthesizing module 'ControlUnit' [/home/yonn/vivado_project/0603_RISC_V_GPO_GPI/0603_RISC_V_GPO_GPI/0603_RISC_V_GPO_GPI.srcs/sources_1/imports/new/ControlUnit.sv:4]
INFO: [Synth 8-6155] done synthesizing module 'ControlUnit' (1#1) [/home/yonn/vivado_project/0603_RISC_V_GPO_GPI/0603_RISC_V_GPO_GPI/0603_RISC_V_GPO_GPI.srcs/sources_1/imports/new/ControlUnit.sv:4]
INFO: [Synth 8-6157] synthesizing module 'DataPath' [/home/yonn/vivado_project/0603_RISC_V_GPO_GPI/0603_RISC_V_GPO_GPI/0603_RISC_V_GPO_GPI.srcs/sources_1/imports/new/DataPath.sv:4]
INFO: [Synth 8-6157] synthesizing module 'Register' [/home/yonn/vivado_project/0603_RISC_V_GPO_GPI/0603_RISC_V_GPO_GPI/0603_RISC_V_GPO_GPI.srcs/sources_1/imports/new/DataPath.sv:151]
INFO: [Synth 8-6155] done synthesizing module 'Register' (2#1) [/home/yonn/vivado_project/0603_RISC_V_GPO_GPI/0603_RISC_V_GPO_GPI/0603_RISC_V_GPO_GPI.srcs/sources_1/imports/new/DataPath.sv:151]
INFO: [Synth 8-6157] synthesizing module 'mux_2x1' [/home/yonn/vivado_project/0603_RISC_V_GPO_GPI/0603_RISC_V_GPO_GPI/0603_RISC_V_GPO_GPI.srcs/sources_1/imports/new/DataPath.sv:230]
INFO: [Synth 8-226] default block is never used [/home/yonn/vivado_project/0603_RISC_V_GPO_GPI/0603_RISC_V_GPO_GPI/0603_RISC_V_GPO_GPI.srcs/sources_1/imports/new/DataPath.sv:238]
INFO: [Synth 8-6155] done synthesizing module 'mux_2x1' (3#1) [/home/yonn/vivado_project/0603_RISC_V_GPO_GPI/0603_RISC_V_GPO_GPI/0603_RISC_V_GPO_GPI.srcs/sources_1/imports/new/DataPath.sv:230]
INFO: [Synth 8-6157] synthesizing module 'adder' [/home/yonn/vivado_project/0603_RISC_V_GPO_GPI/0603_RISC_V_GPO_GPI/0603_RISC_V_GPO_GPI.srcs/sources_1/imports/new/DataPath.sv:200]
INFO: [Synth 8-6155] done synthesizing module 'adder' (4#1) [/home/yonn/vivado_project/0603_RISC_V_GPO_GPI/0603_RISC_V_GPO_GPI/0603_RISC_V_GPO_GPI.srcs/sources_1/imports/new/DataPath.sv:200]
INFO: [Synth 8-6157] synthesizing module 'RegisterFile' [/home/yonn/vivado_project/0603_RISC_V_GPO_GPI/0603_RISC_V_GPO_GPI/0603_RISC_V_GPO_GPI.srcs/sources_1/imports/new/DataPath.sv:119]
INFO: [Synth 8-6155] done synthesizing module 'RegisterFile' (5#1) [/home/yonn/vivado_project/0603_RISC_V_GPO_GPI/0603_RISC_V_GPO_GPI/0603_RISC_V_GPO_GPI.srcs/sources_1/imports/new/DataPath.sv:119]
INFO: [Synth 8-6157] synthesizing module 'extend' [/home/yonn/vivado_project/0603_RISC_V_GPO_GPI/0603_RISC_V_GPO_GPI/0603_RISC_V_GPO_GPI.srcs/sources_1/imports/new/DataPath.sv:209]
INFO: [Synth 8-6155] done synthesizing module 'extend' (6#1) [/home/yonn/vivado_project/0603_RISC_V_GPO_GPI/0603_RISC_V_GPO_GPI/0603_RISC_V_GPO_GPI.srcs/sources_1/imports/new/DataPath.sv:209]
INFO: [Synth 8-6157] synthesizing module 'ALU' [/home/yonn/vivado_project/0603_RISC_V_GPO_GPI/0603_RISC_V_GPO_GPI/0603_RISC_V_GPO_GPI.srcs/sources_1/imports/new/DataPath.sv:164]
INFO: [Synth 8-6155] done synthesizing module 'ALU' (7#1) [/home/yonn/vivado_project/0603_RISC_V_GPO_GPI/0603_RISC_V_GPO_GPI/0603_RISC_V_GPO_GPI.srcs/sources_1/imports/new/DataPath.sv:164]
INFO: [Synth 8-6157] synthesizing module 'mux_4x1' [/home/yonn/vivado_project/0603_RISC_V_GPO_GPI/0603_RISC_V_GPO_GPI/0603_RISC_V_GPO_GPI.srcs/sources_1/imports/new/DataPath.sv:247]
INFO: [Synth 8-226] default block is never used [/home/yonn/vivado_project/0603_RISC_V_GPO_GPI/0603_RISC_V_GPO_GPI/0603_RISC_V_GPO_GPI.srcs/sources_1/imports/new/DataPath.sv:257]
INFO: [Synth 8-6155] done synthesizing module 'mux_4x1' (8#1) [/home/yonn/vivado_project/0603_RISC_V_GPO_GPI/0603_RISC_V_GPO_GPI/0603_RISC_V_GPO_GPI.srcs/sources_1/imports/new/DataPath.sv:247]
INFO: [Synth 8-6155] done synthesizing module 'DataPath' (9#1) [/home/yonn/vivado_project/0603_RISC_V_GPO_GPI/0603_RISC_V_GPO_GPI/0603_RISC_V_GPO_GPI.srcs/sources_1/imports/new/DataPath.sv:4]
INFO: [Synth 8-6155] done synthesizing module 'CPU_Core' (10#1) [/home/yonn/vivado_project/0603_RISC_V_GPO_GPI/0603_RISC_V_GPO_GPI/0603_RISC_V_GPO_GPI.srcs/sources_1/imports/new/CPU_Core.sv:3]
INFO: [Synth 8-6157] synthesizing module 'BUS_interconntor' [/home/yonn/vivado_project/0603_RISC_V_GPO_GPI/0603_RISC_V_GPO_GPI/0603_RISC_V_GPO_GPI.srcs/sources_1/new/BUS_interconntor.sv:3]
INFO: [Synth 8-6157] synthesizing module 'decoder' [/home/yonn/vivado_project/0603_RISC_V_GPO_GPI/0603_RISC_V_GPO_GPI/0603_RISC_V_GPO_GPI.srcs/sources_1/new/BUS_interconntor.sv:26]
INFO: [Synth 8-6155] done synthesizing module 'decoder' (11#1) [/home/yonn/vivado_project/0603_RISC_V_GPO_GPI/0603_RISC_V_GPO_GPI/0603_RISC_V_GPO_GPI.srcs/sources_1/new/BUS_interconntor.sv:26]
INFO: [Synth 8-6157] synthesizing module 'mux' [/home/yonn/vivado_project/0603_RISC_V_GPO_GPI/0603_RISC_V_GPO_GPI/0603_RISC_V_GPO_GPI.srcs/sources_1/new/BUS_interconntor.sv:42]
INFO: [Synth 8-6155] done synthesizing module 'mux' (12#1) [/home/yonn/vivado_project/0603_RISC_V_GPO_GPI/0603_RISC_V_GPO_GPI/0603_RISC_V_GPO_GPI.srcs/sources_1/new/BUS_interconntor.sv:42]
INFO: [Synth 8-6155] done synthesizing module 'BUS_interconntor' (13#1) [/home/yonn/vivado_project/0603_RISC_V_GPO_GPI/0603_RISC_V_GPO_GPI/0603_RISC_V_GPO_GPI.srcs/sources_1/new/BUS_interconntor.sv:3]
INFO: [Synth 8-6157] synthesizing module 'GPO' [/home/yonn/vivado_project/0603_RISC_V_GPO_GPI/0603_RISC_V_GPO_GPI/0603_RISC_V_GPO_GPI.srcs/sources_1/new/GPO.sv:3]
INFO: [Synth 8-6155] done synthesizing module 'GPO' (14#1) [/home/yonn/vivado_project/0603_RISC_V_GPO_GPI/0603_RISC_V_GPO_GPI/0603_RISC_V_GPO_GPI.srcs/sources_1/new/GPO.sv:3]
INFO: [Synth 8-6157] synthesizing module 'DataMemory' [/home/yonn/vivado_project/0603_RISC_V_GPO_GPI/0603_RISC_V_GPO_GPI/0603_RISC_V_GPO_GPI.srcs/sources_1/imports/new/DataMemory.sv:3]
INFO: [Synth 8-6155] done synthesizing module 'DataMemory' (15#1) [/home/yonn/vivado_project/0603_RISC_V_GPO_GPI/0603_RISC_V_GPO_GPI/0603_RISC_V_GPO_GPI.srcs/sources_1/imports/new/DataMemory.sv:3]
INFO: [Synth 8-6157] synthesizing module 'InstructionMemory' [/home/yonn/vivado_project/0603_RISC_V_GPO_GPI/0603_RISC_V_GPO_GPI/0603_RISC_V_GPO_GPI.srcs/sources_1/imports/new/InstructionMemory.sv:3]
INFO: [Synth 8-3876] $readmem data file 'inst.mem' is read successfully [/home/yonn/vivado_project/0603_RISC_V_GPO_GPI/0603_RISC_V_GPO_GPI/0603_RISC_V_GPO_GPI.srcs/sources_1/imports/new/InstructionMemory.sv:11]
INFO: [Synth 8-6155] done synthesizing module 'InstructionMemory' (16#1) [/home/yonn/vivado_project/0603_RISC_V_GPO_GPI/0603_RISC_V_GPO_GPI/0603_RISC_V_GPO_GPI.srcs/sources_1/imports/new/InstructionMemory.sv:3]
INFO: [Synth 8-6155] done synthesizing module 'RV32I' (17#1) [/home/yonn/vivado_project/0603_RISC_V_GPO_GPI/0603_RISC_V_GPO_GPI/0603_RISC_V_GPO_GPI.srcs/sources_1/imports/new/RV32I.sv:3]
---------------------------------------------------------------------------------
Finished RTL Elaboration : Time (s): cpu = 00:00:03 ; elapsed = 00:00:03 . Memory (MB): peak = 2335.219 ; gain = 0.000 ; free physical = 1875 ; free virtual = 5441
---------------------------------------------------------------------------------
---------------------------------------------------------------------------------
Start Handling Custom Attributes
---------------------------------------------------------------------------------
---------------------------------------------------------------------------------
Finished Handling Custom Attributes : Time (s): cpu = 00:00:03 ; elapsed = 00:00:03 . Memory (MB): peak = 2335.219 ; gain = 0.000 ; free physical = 2558 ; free virtual = 6124
---------------------------------------------------------------------------------
---------------------------------------------------------------------------------
Finished RTL Optimization Phase 1 : Time (s): cpu = 00:00:03 ; elapsed = 00:00:03 . Memory (MB): peak = 2335.219 ; gain = 0.000 ; free physical = 2558 ; free virtual = 6124
---------------------------------------------------------------------------------
Netlist sorting complete. Time (s): cpu = 00:00:00 ; elapsed = 00:00:00.01 . Memory (MB): peak = 2335.219 ; gain = 0.000 ; free physical = 2550 ; free virtual = 6116
INFO: [Project 1-570] Preparing netlist for logic optimization

Processing XDC Constraints
Initializing timing engine
Parsing XDC File [/home/yonn/vivado_project/0603_RISC_V_GPO_GPI/0603_RISC_V_GPO_GPI/0603_RISC_V_GPO_GPI.srcs/constrs_1/imports/FPGA_KImMinJi/MY_Basys-3-Master.xdc]
Finished Parsing XDC File [/home/yonn/vivado_project/0603_RISC_V_GPO_GPI/0603_RISC_V_GPO_GPI/0603_RISC_V_GPO_GPI.srcs/constrs_1/imports/FPGA_KImMinJi/MY_Basys-3-Master.xdc]
INFO: [Project 1-236] Implementation specific constraints were found while reading constraint file [/home/yonn/vivado_project/0603_RISC_V_GPO_GPI/0603_RISC_V_GPO_GPI/0603_RISC_V_GPO_GPI.srcs/constrs_1/imports/FPGA_KImMinJi/MY_Basys-3-Master.xdc]. These constraints will be ignored for synthesis but will be used in implementation. Impacted constraints are listed in the file [.Xil/RV32I_propImpl.xdc].
Resolution: To avoid this warning, move constraints listed in [.Xil/RV32I_propImpl.xdc] to another XDC file and exclude this new file from synthesis with the used_in_synthesis property (File Properties dialog in GUI) and re-run elaboration/synthesis.
Completed Processing XDC Constraints

Netlist sorting complete. Time (s): cpu = 00:00:00 ; elapsed = 00:00:00 . Memory (MB): peak = 2399.250 ; gain = 0.000 ; free physical = 2450 ; free virtual = 6016
INFO: [Project 1-111] Unisim Transformation Summary:
No Unisim elements were transformed.

Constraint Validation Runtime : Time (s): cpu = 00:00:00 ; elapsed = 00:00:00.01 . Memory (MB): peak = 2399.250 ; gain = 0.000 ; free physical = 2450 ; free virtual = 6016
---------------------------------------------------------------------------------
Finished Constraint Validation : Time (s): cpu = 00:00:06 ; elapsed = 00:00:07 . Memory (MB): peak = 2399.250 ; gain = 64.031 ; free physical = 2592 ; free virtual = 6158
---------------------------------------------------------------------------------
---------------------------------------------------------------------------------
Start Loading Part and Timing Information
---------------------------------------------------------------------------------
Loading part: xc7a35tcpg236-1
---------------------------------------------------------------------------------
Finished Loading Part and Timing Information : Time (s): cpu = 00:00:06 ; elapsed = 00:00:07 . Memory (MB): peak = 2399.250 ; gain = 64.031 ; free physical = 2592 ; free virtual = 6158
---------------------------------------------------------------------------------
---------------------------------------------------------------------------------
Start Applying 'set_property' XDC Constraints
---------------------------------------------------------------------------------
---------------------------------------------------------------------------------
Finished applying 'set_property' XDC Constraints : Time (s): cpu = 00:00:06 ; elapsed = 00:00:07 . Memory (MB): peak = 2399.250 ; gain = 64.031 ; free physical = 2592 ; free virtual = 6158
---------------------------------------------------------------------------------
---------------------------------------------------------------------------------
Finished RTL Optimization Phase 2 : Time (s): cpu = 00:00:06 ; elapsed = 00:00:07 . Memory (MB): peak = 2399.250 ; gain = 64.031 ; free physical = 2585 ; free virtual = 6152
---------------------------------------------------------------------------------
---------------------------------------------------------------------------------
Start RTL Component Statistics 
---------------------------------------------------------------------------------
Detailed RTL Component Info : 
+---Adders : 
	   2 Input   32 Bit       Adders := 3     
	   3 Input   32 Bit       Adders := 1     
+---XORs : 
	   2 Input     32 Bit         XORs := 1     
+---Registers : 
	               32 Bit    Registers := 2     
+---RAMs : 
	               2K Bit	(64 X 32 bit)          RAMs := 1     
+---Muxes : 
	   2 Input   32 Bit        Muxes := 6     
	   4 Input   32 Bit        Muxes := 1     
	   2 Input   11 Bit        Muxes := 1     
	  10 Input   11 Bit        Muxes := 1     
	   4 Input    4 Bit        Muxes := 1     
	   2 Input    3 Bit        Muxes := 1     
	   4 Input    3 Bit        Muxes := 1     
	   6 Input    2 Bit        Muxes := 1     
---------------------------------------------------------------------------------
Finished RTL Component Statistics 
---------------------------------------------------------------------------------
---------------------------------------------------------------------------------
Start Part Resource Summary
---------------------------------------------------------------------------------
Part Resources:
DSPs: 90 (col length:60)
BRAMs: 100 (col length: RAMB18 60 RAMB36 30)
---------------------------------------------------------------------------------
Finished Part Resource Summary
---------------------------------------------------------------------------------
---------------------------------------------------------------------------------
Start Cross Boundary and Area Optimization
---------------------------------------------------------------------------------
---------------------------------------------------------------------------------
Finished Cross Boundary and Area Optimization : Time (s): cpu = 00:00:12 ; elapsed = 00:00:13 . Memory (MB): peak = 2399.250 ; gain = 64.031 ; free physical = 2560 ; free virtual = 6130
---------------------------------------------------------------------------------
---------------------------------------------------------------------------------
Start ROM, RAM, DSP, Shift Register and Retiming Reporting
---------------------------------------------------------------------------------

ROM: Preliminary Mapping	Report
+------------------+------------+---------------+----------------+
|Module Name       | RTL Object | Depth x Width | Implemented As | 
+------------------+------------+---------------+----------------+
|InstructionMemory | p_0_out    | 64x28         | LUT            | 
|RV32I             | p_0_out    | 64x28         | LUT            | 
+------------------+------------+---------------+----------------+


Distributed RAM: Preliminary Mapping	Report (see note below)
+------------+--------------------------------------------------+-----------+----------------------+----------------+
|Module Name | RTL Object                                       | Inference | Size (Depth x Width) | Primitives     | 
+------------+--------------------------------------------------+-----------+----------------------+----------------+
|RV32I       | U_RAM/ram_reg                                    | Implied   | 64 x 32              | RAM64X1S x 32	 | 
|RV32I       | U_CPU_Core/U_DataPath/U_RegisterFile/RegFile_reg | Implied   | 32 x 32              | RAM32M x 12	   | 
+------------+--------------------------------------------------+-----------+----------------------+----------------+

Note: The table above is a preliminary report that shows the Distributed RAMs at the current stage of the synthesis flow. Some Distributed RAMs may be reimplemented as non Distributed RAM primitives later in the synthesis flow. Multiple instantiated RAMs are reported only once.
---------------------------------------------------------------------------------
Finished ROM, RAM, DSP, Shift Register and Retiming Reporting
---------------------------------------------------------------------------------
---------------------------------------------------------------------------------
Start Applying XDC Timing Constraints
---------------------------------------------------------------------------------
---------------------------------------------------------------------------------
Finished Applying XDC Timing Constraints : Time (s): cpu = 00:00:15 ; elapsed = 00:00:16 . Memory (MB): peak = 2399.250 ; gain = 64.031 ; free physical = 2438 ; free virtual = 6008
---------------------------------------------------------------------------------
---------------------------------------------------------------------------------
Start Timing Optimization
---------------------------------------------------------------------------------
---------------------------------------------------------------------------------
Finished Timing Optimization : Time (s): cpu = 00:00:21 ; elapsed = 00:00:22 . Memory (MB): peak = 2399.250 ; gain = 64.031 ; free physical = 2301 ; free virtual = 5869
---------------------------------------------------------------------------------
---------------------------------------------------------------------------------
Start ROM, RAM, DSP, Shift Register and Retiming Reporting
---------------------------------------------------------------------------------

Distributed RAM: Final Mapping	Report
+------------+--------------------------------------------------+-----------+----------------------+----------------+
|Module Name | RTL Object                                       | Inference | Size (Depth x Width) | Primitives     | 
+------------+--------------------------------------------------+-----------+----------------------+----------------+
|RV32I       | U_RAM/ram_reg                                    | Implied   | 64 x 32              | RAM64X1S x 32	 | 
|RV32I       | U_CPU_Core/U_DataPath/U_RegisterFile/RegFile_reg | Implied   | 32 x 32              | RAM32M x 12	   | 
+------------+--------------------------------------------------+-----------+----------------------+----------------+

---------------------------------------------------------------------------------
Finished ROM, RAM, DSP, Shift Register and Retiming Reporting
---------------------------------------------------------------------------------
---------------------------------------------------------------------------------
Start Technology Mapping
---------------------------------------------------------------------------------
---------------------------------------------------------------------------------
Finished Technology Mapping : Time (s): cpu = 00:00:21 ; elapsed = 00:00:23 . Memory (MB): peak = 2399.250 ; gain = 64.031 ; free physical = 2300 ; free virtual = 5868
---------------------------------------------------------------------------------
---------------------------------------------------------------------------------
Start IO Insertion
---------------------------------------------------------------------------------
---------------------------------------------------------------------------------
Start Flattening Before IO Insertion
---------------------------------------------------------------------------------
---------------------------------------------------------------------------------
Finished Flattening Before IO Insertion
---------------------------------------------------------------------------------
---------------------------------------------------------------------------------
Start Final Netlist Cleanup
---------------------------------------------------------------------------------
---------------------------------------------------------------------------------
Finished Final Netlist Cleanup
---------------------------------------------------------------------------------
---------------------------------------------------------------------------------
Finished IO Insertion : Time (s): cpu = 00:00:22 ; elapsed = 00:00:24 . Memory (MB): peak = 2399.250 ; gain = 64.031 ; free physical = 2298 ; free virtual = 5866
---------------------------------------------------------------------------------
---------------------------------------------------------------------------------
Start Renaming Generated Instances
---------------------------------------------------------------------------------
---------------------------------------------------------------------------------
Finished Renaming Generated Instances : Time (s): cpu = 00:00:22 ; elapsed = 00:00:24 . Memory (MB): peak = 2399.250 ; gain = 64.031 ; free physical = 2298 ; free virtual = 5866
---------------------------------------------------------------------------------
---------------------------------------------------------------------------------
Start Rebuilding User Hierarchy
---------------------------------------------------------------------------------
---------------------------------------------------------------------------------
Finished Rebuilding User Hierarchy : Time (s): cpu = 00:00:23 ; elapsed = 00:00:24 . Memory (MB): peak = 2399.250 ; gain = 64.031 ; free physical = 2298 ; free virtual = 5866
---------------------------------------------------------------------------------
---------------------------------------------------------------------------------
Start Renaming Generated Ports
---------------------------------------------------------------------------------
---------------------------------------------------------------------------------
Finished Renaming Generated Ports : Time (s): cpu = 00:00:23 ; elapsed = 00:00:24 . Memory (MB): peak = 2399.250 ; gain = 64.031 ; free physical = 2298 ; free virtual = 5866
---------------------------------------------------------------------------------
---------------------------------------------------------------------------------
Start Handling Custom Attributes
---------------------------------------------------------------------------------
---------------------------------------------------------------------------------
Finished Handling Custom Attributes : Time (s): cpu = 00:00:23 ; elapsed = 00:00:24 . Memory (MB): peak = 2399.250 ; gain = 64.031 ; free physical = 2298 ; free virtual = 5866
---------------------------------------------------------------------------------
---------------------------------------------------------------------------------
Start Renaming Generated Nets
---------------------------------------------------------------------------------
---------------------------------------------------------------------------------
Finished Renaming Generated Nets : Time (s): cpu = 00:00:23 ; elapsed = 00:00:24 . Memory (MB): peak = 2399.250 ; gain = 64.031 ; free physical = 2298 ; free virtual = 5866
---------------------------------------------------------------------------------
---------------------------------------------------------------------------------
Start Writing Synthesis Report
---------------------------------------------------------------------------------

Report BlackBoxes: 
+-+--------------+----------+
| |BlackBox name |Instances |
+-+--------------+----------+
+-+--------------+----------+

Report Cell Usage: 
+------+---------+------+
|      |Cell     |Count |
+------+---------+------+
|1     |BUFG     |     1|
|2     |CARRY4   |    42|
|3     |LUT1     |     8|
|4     |LUT2     |    14|
|5     |LUT3     |    68|
|6     |LUT4     |    69|
|7     |LUT5     |   125|
|8     |LUT6     |   602|
|9     |RAM32M   |    12|
|10    |RAM64X1S |    32|
|11    |FDCE     |    64|
|12    |IBUF     |     2|
|13    |OBUF     |     4|
+------+---------+------+
---------------------------------------------------------------------------------
Finished Writing Synthesis Report : Time (s): cpu = 00:00:23 ; elapsed = 00:00:24 . Memory (MB): peak = 2399.250 ; gain = 64.031 ; free physical = 2298 ; free virtual = 5866
---------------------------------------------------------------------------------
Synthesis finished with 0 errors, 0 critical warnings and 0 warnings.
Synthesis Optimization Runtime : Time (s): cpu = 00:00:21 ; elapsed = 00:00:23 . Memory (MB): peak = 2399.250 ; gain = 0.000 ; free physical = 2349 ; free virtual = 5917
Synthesis Optimization Complete : Time (s): cpu = 00:00:23 ; elapsed = 00:00:24 . Memory (MB): peak = 2399.250 ; gain = 64.031 ; free physical = 2349 ; free virtual = 5917
INFO: [Project 1-571] Translating synthesized netlist
Netlist sorting complete. Time (s): cpu = 00:00:00.01 ; elapsed = 00:00:00.01 . Memory (MB): peak = 2399.250 ; gain = 0.000 ; free physical = 2446 ; free virtual = 6014
INFO: [Netlist 29-17] Analyzing 86 Unisim elements for replacement
INFO: [Netlist 29-28] Unisim Transformation completed in 0 CPU seconds
INFO: [Project 1-570] Preparing netlist for logic optimization
INFO: [Opt 31-138] Pushed 0 inverter(s) to 0 load pin(s).
Netlist sorting complete. Time (s): cpu = 00:00:00 ; elapsed = 00:00:00 . Memory (MB): peak = 2399.250 ; gain = 0.000 ; free physical = 2394 ; free virtual = 5962
INFO: [Project 1-111] Unisim Transformation Summary:
  A total of 44 instances were transformed.
  RAM32M => RAM32M (RAMD32(x6), RAMS32(x2)): 12 instances
  RAM64X1S => RAM64X1S (RAMS64E): 32 instances

INFO: [Common 17-83] Releasing license: Synthesis
52 Infos, 0 Warnings, 0 Critical Warnings and 0 Errors encountered.
synth_design completed successfully
synth_design: Time (s): cpu = 00:00:29 ; elapsed = 00:00:27 . Memory (MB): peak = 2399.250 ; gain = 106.812 ; free physical = 2483 ; free virtual = 6051
INFO: [Common 17-1381] The checkpoint '/home/yonn/vivado_project/0603_RISC_V_GPO_GPI/0603_RISC_V_GPO_GPI/0603_RISC_V_GPO_GPI.runs/synth_1/RV32I.dcp' has been generated.
INFO: [runtcl-4] Executing : report_utilization -file RV32I_utilization_synth.rpt -pb RV32I_utilization_synth.pb
INFO: [Common 17-206] Exiting Vivado at Mon Jun  3 17:01:53 2024...
