#-----------------------------------------------------------
# Webtalk v2020.2 (64-bit)
# SW Build 3064766 on Wed Nov 18 09:12:47 MST 2020
# IP Build 3064653 on Wed Nov 18 14:17:31 MST 2020
<<<<<<< HEAD
# Start of session at: Sun May 19 14:10:41 2024
# Process ID: 10839
=======
# Start of session at: Fri May 17 10:54:23 2024
# Process ID: 41387
>>>>>>> 31010376d39b32aadad9f9e19a18ab00f82e6334
# Current directory: /home/yonn/vivado_project/20240517_UART/20240517_UART.sim/sim_1/behav/xsim
# Command line: wbtcv -mode batch -source /home/yonn/vivado_project/20240517_UART/20240517_UART.sim/sim_1/behav/xsim/xsim.dir/tb_UART_behav/webtalk/xsim_webtalk.tcl -notrace
# Log file: /home/yonn/vivado_project/20240517_UART/20240517_UART.sim/sim_1/behav/xsim/webtalk.log
# Journal file: /home/yonn/vivado_project/20240517_UART/20240517_UART.sim/sim_1/behav/xsim/webtalk.jou
#-----------------------------------------------------------
source /home/yonn/vivado_project/20240517_UART/20240517_UART.sim/sim_1/behav/xsim/xsim.dir/tb_UART_behav/webtalk/xsim_webtalk.tcl -notrace
<<<<<<< HEAD
INFO: [Common 17-206] Exiting Webtalk at Sun May 19 14:10:42 2024...
=======
INFO: [Common 17-206] Exiting Webtalk at Fri May 17 10:54:24 2024...
>>>>>>> 31010376d39b32aadad9f9e19a18ab00f82e6334
