
*** Running vivado
    with args -log top_loop_test.vdi -applog -m64 -product Vivado -messageDb vivado.pb -mode batch -source top_loop_test.tcl -notrace


****** Vivado v2020.2 (64-bit)
  **** SW Build 3064766 on Wed Nov 18 09:12:47 MST 2020
  **** IP Build 3064653 on Wed Nov 18 14:17:31 MST 2020
    ** Copyright 1986-2020 Xilinx, Inc. All Rights Reserved.

source top_loop_test.tcl -notrace
Command: link_design -top top_loop_test -part xc7a35tcpg236-1
Design is defaulting to srcset: sources_1
Design is defaulting to constrset: constrs_1
INFO: [Device 21-403] Loading part xc7a35tcpg236-1
Netlist sorting complete. Time (s): cpu = 00:00:00 ; elapsed = 00:00:00 . Memory (MB): peak = 2345.254 ; gain = 0.000 ; free physical = 2297 ; free virtual = 6510
INFO: [Netlist 29-17] Analyzing 4 Unisim elements for replacement
INFO: [Netlist 29-28] Unisim Transformation completed in 0 CPU seconds
INFO: [Project 1-479] Netlist was created with Vivado 2020.2
INFO: [Project 1-570] Preparing netlist for logic optimization
Parsing XDC File [/home/yonn/vivado_project/20240524_UART_FIFO/20240524_UART_FIFO.srcs/constrs_1/imports/vivado_project/MY_Basys-3-Master.xdc]
Finished Parsing XDC File [/home/yonn/vivado_project/20240524_UART_FIFO/20240524_UART_FIFO.srcs/constrs_1/imports/vivado_project/MY_Basys-3-Master.xdc]
INFO: [Opt 31-138] Pushed 0 inverter(s) to 0 load pin(s).
Netlist sorting complete. Time (s): cpu = 00:00:00 ; elapsed = 00:00:00 . Memory (MB): peak = 2401.246 ; gain = 0.000 ; free physical = 2186 ; free virtual = 6400
INFO: [Project 1-111] Unisim Transformation Summary:
  A total of 4 instances were transformed.
  RAM32M => RAM32M (RAMD32(x6), RAMS32(x2)): 4 instances

7 Infos, 0 Warnings, 0 Critical Warnings and 0 Errors encountered.
link_design completed successfully
Command: opt_design
Attempting to get a license for feature 'Implementation' and/or device 'xc7a35t'
INFO: [Common 17-349] Got license for feature 'Implementation' and/or device 'xc7a35t'
Running DRC as a precondition to command opt_design

Starting DRC Task
INFO: [DRC 23-27] Running DRC with 8 threads
INFO: [Project 1-461] DRC finished with 0 Errors
INFO: [Project 1-462] Please refer to the DRC report (report_drc) for more information.

Time (s): cpu = 00:00:00.94 ; elapsed = 00:00:00.51 . Memory (MB): peak = 2465.277 ; gain = 64.031 ; free physical = 2173 ; free virtual = 6386

Starting Cache Timing Information Task
INFO: [Timing 38-35] Done setting XDC timing constraints.
Ending Cache Timing Information Task | Checksum: 211eaf4c3

Time (s): cpu = 00:00:04 ; elapsed = 00:00:04 . Memory (MB): peak = 2511.090 ; gain = 45.812 ; free physical = 1705 ; free virtual = 5918

Starting Logic Optimization Task

Phase 1 Retarget
INFO: [Opt 31-138] Pushed 0 inverter(s) to 0 load pin(s).
INFO: [Opt 31-49] Retargeted 0 cell(s).
Phase 1 Retarget | Checksum: 211eaf4c3

Time (s): cpu = 00:00:00.01 ; elapsed = 00:00:00.02 . Memory (MB): peak = 2681.059 ; gain = 0.000 ; free physical = 1606 ; free virtual = 5819
INFO: [Opt 31-389] Phase Retarget created 0 cells and removed 0 cells

Phase 2 Constant propagation
INFO: [Opt 31-138] Pushed 0 inverter(s) to 0 load pin(s).
Phase 2 Constant propagation | Checksum: 211eaf4c3

Time (s): cpu = 00:00:00.01 ; elapsed = 00:00:00.02 . Memory (MB): peak = 2681.059 ; gain = 0.000 ; free physical = 1606 ; free virtual = 5819
INFO: [Opt 31-389] Phase Constant propagation created 0 cells and removed 0 cells

Phase 3 Sweep
Phase 3 Sweep | Checksum: 211eaf4c3

Time (s): cpu = 00:00:00.01 ; elapsed = 00:00:00.02 . Memory (MB): peak = 2681.059 ; gain = 0.000 ; free physical = 1606 ; free virtual = 5819
INFO: [Opt 31-389] Phase Sweep created 0 cells and removed 0 cells

Phase 4 BUFG optimization
Phase 4 BUFG optimization | Checksum: 211eaf4c3

Time (s): cpu = 00:00:00.01 ; elapsed = 00:00:00.02 . Memory (MB): peak = 2681.059 ; gain = 0.000 ; free physical = 1606 ; free virtual = 5819
INFO: [Opt 31-662] Phase BUFG optimization created 0 cells of which 0 are BUFGs and removed 0 cells.

Phase 5 Shift Register Optimization
INFO: [Opt 31-1064] SRL Remap converted 0 SRLs to 0 registers and converted 0 registers of register chains to 0 SRLs
Phase 5 Shift Register Optimization | Checksum: 211eaf4c3

Time (s): cpu = 00:00:00.01 ; elapsed = 00:00:00.02 . Memory (MB): peak = 2681.059 ; gain = 0.000 ; free physical = 1606 ; free virtual = 5819
INFO: [Opt 31-389] Phase Shift Register Optimization created 0 cells and removed 0 cells

Phase 6 Post Processing Netlist
Phase 6 Post Processing Netlist | Checksum: 211eaf4c3

Time (s): cpu = 00:00:00.01 ; elapsed = 00:00:00.02 . Memory (MB): peak = 2681.059 ; gain = 0.000 ; free physical = 1606 ; free virtual = 5819
INFO: [Opt 31-389] Phase Post Processing Netlist created 0 cells and removed 0 cells
Opt_design Change Summary
=========================


-------------------------------------------------------------------------------------------------------------------------
|  Phase                        |  #Cells created  |  #Cells Removed  |  #Constrained objects preventing optimizations  |
-------------------------------------------------------------------------------------------------------------------------
|  Retarget                     |               0  |               0  |                                              0  |
|  Constant propagation         |               0  |               0  |                                              0  |
|  Sweep                        |               0  |               0  |                                              0  |
|  BUFG optimization            |               0  |               0  |                                              0  |
|  Shift Register Optimization  |               0  |               0  |                                              0  |
|  Post Processing Netlist      |               0  |               0  |                                              0  |
-------------------------------------------------------------------------------------------------------------------------



Starting Connectivity Check Task

Time (s): cpu = 00:00:00 ; elapsed = 00:00:00 . Memory (MB): peak = 2681.059 ; gain = 0.000 ; free physical = 1606 ; free virtual = 5819
Ending Logic Optimization Task | Checksum: 211eaf4c3

Time (s): cpu = 00:00:00.01 ; elapsed = 00:00:00.02 . Memory (MB): peak = 2681.059 ; gain = 0.000 ; free physical = 1606 ; free virtual = 5819

Starting Power Optimization Task
INFO: [Pwropt 34-132] Skipping clock gating for clocks with a period < 2.00 ns.
Ending Power Optimization Task | Checksum: 211eaf4c3

Time (s): cpu = 00:00:00.01 ; elapsed = 00:00:00.01 . Memory (MB): peak = 2681.059 ; gain = 0.000 ; free physical = 1607 ; free virtual = 5820

Starting Final Cleanup Task
Ending Final Cleanup Task | Checksum: 211eaf4c3

Time (s): cpu = 00:00:00 ; elapsed = 00:00:00 . Memory (MB): peak = 2681.059 ; gain = 0.000 ; free physical = 1607 ; free virtual = 5820

Starting Netlist Obfuscation Task
Netlist sorting complete. Time (s): cpu = 00:00:00 ; elapsed = 00:00:00 . Memory (MB): peak = 2681.059 ; gain = 0.000 ; free physical = 1607 ; free virtual = 5820
Ending Netlist Obfuscation Task | Checksum: 211eaf4c3

Time (s): cpu = 00:00:00 ; elapsed = 00:00:00 . Memory (MB): peak = 2681.059 ; gain = 0.000 ; free physical = 1607 ; free virtual = 5820
INFO: [Common 17-83] Releasing license: Implementation
24 Infos, 0 Warnings, 0 Critical Warnings and 0 Errors encountered.
opt_design completed successfully
opt_design: Time (s): cpu = 00:00:05 ; elapsed = 00:00:05 . Memory (MB): peak = 2681.059 ; gain = 279.812 ; free physical = 1607 ; free virtual = 5820
INFO: [Timing 38-480] Writing timing data to binary archive.
Writing placer database...
Writing XDEF routing.
Writing XDEF routing logical nets.
Writing XDEF routing special nets.
Write XDEF Complete: Time (s): cpu = 00:00:00.01 ; elapsed = 00:00:00 . Memory (MB): peak = 2721.078 ; gain = 0.000 ; free physical = 1606 ; free virtual = 5820
INFO: [Common 17-1381] The checkpoint '/home/yonn/vivado_project/20240524_UART_FIFO/20240524_UART_FIFO.runs/impl_1/top_loop_test_opt.dcp' has been generated.
INFO: [runtcl-4] Executing : report_drc -file top_loop_test_drc_opted.rpt -pb top_loop_test_drc_opted.pb -rpx top_loop_test_drc_opted.rpx
Command: report_drc -file top_loop_test_drc_opted.rpt -pb top_loop_test_drc_opted.pb -rpx top_loop_test_drc_opted.rpx
INFO: [IP_Flow 19-234] Refreshing IP repositories
INFO: [IP_Flow 19-1704] No user IP repositories specified
INFO: [IP_Flow 19-2313] Loaded Vivado IP repository '/home/yonn/Xilinx/Vivado/2020.2/data/ip'.
INFO: [Timing 38-35] Done setting XDC timing constraints.
INFO: [DRC 23-27] Running DRC with 8 threads
INFO: [Coretcl 2-168] The results of DRC are in file /home/yonn/vivado_project/20240524_UART_FIFO/20240524_UART_FIFO.runs/impl_1/top_loop_test_drc_opted.rpt.
report_drc completed successfully
Command: place_design
Attempting to get a license for feature 'Implementation' and/or device 'xc7a35t'
INFO: [Common 17-349] Got license for feature 'Implementation' and/or device 'xc7a35t'
INFO: [DRC 23-27] Running DRC with 8 threads
INFO: [Vivado_Tcl 4-198] DRC finished with 0 Errors
INFO: [Vivado_Tcl 4-199] Please refer to the DRC report (report_drc) for more information.
Running DRC as a precondition to command place_design
INFO: [DRC 23-27] Running DRC with 8 threads
INFO: [Vivado_Tcl 4-198] DRC finished with 0 Errors
INFO: [Vivado_Tcl 4-199] Please refer to the DRC report (report_drc) for more information.

Starting Placer Task
INFO: [Place 30-611] Multithreading enabled for place_design using a maximum of 8 CPUs

Phase 1 Placer Initialization

Phase 1.1 Placer Initialization Netlist Sorting
Netlist sorting complete. Time (s): cpu = 00:00:00 ; elapsed = 00:00:00 . Memory (MB): peak = 2875.996 ; gain = 0.000 ; free physical = 1536 ; free virtual = 5750
Phase 1.1 Placer Initialization Netlist Sorting | Checksum: 1232f714b

Time (s): cpu = 00:00:00 ; elapsed = 00:00:00 . Memory (MB): peak = 2875.996 ; gain = 0.000 ; free physical = 1536 ; free virtual = 5750
Netlist sorting complete. Time (s): cpu = 00:00:00 ; elapsed = 00:00:00 . Memory (MB): peak = 2875.996 ; gain = 0.000 ; free physical = 1536 ; free virtual = 5750

Phase 1.2 IO Placement/ Clock Placement/ Build Placer Device
Phase 1.2 IO Placement/ Clock Placement/ Build Placer Device | Checksum: ced24104

Time (s): cpu = 00:00:00.26 ; elapsed = 00:00:00.09 . Memory (MB): peak = 2875.996 ; gain = 0.000 ; free physical = 1567 ; free virtual = 5781

Phase 1.3 Build Placer Netlist Model
Phase 1.3 Build Placer Netlist Model | Checksum: 1cb847b28

Time (s): cpu = 00:00:00.48 ; elapsed = 00:00:00.15 . Memory (MB): peak = 2875.996 ; gain = 0.000 ; free physical = 1581 ; free virtual = 5795

Phase 1.4 Constrain Clocks/Macros
Phase 1.4 Constrain Clocks/Macros | Checksum: 1cb847b28

Time (s): cpu = 00:00:00.48 ; elapsed = 00:00:00.15 . Memory (MB): peak = 2875.996 ; gain = 0.000 ; free physical = 1581 ; free virtual = 5795
Phase 1 Placer Initialization | Checksum: 1cb847b28

Time (s): cpu = 00:00:00.48 ; elapsed = 00:00:00.15 . Memory (MB): peak = 2875.996 ; gain = 0.000 ; free physical = 1581 ; free virtual = 5795

Phase 2 Global Placement

Phase 2.1 Floorplanning
Phase 2.1 Floorplanning | Checksum: 1791ccac8

Time (s): cpu = 00:00:00.81 ; elapsed = 00:00:00.21 . Memory (MB): peak = 2875.996 ; gain = 0.000 ; free physical = 1569 ; free virtual = 5782

Phase 2.2 Update Timing before SLR Path Opt
Phase 2.2 Update Timing before SLR Path Opt | Checksum: 1a4ee5fca

Time (s): cpu = 00:00:00.90 ; elapsed = 00:00:00.23 . Memory (MB): peak = 2875.996 ; gain = 0.000 ; free physical = 1569 ; free virtual = 5782

Phase 2.3 Global Placement Core

Phase 2.3.1 Physical Synthesis In Placer
INFO: [Physopt 32-1044] Break lutnm for timing: one critical 0, two critical 0, total 0, new lutff created 0
INFO: [Physopt 32-775] End 1 Pass. Optimized 0 net or cell. Created 0 new cell, deleted 0 existing cell and moved 0 existing cell
INFO: [Physopt 32-65] No nets found for high-fanout optimization.
INFO: [Physopt 32-232] Optimized 0 net. Created 0 new instance.
INFO: [Physopt 32-775] End 1 Pass. Optimized 0 net or cell. Created 0 new cell, deleted 0 existing cell and moved 0 existing cell
INFO: [Physopt 32-670] No setup violation found.  DSP Register Optimization was not performed.
INFO: [Physopt 32-670] No setup violation found.  Shift Register to Pipeline Optimization was not performed.
INFO: [Physopt 32-670] No setup violation found.  Shift Register Optimization was not performed.
INFO: [Physopt 32-670] No setup violation found.  BRAM Register Optimization was not performed.
INFO: [Physopt 32-670] No setup violation found.  URAM Register Optimization was not performed.
INFO: [Physopt 32-949] No candidate nets found for dynamic/static region interface net replication
INFO: [Physopt 32-775] End 1 Pass. Optimized 0 net or cell. Created 0 new cell, deleted 0 existing cell and moved 0 existing cell
Netlist sorting complete. Time (s): cpu = 00:00:00 ; elapsed = 00:00:00 . Memory (MB): peak = 2884.000 ; gain = 0.000 ; free physical = 1564 ; free virtual = 5777

Summary of Physical Synthesis Optimizations
============================================


-----------------------------------------------------------------------------------------------------------------------------------------------------------
|  Optimization                                     |  Added Cells  |  Removed Cells  |  Optimized Cells/Nets  |  Dont Touch  |  Iterations  |  Elapsed   |
-----------------------------------------------------------------------------------------------------------------------------------------------------------
|  LUT Combining                                    |            0  |              0  |                     0  |           0  |           1  |  00:00:00  |
|  Very High Fanout                                 |            0  |              0  |                     0  |           0  |           1  |  00:00:00  |
|  DSP Register                                     |            0  |              0  |                     0  |           0  |           0  |  00:00:00  |
|  Shift Register to Pipeline                       |            0  |              0  |                     0  |           0  |           0  |  00:00:00  |
|  Shift Register                                   |            0  |              0  |                     0  |           0  |           0  |  00:00:00  |
|  BRAM Register                                    |            0  |              0  |                     0  |           0  |           0  |  00:00:00  |
|  URAM Register                                    |            0  |              0  |                     0  |           0  |           0  |  00:00:00  |
|  Dynamic/Static Region Interface Net Replication  |            0  |              0  |                     0  |           0  |           1  |  00:00:00  |
|  Total                                            |            0  |              0  |                     0  |           0  |           3  |  00:00:00  |
-----------------------------------------------------------------------------------------------------------------------------------------------------------


Phase 2.3.1 Physical Synthesis In Placer | Checksum: f7c5db79

Time (s): cpu = 00:00:05 ; elapsed = 00:00:01 . Memory (MB): peak = 2884.000 ; gain = 8.004 ; free physical = 1564 ; free virtual = 5777
Phase 2.3 Global Placement Core | Checksum: 184774aaa

Time (s): cpu = 00:00:05 ; elapsed = 00:00:01 . Memory (MB): peak = 2884.000 ; gain = 8.004 ; free physical = 1563 ; free virtual = 5777
Phase 2 Global Placement | Checksum: 184774aaa

Time (s): cpu = 00:00:05 ; elapsed = 00:00:01 . Memory (MB): peak = 2884.000 ; gain = 8.004 ; free physical = 1563 ; free virtual = 5777

Phase 3 Detail Placement

Phase 3.1 Commit Multi Column Macros
Phase 3.1 Commit Multi Column Macros | Checksum: 1467eda9e

Time (s): cpu = 00:00:05 ; elapsed = 00:00:01 . Memory (MB): peak = 2884.000 ; gain = 8.004 ; free physical = 1563 ; free virtual = 5777

Phase 3.2 Commit Most Macros & LUTRAMs
Phase 3.2 Commit Most Macros & LUTRAMs | Checksum: 1f38d42bf

Time (s): cpu = 00:00:05 ; elapsed = 00:00:01 . Memory (MB): peak = 2884.000 ; gain = 8.004 ; free physical = 1562 ; free virtual = 5776

Phase 3.3 Area Swap Optimization
Phase 3.3 Area Swap Optimization | Checksum: 19e551e76

Time (s): cpu = 00:00:05 ; elapsed = 00:00:01 . Memory (MB): peak = 2884.000 ; gain = 8.004 ; free physical = 1563 ; free virtual = 5776

Phase 3.4 Pipeline Register Optimization
Phase 3.4 Pipeline Register Optimization | Checksum: 217fb6d5c

Time (s): cpu = 00:00:05 ; elapsed = 00:00:01 . Memory (MB): peak = 2884.000 ; gain = 8.004 ; free physical = 1563 ; free virtual = 5776

Phase 3.5 Small Shape Detail Placement
Phase 3.5 Small Shape Detail Placement | Checksum: 1b565b2cc

Time (s): cpu = 00:00:05 ; elapsed = 00:00:01 . Memory (MB): peak = 2884.000 ; gain = 8.004 ; free physical = 1559 ; free virtual = 5772

Phase 3.6 Re-assign LUT pins
Phase 3.6 Re-assign LUT pins | Checksum: 1ee94334c

Time (s): cpu = 00:00:05 ; elapsed = 00:00:01 . Memory (MB): peak = 2884.000 ; gain = 8.004 ; free physical = 1559 ; free virtual = 5772

Phase 3.7 Pipeline Register Optimization
Phase 3.7 Pipeline Register Optimization | Checksum: 1683d6432

Time (s): cpu = 00:00:05 ; elapsed = 00:00:01 . Memory (MB): peak = 2884.000 ; gain = 8.004 ; free physical = 1559 ; free virtual = 5772
Phase 3 Detail Placement | Checksum: 1683d6432

Time (s): cpu = 00:00:05 ; elapsed = 00:00:01 . Memory (MB): peak = 2884.000 ; gain = 8.004 ; free physical = 1559 ; free virtual = 5772

Phase 4 Post Placement Optimization and Clean-Up

Phase 4.1 Post Commit Optimization
INFO: [Timing 38-35] Done setting XDC timing constraints.

Phase 4.1.1 Post Placement Optimization
Post Placement Optimization Initialization | Checksum: 146747f09

Phase 4.1.1.1 BUFG Insertion

Starting Physical Synthesis Task

Phase 1 Physical Synthesis Initialization
INFO: [Physopt 32-721] Multithreading enabled for phys_opt_design using a maximum of 8 CPUs
INFO: [Physopt 32-619] Estimated Timing Summary | WNS=6.296 | TNS=0.000 |
Phase 1 Physical Synthesis Initialization | Checksum: 1cf694f92

Time (s): cpu = 00:00:00.11 ; elapsed = 00:00:00.01 . Memory (MB): peak = 2884.000 ; gain = 0.000 ; free physical = 1557 ; free virtual = 5770
INFO: [Place 46-56] BUFG insertion identified 0 candidate nets. Inserted BUFG: 0, Replicated BUFG Driver: 0, Skipped due to Placement/Routing Conflicts: 0, Skipped due to Timing Degradation: 0, Skipped due to Illegal Netlist: 0.
Ending Physical Synthesis Task | Checksum: 1698df25d

Time (s): cpu = 00:00:00.11 ; elapsed = 00:00:00.01 . Memory (MB): peak = 2884.000 ; gain = 0.000 ; free physical = 1557 ; free virtual = 5770
Phase 4.1.1.1 BUFG Insertion | Checksum: 146747f09

Time (s): cpu = 00:00:06 ; elapsed = 00:00:01 . Memory (MB): peak = 2884.000 ; gain = 8.004 ; free physical = 1557 ; free virtual = 5771
INFO: [Place 30-746] Post Placement Timing Summary WNS=6.296. For the most accurate timing information please run report_timing.

Time (s): cpu = 00:00:06 ; elapsed = 00:00:01 . Memory (MB): peak = 2884.000 ; gain = 8.004 ; free physical = 1557 ; free virtual = 5771
Phase 4.1 Post Commit Optimization | Checksum: 1352e8911

Time (s): cpu = 00:00:06 ; elapsed = 00:00:01 . Memory (MB): peak = 2884.000 ; gain = 8.004 ; free physical = 1557 ; free virtual = 5771

Phase 4.2 Post Placement Cleanup
Phase 4.2 Post Placement Cleanup | Checksum: 1352e8911

Time (s): cpu = 00:00:06 ; elapsed = 00:00:01 . Memory (MB): peak = 2884.000 ; gain = 8.004 ; free physical = 1557 ; free virtual = 5771

Phase 4.3 Placer Reporting

Phase 4.3.1 Print Estimated Congestion
INFO: [Place 30-612] Post-Placement Estimated Congestion 
 ____________________________________________________
|           | Global Congestion | Short Congestion  |
| Direction | Region Size       | Region Size       |
|___________|___________________|___________________|
|      North|                1x1|                1x1|
|___________|___________________|___________________|
|      South|                1x1|                1x1|
|___________|___________________|___________________|
|       East|                1x1|                1x1|
|___________|___________________|___________________|
|       West|                1x1|                1x1|
|___________|___________________|___________________|

Phase 4.3.1 Print Estimated Congestion | Checksum: 1352e8911

Time (s): cpu = 00:00:06 ; elapsed = 00:00:01 . Memory (MB): peak = 2884.000 ; gain = 8.004 ; free physical = 1557 ; free virtual = 5771
Phase 4.3 Placer Reporting | Checksum: 1352e8911

Time (s): cpu = 00:00:06 ; elapsed = 00:00:01 . Memory (MB): peak = 2884.000 ; gain = 8.004 ; free physical = 1557 ; free virtual = 5771

Phase 4.4 Final Placement Cleanup
Netlist sorting complete. Time (s): cpu = 00:00:00 ; elapsed = 00:00:00 . Memory (MB): peak = 2884.000 ; gain = 0.000 ; free physical = 1557 ; free virtual = 5771

Time (s): cpu = 00:00:06 ; elapsed = 00:00:01 . Memory (MB): peak = 2884.000 ; gain = 8.004 ; free physical = 1557 ; free virtual = 5771
Phase 4 Post Placement Optimization and Clean-Up | Checksum: 171531243

Time (s): cpu = 00:00:06 ; elapsed = 00:00:01 . Memory (MB): peak = 2884.000 ; gain = 8.004 ; free physical = 1557 ; free virtual = 5771
Ending Placer Task | Checksum: b6f6f817

Time (s): cpu = 00:00:06 ; elapsed = 00:00:01 . Memory (MB): peak = 2884.000 ; gain = 8.004 ; free physical = 1557 ; free virtual = 5771
INFO: [Common 17-83] Releasing license: Implementation
60 Infos, 0 Warnings, 0 Critical Warnings and 0 Errors encountered.
place_design completed successfully
INFO: [Timing 38-480] Writing timing data to binary archive.
Writing placer database...
Writing XDEF routing.
Writing XDEF routing logical nets.
Writing XDEF routing special nets.
Write XDEF Complete: Time (s): cpu = 00:00:00.03 ; elapsed = 00:00:00.01 . Memory (MB): peak = 2884.000 ; gain = 0.000 ; free physical = 1572 ; free virtual = 5786
INFO: [Common 17-1381] The checkpoint '/home/yonn/vivado_project/20240524_UART_FIFO/20240524_UART_FIFO.runs/impl_1/top_loop_test_placed.dcp' has been generated.
INFO: [runtcl-4] Executing : report_io -file top_loop_test_io_placed.rpt
report_io: Time (s): cpu = 00:00:00.03 ; elapsed = 00:00:00.07 . Memory (MB): peak = 2884.000 ; gain = 0.000 ; free physical = 1568 ; free virtual = 5781
INFO: [runtcl-4] Executing : report_utilization -file top_loop_test_utilization_placed.rpt -pb top_loop_test_utilization_placed.pb
INFO: [runtcl-4] Executing : report_control_sets -verbose -file top_loop_test_control_sets_placed.rpt
report_control_sets: Time (s): cpu = 00:00:00.02 ; elapsed = 00:00:00.04 . Memory (MB): peak = 2884.000 ; gain = 0.000 ; free physical = 1571 ; free virtual = 5784
Command: phys_opt_design
Attempting to get a license for feature 'Implementation' and/or device 'xc7a35t'
INFO: [Common 17-349] Got license for feature 'Implementation' and/or device 'xc7a35t'
INFO: [Vivado_Tcl 4-383] Design worst setup slack (WNS) is greater than or equal to 0.000 ns. Skipping all physical synthesis optimizations.
INFO: [Vivado_Tcl 4-232] No setup violation found. The netlist was not modified.
INFO: [Common 17-83] Releasing license: Implementation
69 Infos, 0 Warnings, 0 Critical Warnings and 0 Errors encountered.
phys_opt_design completed successfully
INFO: [Timing 38-480] Writing timing data to binary archive.
Writing placer database...
Writing XDEF routing.
Writing XDEF routing logical nets.
Writing XDEF routing special nets.
Write XDEF Complete: Time (s): cpu = 00:00:00.02 ; elapsed = 00:00:00.01 . Memory (MB): peak = 2884.000 ; gain = 0.000 ; free physical = 1539 ; free virtual = 5753
INFO: [Common 17-1381] The checkpoint '/home/yonn/vivado_project/20240524_UART_FIFO/20240524_UART_FIFO.runs/impl_1/top_loop_test_physopt.dcp' has been generated.
Command: route_design
Attempting to get a license for feature 'Implementation' and/or device 'xc7a35t'
INFO: [Common 17-349] Got license for feature 'Implementation' and/or device 'xc7a35t'
Running DRC as a precondition to command route_design
INFO: [DRC 23-27] Running DRC with 8 threads
INFO: [Vivado_Tcl 4-198] DRC finished with 0 Errors
INFO: [Vivado_Tcl 4-199] Please refer to the DRC report (report_drc) for more information.


Starting Routing Task
INFO: [Route 35-254] Multithreading enabled for route_design using a maximum of 8 CPUs
Checksum: PlaceDB: 65c6b2ef ConstDB: 0 ShapeSum: 51304528 RouteDB: 0

Phase 1 Build RT Design
Phase 1 Build RT Design | Checksum: 11cd0db87

Time (s): cpu = 00:00:07 ; elapsed = 00:00:05 . Memory (MB): peak = 2884.000 ; gain = 0.000 ; free physical = 1431 ; free virtual = 5644
Post Restoration Checksum: NetGraph: ad47c42c NumContArr: 6f89175b Constraints: 0 Timing: 0

Phase 2 Router Initialization

Phase 2.1 Create Timer
Phase 2.1 Create Timer | Checksum: 11cd0db87

Time (s): cpu = 00:00:07 ; elapsed = 00:00:05 . Memory (MB): peak = 2884.000 ; gain = 0.000 ; free physical = 1432 ; free virtual = 5646

Phase 2.2 Fix Topology Constraints
Phase 2.2 Fix Topology Constraints | Checksum: 11cd0db87

Time (s): cpu = 00:00:07 ; elapsed = 00:00:06 . Memory (MB): peak = 2884.000 ; gain = 0.000 ; free physical = 1398 ; free virtual = 5612

Phase 2.3 Pre Route Cleanup
Phase 2.3 Pre Route Cleanup | Checksum: 11cd0db87

Time (s): cpu = 00:00:07 ; elapsed = 00:00:06 . Memory (MB): peak = 2884.000 ; gain = 0.000 ; free physical = 1398 ; free virtual = 5612
 Number of Nodes with overlaps = 0

Phase 2.4 Update Timing
Phase 2.4 Update Timing | Checksum: b02255e5

Time (s): cpu = 00:00:07 ; elapsed = 00:00:06 . Memory (MB): peak = 2887.012 ; gain = 3.012 ; free physical = 1388 ; free virtual = 5601
INFO: [Route 35-416] Intermediate Timing Summary | WNS=6.429  | TNS=0.000  | WHS=-0.150 | THS=-9.439 |

Phase 2 Router Initialization | Checksum: a464b249

Time (s): cpu = 00:00:07 ; elapsed = 00:00:06 . Memory (MB): peak = 2887.012 ; gain = 3.012 ; free physical = 1388 ; free virtual = 5601

Router Utilization Summary
  Global Vertical Routing Utilization    = 0.000398629 %
  Global Horizontal Routing Utilization  = 0.000130141 %
  Routable Net Status*
  *Does not include unroutable nets such as driverless and loadless.
  Run report_route_status for detailed report.
  Number of Failed Nets               = 116
    (Failed Nets is the sum of unrouted and partially routed nets)
  Number of Unrouted Nets             = 109
  Number of Partially Routed Nets     = 7
  Number of Node Overlaps             = 6


Phase 3 Initial Routing

Phase 3.1 Global Routing
Phase 3.1 Global Routing | Checksum: a464b249

Time (s): cpu = 00:00:07 ; elapsed = 00:00:06 . Memory (MB): peak = 2889.012 ; gain = 5.012 ; free physical = 1386 ; free virtual = 5600
Phase 3 Initial Routing | Checksum: 1a9062ecd

Time (s): cpu = 00:00:07 ; elapsed = 00:00:06 . Memory (MB): peak = 2889.012 ; gain = 5.012 ; free physical = 1388 ; free virtual = 5602

Phase 4 Rip-up And Reroute

Phase 4.1 Global Iteration 0
 Number of Nodes with overlaps = 9
 Number of Nodes with overlaps = 0
INFO: [Route 35-416] Intermediate Timing Summary | WNS=5.816  | TNS=0.000  | WHS=N/A    | THS=N/A    |

Phase 4.1 Global Iteration 0 | Checksum: e2d10e8b

Time (s): cpu = 00:00:07 ; elapsed = 00:00:06 . Memory (MB): peak = 2889.012 ; gain = 5.012 ; free physical = 1389 ; free virtual = 5603

Phase 4.2 Global Iteration 1
 Number of Nodes with overlaps = 1
 Number of Nodes with overlaps = 0
INFO: [Route 35-416] Intermediate Timing Summary | WNS=5.816  | TNS=0.000  | WHS=N/A    | THS=N/A    |

Phase 4.2 Global Iteration 1 | Checksum: 25de3282a

Time (s): cpu = 00:00:07 ; elapsed = 00:00:06 . Memory (MB): peak = 2889.012 ; gain = 5.012 ; free physical = 1389 ; free virtual = 5603
Phase 4 Rip-up And Reroute | Checksum: 25de3282a

Time (s): cpu = 00:00:07 ; elapsed = 00:00:06 . Memory (MB): peak = 2889.012 ; gain = 5.012 ; free physical = 1389 ; free virtual = 5603

Phase 5 Delay and Skew Optimization

Phase 5.1 Delay CleanUp
Phase 5.1 Delay CleanUp | Checksum: 25de3282a

Time (s): cpu = 00:00:07 ; elapsed = 00:00:06 . Memory (MB): peak = 2889.012 ; gain = 5.012 ; free physical = 1389 ; free virtual = 5603

Phase 5.2 Clock Skew Optimization
Phase 5.2 Clock Skew Optimization | Checksum: 25de3282a

Time (s): cpu = 00:00:07 ; elapsed = 00:00:06 . Memory (MB): peak = 2889.012 ; gain = 5.012 ; free physical = 1389 ; free virtual = 5603
Phase 5 Delay and Skew Optimization | Checksum: 25de3282a

Time (s): cpu = 00:00:07 ; elapsed = 00:00:06 . Memory (MB): peak = 2889.012 ; gain = 5.012 ; free physical = 1389 ; free virtual = 5603

Phase 6 Post Hold Fix

Phase 6.1 Hold Fix Iter

Phase 6.1.1 Update Timing
Phase 6.1.1 Update Timing | Checksum: 19e3b0d40

Time (s): cpu = 00:00:07 ; elapsed = 00:00:06 . Memory (MB): peak = 2889.012 ; gain = 5.012 ; free physical = 1389 ; free virtual = 5603
INFO: [Route 35-416] Intermediate Timing Summary | WNS=5.904  | TNS=0.000  | WHS=0.122  | THS=0.000  |

Phase 6.1 Hold Fix Iter | Checksum: 2608676bf

Time (s): cpu = 00:00:07 ; elapsed = 00:00:06 . Memory (MB): peak = 2889.012 ; gain = 5.012 ; free physical = 1389 ; free virtual = 5603
Phase 6 Post Hold Fix | Checksum: 2608676bf

Time (s): cpu = 00:00:07 ; elapsed = 00:00:06 . Memory (MB): peak = 2889.012 ; gain = 5.012 ; free physical = 1389 ; free virtual = 5603

Phase 7 Route finalize

Router Utilization Summary
  Global Vertical Routing Utilization    = 0.0299769 %
  Global Horizontal Routing Utilization  = 0.0170484 %
  Routable Net Status*
  *Does not include unroutable nets such as driverless and loadless.
  Run report_route_status for detailed report.
  Number of Failed Nets               = 0
    (Failed Nets is the sum of unrouted and partially routed nets)
  Number of Unrouted Nets             = 0
  Number of Partially Routed Nets     = 0
  Number of Node Overlaps             = 0

Phase 7 Route finalize | Checksum: 251687a27

Time (s): cpu = 00:00:07 ; elapsed = 00:00:06 . Memory (MB): peak = 2889.012 ; gain = 5.012 ; free physical = 1389 ; free virtual = 5603

Phase 8 Verifying routed nets

 Verification completed successfully
Phase 8 Verifying routed nets | Checksum: 251687a27

Time (s): cpu = 00:00:07 ; elapsed = 00:00:06 . Memory (MB): peak = 2889.012 ; gain = 5.012 ; free physical = 1388 ; free virtual = 5602

Phase 9 Depositing Routes
Phase 9 Depositing Routes | Checksum: 29e1e9cff

Time (s): cpu = 00:00:07 ; elapsed = 00:00:06 . Memory (MB): peak = 2921.027 ; gain = 37.027 ; free physical = 1388 ; free virtual = 5602

Phase 10 Post Router Timing
INFO: [Route 35-57] Estimated Timing Summary | WNS=5.904  | TNS=0.000  | WHS=0.122  | THS=0.000  |

INFO: [Route 35-327] The final timing numbers are based on the router estimated timing analysis. For a complete and accurate timing signoff, please run report_timing_summary.
Phase 10 Post Router Timing | Checksum: 29e1e9cff

Time (s): cpu = 00:00:07 ; elapsed = 00:00:06 . Memory (MB): peak = 2921.027 ; gain = 37.027 ; free physical = 1390 ; free virtual = 5604
INFO: [Route 35-16] Router Completed Successfully

Time (s): cpu = 00:00:07 ; elapsed = 00:00:06 . Memory (MB): peak = 2921.027 ; gain = 37.027 ; free physical = 1423 ; free virtual = 5637

Routing Is Done.
INFO: [Common 17-83] Releasing license: Implementation
84 Infos, 0 Warnings, 0 Critical Warnings and 0 Errors encountered.
route_design completed successfully
route_design: Time (s): cpu = 00:00:08 ; elapsed = 00:00:06 . Memory (MB): peak = 2921.027 ; gain = 37.027 ; free physical = 1423 ; free virtual = 5637
INFO: [Timing 38-480] Writing timing data to binary archive.
Writing placer database...
Writing XDEF routing.
Writing XDEF routing logical nets.
Writing XDEF routing special nets.
Write XDEF Complete: Time (s): cpu = 00:00:00.02 ; elapsed = 00:00:00.01 . Memory (MB): peak = 2921.027 ; gain = 0.000 ; free physical = 1423 ; free virtual = 5638
INFO: [Common 17-1381] The checkpoint '/home/yonn/vivado_project/20240524_UART_FIFO/20240524_UART_FIFO.runs/impl_1/top_loop_test_routed.dcp' has been generated.
INFO: [runtcl-4] Executing : report_drc -file top_loop_test_drc_routed.rpt -pb top_loop_test_drc_routed.pb -rpx top_loop_test_drc_routed.rpx
Command: report_drc -file top_loop_test_drc_routed.rpt -pb top_loop_test_drc_routed.pb -rpx top_loop_test_drc_routed.rpx
INFO: [IP_Flow 19-1839] IP Catalog is up to date.
INFO: [DRC 23-27] Running DRC with 8 threads
INFO: [Coretcl 2-168] The results of DRC are in file /home/yonn/vivado_project/20240524_UART_FIFO/20240524_UART_FIFO.runs/impl_1/top_loop_test_drc_routed.rpt.
report_drc completed successfully
INFO: [runtcl-4] Executing : report_methodology -file top_loop_test_methodology_drc_routed.rpt -pb top_loop_test_methodology_drc_routed.pb -rpx top_loop_test_methodology_drc_routed.rpx
Command: report_methodology -file top_loop_test_methodology_drc_routed.rpt -pb top_loop_test_methodology_drc_routed.pb -rpx top_loop_test_methodology_drc_routed.rpx
INFO: [Timing 38-35] Done setting XDC timing constraints.
INFO: [DRC 23-133] Running Methodology with 8 threads
INFO: [Coretcl 2-1520] The results of Report Methodology are in file /home/yonn/vivado_project/20240524_UART_FIFO/20240524_UART_FIFO.runs/impl_1/top_loop_test_methodology_drc_routed.rpt.
report_methodology completed successfully
INFO: [runtcl-4] Executing : report_power -file top_loop_test_power_routed.rpt -pb top_loop_test_power_summary_routed.pb -rpx top_loop_test_power_routed.rpx
Command: report_power -file top_loop_test_power_routed.rpt -pb top_loop_test_power_summary_routed.pb -rpx top_loop_test_power_routed.rpx
INFO: [Timing 38-35] Done setting XDC timing constraints.
Running Vector-less Activity Propagation...

Finished Running Vector-less Activity Propagation
96 Infos, 0 Warnings, 0 Critical Warnings and 0 Errors encountered.
report_power completed successfully
INFO: [runtcl-4] Executing : report_route_status -file top_loop_test_route_status.rpt -pb top_loop_test_route_status.pb
INFO: [runtcl-4] Executing : report_timing_summary -max_paths 10 -file top_loop_test_timing_summary_routed.rpt -pb top_loop_test_timing_summary_routed.pb -rpx top_loop_test_timing_summary_routed.rpx -warn_on_violation 
INFO: [Timing 38-91] UpdateTimingParams: Speed grade: -1, Delay Type: min_max.
INFO: [Timing 38-191] Multithreading enabled for timing update using a maximum of 8 CPUs
INFO: [runtcl-4] Executing : report_incremental_reuse -file top_loop_test_incremental_reuse_routed.rpt
INFO: [Vivado_Tcl 4-1062] Incremental flow is disabled. No incremental reuse Info to report.
INFO: [runtcl-4] Executing : report_clock_utilization -file top_loop_test_clock_utilization_routed.rpt
INFO: [runtcl-4] Executing : report_bus_skew -warn_on_violation -file top_loop_test_bus_skew_routed.rpt -pb top_loop_test_bus_skew_routed.pb -rpx top_loop_test_bus_skew_routed.rpx
INFO: [Timing 38-91] UpdateTimingParams: Speed grade: -1, Delay Type: min_max.
INFO: [Timing 38-191] Multithreading enabled for timing update using a maximum of 8 CPUs
Command: write_bitstream -force top_loop_test.bit
Attempting to get a license for feature 'Implementation' and/or device 'xc7a35t'
INFO: [Common 17-349] Got license for feature 'Implementation' and/or device 'xc7a35t'
Running DRC as a precondition to command write_bitstream
INFO: [IP_Flow 19-1839] IP Catalog is up to date.
INFO: [DRC 23-27] Running DRC with 8 threads
WARNING: [DRC PDRC-153] Gated clock check: Net U_uart_fifo/U_uart/U_transmitter/tx_done_reg_reg_i_2_n_0 is a gated clock net sourced by a combinational pin U_uart_fifo/U_uart/U_transmitter/tx_done_reg_reg_i_2/O, cell U_uart_fifo/U_uart/U_transmitter/tx_done_reg_reg_i_2. This is not good design practice and will likely impact performance. For SLICE registers, for example, use the CE pin to control the loading of data.
INFO: [Vivado 12-3199] DRC finished with 0 Errors, 1 Warnings
INFO: [Vivado 12-3200] Please refer to the DRC report (report_drc) for more information.
INFO: [Designutils 20-2272] Running write_bitstream with 8 threads.
Loading data files...
Loading site data...
Loading route data...
Processing options...
Creating bitmap...
Creating bitstream...
Writing bitstream ./top_loop_test.bit...
INFO: [Vivado 12-1842] Bitgen Completed Successfully.
INFO: [Project 1-120] WebTalk data collection is mandatory when using a WebPACK part without a full Vivado license. To see the specific WebTalk data collected for your design, open the usage_statistics_webtalk.html or usage_statistics_webtalk.xml file in the implementation directory.
INFO: [Common 17-83] Releasing license: Implementation
12 Infos, 1 Warnings, 0 Critical Warnings and 0 Errors encountered.
write_bitstream completed successfully
write_bitstream: Time (s): cpu = 00:00:06 ; elapsed = 00:00:16 . Memory (MB): peak = 3241.621 ; gain = 206.266 ; free physical = 1393 ; free virtual = 5610
INFO: [Common 17-206] Exiting Vivado at Fri May 24 11:55:11 2024...
