Copyright 1986-2020 Xilinx, Inc. All Rights Reserved.
---------------------------------------------------------------------------------------
| Tool Version : Vivado v.2020.2 (lin64) Build 3064766 Wed Nov 18 09:12:47 MST 2020
| Date         : Mon May 20 16:16:19 2024
| Host         : DESKTOP-7CFQ9ND running 64-bit Ubuntu 20.04.6 LTS
| Command      : report_control_sets -verbose -file tx_rx_loop_control_sets_placed.rpt
| Design       : tx_rx_loop
| Device       : xc7a35t
---------------------------------------------------------------------------------------

Control Set Information

Table of Contents
-----------------
1. Summary
2. Histogram
3. Flip-Flop Distribution
4. Detailed Control Set Information

1. Summary
----------

+----------------------------------------------------------+-------+
|                          Status                          | Count |
+----------------------------------------------------------+-------+
| Total control sets                                       |     5 |
|    Minimum number of control sets                        |     5 |
|    Addition due to synthesis replication                 |     0 |
|    Addition due to physical synthesis replication        |     0 |
| Unused register locations in slices containing registers |    16 |
+----------------------------------------------------------+-------+
* Control sets can be merged at opt_design using control_set_merge or merge_equivalent_drivers
** Run report_qor_suggestions for automated merging and remapping suggestions


2. Histogram
------------

+--------------------+-------+
|       Fanout       | Count |
+--------------------+-------+
| Total control sets |     5 |
| >= 0 to < 4        |     0 |
| >= 4 to < 6        |     2 |
| >= 6 to < 8        |     0 |
| >= 8 to < 10       |     1 |
| >= 10 to < 12      |     1 |
| >= 12 to < 14      |     0 |
| >= 14 to < 16      |     0 |
| >= 16              |     1 |
+--------------------+-------+
* Control sets can be remapped at either synth_design or opt_design


3. Flip-Flop Distribution
-------------------------

+--------------+-----------------------+------------------------+-----------------+--------------+
| Clock Enable | Synchronous Set/Reset | Asynchronous Set/Reset | Total Registers | Total Slices |
+--------------+-----------------------+------------------------+-----------------+--------------+
| No           | No                    | No                     |               0 |            0 |
| No           | No                    | Yes                    |              20 |            8 |
| No           | Yes                   | No                     |               0 |            0 |
| Yes          | No                    | No                     |               0 |            0 |
| Yes          | No                    | Yes                    |              28 |            7 |
| Yes          | Yes                   | No                     |               0 |            0 |
+--------------+-----------------------+------------------------+-----------------+--------------+


4. Detailed Control Set Information
-----------------------------------

+----------------+--------------------------------------------------+------------------+------------------+----------------+--------------+
|  Clock Signal  |                   Enable Signal                  | Set/Reset Signal | Slice Load Count | Bel Load Count | Bels / Slice |
+----------------+--------------------------------------------------+------------------+------------------+----------------+--------------+
|  clk_IBUF_BUFG | U_uart/U_transmitter/br_cnt_reg[3]_i_1_n_0       | reset_IBUF       |                1 |              4 |         4.00 |
|  clk_IBUF_BUFG | U_uart/U_Receiver/br_cnt_next                    | reset_IBUF       |                2 |              5 |         2.50 |
|  clk_IBUF_BUFG | U_uart/U_Receiver/rx_data_next                   | reset_IBUF       |                1 |              8 |         8.00 |
|  clk_IBUF_BUFG | U_uart/U_transmitter/data_bit_cnt_reg[2]_i_1_n_0 | reset_IBUF       |                3 |             11 |         3.67 |
|  clk_IBUF_BUFG |                                                  | reset_IBUF       |                8 |             20 |         2.50 |
+----------------+--------------------------------------------------+------------------+------------------+----------------+--------------+


