Copyright 1986-2020 Xilinx, Inc. All Rights Reserved.
---------------------------------------------------------------------------------------------------------------------
| Tool Version : Vivado v.2020.2 (lin64) Build 3064766 Wed Nov 18 09:12:47 MST 2020
| Date         : Tue Jun  4 14:06:29 2024
| Host         : DESKTOP-7CFQ9ND running 64-bit Ubuntu 20.04.6 LTS
| Command      : report_drc -file RV32I_MCU_drc_routed.rpt -pb RV32I_MCU_drc_routed.pb -rpx RV32I_MCU_drc_routed.rpx
| Design       : RV32I_MCU
| Device       : xc7a35tcpg236-1
| Speed File   : -1
| Design State : Fully Routed
---------------------------------------------------------------------------------------------------------------------

Report DRC

Table of Contents
-----------------
1. REPORT SUMMARY
2. REPORT DETAILS

1. REPORT SUMMARY
-----------------
            Netlist: netlist
          Floorplan: design_1
      Design limits: <entire design considered>
           Ruledeck: default
             Max violations: <unlimited>
             Violations found: 2
+----------+----------+-------------------+------------+
| Rule     | Severity | Description       | Violations |
+----------+----------+-------------------+------------+
| PDRC-153 | Warning  | Gated clock check | 2          |
+----------+----------+-------------------+------------+

2. REPORT DETAILS
-----------------
PDRC-153#1 Warning
Gated clock check  
Net U_CPUCore/U_DP/U_PC/E[0] is a gated clock net sourced by a combinational pin U_CPUCore/U_DP/U_PC/IDR_reg[3]_i_1/O, cell U_CPUCore/U_DP/U_PC/IDR_reg[3]_i_1. This is not good design practice and will likely impact performance. For SLICE registers, for example, use the CE pin to control the loading of data.
Related violations: <none>

PDRC-153#2 Warning
Gated clock check  
Net U_CPUCore/U_DP/U_PC/regFiles[4][13]_i_2_0[0] is a gated clock net sourced by a combinational pin U_CPUCore/U_DP/U_PC/IDR_reg[3]_i_1__0/O, cell U_CPUCore/U_DP/U_PC/IDR_reg[3]_i_1__0. This is not good design practice and will likely impact performance. For SLICE registers, for example, use the CE pin to control the loading of data.
Related violations: <none>


