Copyright 1986-2020 Xilinx, Inc. All Rights Reserved.
------------------------------------------------------------------------------------------------------------------------------------------
| Tool Version : Vivado v.2020.2 (lin64) Build 3064766 Wed Nov 18 09:12:47 MST 2020
| Date         : Wed May 15 20:44:20 2024
| Host         : DESKTOP-7CFQ9ND running 64-bit Ubuntu 20.04.6 LTS
| Command      : report_drc -file stopWatch_module_drc_routed.rpt -pb stopWatch_module_drc_routed.pb -rpx stopWatch_module_drc_routed.rpx
| Design       : stopWatch_module
| Device       : xc7a35tcpg236-1
| Speed File   : -1
| Design State : Fully Routed
------------------------------------------------------------------------------------------------------------------------------------------

Report DRC

Table of Contents
-----------------
1. REPORT SUMMARY
2. REPORT DETAILS

1. REPORT SUMMARY
-----------------
            Netlist: netlist
          Floorplan: design_1
      Design limits: <entire design considered>
           Ruledeck: default
             Max violations: <unlimited>
             Violations found: 1
+----------+----------+-------------------+------------+
| Rule     | Severity | Description       | Violations |
+----------+----------+-------------------+------------+
| PDRC-153 | Warning  | Gated clock check | 1          |
+----------+----------+-------------------+------------+

2. REPORT DETAILS
-----------------
PDRC-153#1 Warning
Gated clock check  
Net U_stopWatch_FSM/timerReset_reg_i_1_n_0 is a gated clock net sourced by a combinational pin U_stopWatch_FSM/timerReset_reg_i_1/O, cell U_stopWatch_FSM/timerReset_reg_i_1. This is not good design practice and will likely impact performance. For SLICE registers, for example, use the CE pin to control the loading of data.
Related violations: <none>


