Vivado Simulator 2020.2
Copyright 1986-1999, 2001-2020 Xilinx, Inc. All Rights Reserved.
Running: /home/yonn/Xilinx/Vivado/2020.2/bin/unwrapped/lnx64.o/xelab -wto 743ec8e014cb41c9b240015611473d6c --incr --debug typical --relax --mt 8 -L xil_defaultlib -L uvm -L unisims_ver -L unimacro_ver -L secureip --snapshot tb_RV32I_behav xil_defaultlib.tb_RV32I xil_defaultlib.glbl -log elaborate.log 
Using 8 slave threads.
Starting static elaboration
Pass Through NonSizing Optimizer
Completed static elaboration
Starting simulation data flow analysis
Completed simulation data flow analysis
Time Resolution for simulation is 1ps
Compiling module xil_defaultlib.ControlUnit
Compiling module xil_defaultlib.RegisterFile
Compiling module xil_defaultlib.mux_2x1
Compiling module xil_defaultlib.ALU
Compiling module xil_defaultlib.mux_4x1
Compiling module xil_defaultlib.extend
Compiling module xil_defaultlib.Register
Compiling module xil_defaultlib.adder
Compiling module xil_defaultlib.DataPath
Compiling module xil_defaultlib.CPU_core
Compiling module xil_defaultlib.Instruction_Memory
Compiling module xil_defaultlib.Data_RAM
Compiling module xil_defaultlib.decoder
Compiling module xil_defaultlib.mux
Compiling module xil_defaultlib.BUS_interconntor
Compiling module xil_defaultlib.GPIOx
Compiling module xil_defaultlib.GPIO_Bus
Compiling module xil_defaultlib.RV32I
Compiling module xil_defaultlib.tb_RV32I
Compiling module xil_defaultlib.glbl
Built simulation snapshot tb_RV32I_behav
