INFO: [VRFC 10-2263] Analyzing Verilog file "/home/yonn/vivado_project/20240604_RISCV_GPO_GPI_GPIO/20240604_RISCV_GPO_GPI_GPIO.srcs/sources_1/imports/Srcfile/sources_1/new/ControlUnit.v" into library xil_defaultlib
INFO: [VRFC 10-311] analyzing module ControlUnit
INFO: [VRFC 10-2263] Analyzing Verilog file "/home/yonn/vivado_project/20240604_RISCV_GPO_GPI_GPIO/20240604_RISCV_GPO_GPI_GPIO.srcs/sources_1/imports/Srcfile/sources_1/new/DataPath.v" into library xil_defaultlib
INFO: [VRFC 10-311] analyzing module DataPath
INFO: [VRFC 10-311] analyzing module RegFile
INFO: [VRFC 10-311] analyzing module Adder
INFO: [VRFC 10-311] analyzing module register
INFO: [VRFC 10-311] analyzing module ROM
INFO: [VRFC 10-311] analyzing module ALU
INFO: [VRFC 10-311] analyzing module mux_2x1
INFO: [VRFC 10-311] analyzing module ImmGen
INFO: [VRFC 10-311] analyzing module shifter
INFO: [VRFC 10-2263] Analyzing Verilog file "/home/yonn/vivado_project/20240604_RISCV_GPO_GPI_GPIO/20240604_RISCV_GPO_GPI_GPIO.srcs/sources_1/imports/Srcfile/sources_1/new/GPO.v" into library xil_defaultlib
INFO: [VRFC 10-311] analyzing module GPO
INFO: [VRFC 10-2263] Analyzing Verilog file "/home/yonn/vivado_project/20240604_RISCV_GPO_GPI_GPIO/20240604_RISCV_GPO_GPI_GPIO.srcs/sources_1/imports/Srcfile/sources_1/new/RAM.v" into library xil_defaultlib
INFO: [VRFC 10-311] analyzing module RAM
INFO: [VRFC 10-2263] Analyzing Verilog file "/home/yonn/vivado_project/20240604_RISCV_GPO_GPI_GPIO/20240604_RISCV_GPO_GPI_GPIO.srcs/sources_1/imports/Srcfile/sources_1/new/RV32I.v" into library xil_defaultlib
INFO: [VRFC 10-311] analyzing module RV32I
INFO: [VRFC 10-2263] Analyzing Verilog file "/home/yonn/vivado_project/20240604_RISCV_GPO_GPI_GPIO/20240604_RISCV_GPO_GPI_GPIO.srcs/sources_1/imports/Srcfile/sources_1/new/RV32I_MCU.v" into library xil_defaultlib
INFO: [VRFC 10-311] analyzing module RV32I_MCU
INFO: [VRFC 10-311] analyzing module decoder_bus
INFO: [VRFC 10-311] analyzing module mux_bus
INFO: [VRFC 10-2263] Analyzing Verilog file "/home/yonn/vivado_project/20240604_RISCV_GPO_GPI_GPIO/20240604_RISCV_GPO_GPI_GPIO.sim/sim_1/behav/xsim/glbl.v" into library xil_defaultlib
INFO: [VRFC 10-311] analyzing module glbl
