Vivado Simulator 2020.2
Copyright 1986-1999, 2001-2020 Xilinx, Inc. All Rights Reserved.
Running: /home/yonn/Xilinx/Vivado/2020.2/bin/unwrapped/lnx64.o/xelab -wto fd49bfdbebea4932be48269f09a8d42e --incr --debug typical --relax --mt 8 -L xil_defaultlib -L unisims_ver -L unimacro_ver -L secureip --snapshot RV32I_MCU_behav xil_defaultlib.RV32I_MCU xil_defaultlib.glbl -log elaborate.log 
Using 8 slave threads.
Starting static elaboration
Pass Through NonSizing Optimizer
Completed static elaboration
Starting simulation data flow analysis
Completed simulation data flow analysis
Time Resolution for simulation is 1ps
Compiling module xil_defaultlib.ControlUnit
Compiling module xil_defaultlib.mux_2x1
Compiling module xil_defaultlib.register
Compiling module xil_defaultlib.Adder
Compiling module xil_defaultlib.ROM
Compiling module xil_defaultlib.RegFile
Compiling module xil_defaultlib.ALU
Compiling module xil_defaultlib.ImmGen
Compiling module xil_defaultlib.shifter
Compiling module xil_defaultlib.DataPath
Compiling module xil_defaultlib.RV32I
Compiling module xil_defaultlib.decoder_bus
Compiling module xil_defaultlib.mux_bus
Compiling module xil_defaultlib.RAM
Compiling module xil_defaultlib.GPO
Compiling module xil_defaultlib.RV32I_MCU
Compiling module xil_defaultlib.glbl
Built simulation snapshot RV32I_MCU_behav
